*SIMULATION OVERVIEW FILE

*DSSAT Cropping System Model Ver. 4.0.2.000               Aug 15, 2016; 16:22:36
                                                                                
*RUN   1        : UYMZ                                                          
 MODEL          : MZCER040 - MAIZE                                              
 EXPERIMENT     : UYMZ0213 SN late to create DSS                                
 TREATMENT  1   : UYMZ                                                          
                                                                                
 CROP           : MAIZE          CULTIVAR : CMEDIO UY        ECOTYPE :IB0001    
 STARTING DATE  : AUG 12 1990                                                   
 PLANTING DATE  : AUG 15 1990    PLANTS/m2 :  7.0     ROW SPACING :  15.cm      
 WEATHER        : UYTA   1990                                                   
 SOIL           : UYSS0N2002     TEXTURE :       -  N20-02    SNIA CLAY RISS    
 SOIL INITIAL C : DEPTH:125cm EXTR. H2O:186.3mm  NO3: 74.8kg/ha  NH4: 23.9kg/ha 
 WATER BALANCE  : AUTOMATIC IRRIGATION - REFILL PROFILE                         
 IRRIGATION     : AUTOMATIC - PLANTING -> MATURITY [ SOIL DEPTH:30.00m 50.%]    
 NITROGEN BAL.  : SOIL-N & N-UPTAKE SIMULATION; NO N-FIXATION                   
 N-FERTILIZER   :       25 kg/ha IN     2 APPLICATIONS                          
 RESIDUE/MANURE : INITIAL :     0 kg/ha ;       0 kg/ha IN     0 APPLICATIONS   
 ENVIRONM. OPT. : DAYL=    0.00  SRAD=    0.00  TMAX=    0.00  TMIN=    0.00    
                  RAIN=    0.00  CO2 = R330.00  DEW =    0.00  WIND=    0.00    
 SIMULATION OPT : WATER   :Y  NITROGEN:Y  N-FIX:N  PHOSPH :N  PESTS  :N         
                  PHOTO   :C  ET      :R  INFIL:S  HYDROL :R  SOM    :G         
 MANAGEMENT OPT : PLANTING:R  IRRIG   :A  FERT :D  RESIDUE:N  HARVEST:M  WTH:M  
                                                                                
*SUMMARY OF SOIL AND GENETIC INPUT PARAMETERS                                   
                                                                                
   SOIL LOWER UPPER   SAT  EXTR  INIT   ROOT   BULK     pH    NO3    NH4    ORG 
  DEPTH LIMIT LIMIT    SW    SW    SW   DIST   DENS                          C  
   cm   cm3/cm3    cm3/cm3    cm3/cm3         g/cm3         ugN/g  ugN/g     %  
------------------------------------------------------------------------------- 
  0-  5 0.331 0.542 0.585 0.211 0.394   1.00   1.11   6.50  15.00   1.50   2.74 
  5- 15 0.331 0.542 0.585 0.211 0.394   1.00   1.11   6.50  15.00   1.50   2.74 
 15- 30 0.331 0.542 0.585 0.211 0.394   1.00   1.11   6.50  15.00   1.50   2.74 
 30- 45 0.290 0.438 0.491 0.148 0.334   0.43   1.26   6.50   8.50   1.50   1.07 
 45- 60 0.292 0.431 0.480 0.138 0.375   0.39   1.29   6.27   4.53   1.50   0.90 
 60- 90 0.293 0.419 0.466 0.126 0.419   0.32   1.34   6.00   0.00   1.50   0.64 
 90-108 0.286 0.408 0.460 0.122 0.408   0.23   1.36   6.00   0.00   1.50   0.35 
108-125 0.276 0.395 0.456 0.119 0.395   0.12   1.38   6.00   0.00   1.50   0.14 
                                                                                
TOT-125  37.3  55.9  62.1  18.6  49.1  <--cm   -  kg/ha-->   74.8   23.9 166127 
SOIL ALBEDO    : 0.09      EVAPORATION LIMIT : 6.00         MIN. FACTOR  : 1.00 
RUNOFF CURVE # :10.00      DRAINAGE RATE     : 0.40         FERT. FACTOR : 1.00 
                                                                                
 MAIZE      CULTIVAR :UY0370-CMEDIO UY          ECOTYPE :IB0001                 
 P1     : 280.00  P2     : 0.0000  P5     : 750.00                              
 G2     : 800.00  G3     :  7.500  PHINT  : 38.900                              
                                                                                
                                                                                
                                                                                
*SIMULATED CROP AND SOIL STATUS AT MAIN DEVELOPMENT STAGES

 RUN NO.     1     UYMZ                    

        CROP GROWTH   BIOMASS         LEAF   CROP N     STRESS  
   DATE  AGE STAGE      kg/ha    LAI   NUM  kg/ha  %   H2O    N 
 ------  --- ---------- -----  -----  ----  ---  ---  ----  ----
 12 AUG    0 Start Sim      0   0.00   0.0    0  0.0  0.00  0.00
 15 AUG    0 Sowing         0   0.00   0.0    0  0.0  0.00  0.00
 16 AUG    1 Germinate      0   0.00   0.0    0  0.0  0.00  0.00
 26 AUG   11 Emergence     28   0.00   1.9    1  4.4  0.00  0.00
  7 OCT   53 End Juveni   336   0.60   9.6   12  3.7  0.00  0.00
 11 OCT   57 Floral Ini   472   0.79  10.6   17  3.7  0.00  0.01
 26 NOV  103 75% Silkin  8277   3.94  22.1  105  1.3  0.00  0.05
 11 DEC  118 Beg Gr Fil 10230   3.42  22.1  115  1.1  0.00  0.07
 21 JAN  159 End Gr Fil 18842   1.41  22.1  142  0.8  0.00  0.22
 24 JAN  162 Maturity   18842   1.41  22.1  142  0.8  0.00  0.53
 24 JAN  162 Harvest    18842   1.41  22.1  142  0.8  0.00  0.00


*MAIN GROWTH AND DEVELOPMENT VARIABLES

@     VARIABLE                          SIMULATED     MEASURED
      --------                          ---------     --------
      Anthesis day (dap)                      103          -99
      Physiological maturity day (dap)        162          -99
      Yield at harvest maturity (kg [dm]/    8908          -99
      Number at maturity (no/m2)             3422          -99
      Unit wt at maturity (g [dm]/unit)    0.2603          -99
      Number at maturity (no/unit)          488.8          -99
      Tops weight at maturity (kg [dm]/ha   18842          -99
      By-product produced (stalk) at matu   10015          -99
      Leaf area index, maximum               4.03          -99
      Harvest index at maturity             0.473          -99
      Grain N at maturity (kg/ha)             101          -99
      Tops N at maturity (kg/ha)              142          -99
      Stem N at maturity (kg/ha)               41          -99
      Grain N at maturity (%)                 1.1          -99
      Tops weight at anthesis (kg [dm]/ha    8141          -99
      Tops N at anthesis (kg/ha)              104          -99
      Leaf number per stem at maturity      22.13          -99


*ENVIRONMENTAL AND STRESS FACTORS

 |-----Development Phase------|-------------Environment--------------|---------Stress----------|
                              |--------Average-------|---Cumulative--|  (0=Min, 1=Max Stress)  |
                         Time  Temp  Temp Solar Photop         Evapo |----Water---|--Nitrogen--|
                         Span   Max   Min   Rad  [day]   Rain  Trans  Photo         Photo
                         days    øC    øC MJ/m2     hr     mm     mm  synth Growth  synth Growth
------------------------------------------------------------------------------------------------
 Emergence-End Juvenile    42  18.9   8.2  14.9  11.80  130.0   71.3  0.000  0.000  0.002  0.001
 End Juvenil-Floral Init    4  21.8  14.5  12.9  12.55   68.4   13.1  0.000  0.000  0.001  0.001
 Floral Init-End Lf Grow   46  25.0  14.4  20.9  13.28  171.5  204.3  0.000  0.000  0.128  0.051
 End Lf Grth-Beg Grn Fil   15  25.5  14.1  22.7  13.94  135.7   70.1  0.000  0.000  0.196  0.078
 Grain Filling Phase       41  27.3  14.7  25.8  14.00  154.5  237.3  0.000  0.000  0.431  0.213

                     Maize YIELD :     8908 kg/ha    [Dry weight] 

************************************************************************************************

*DSSAT Cropping System Model Ver. 4.0.2.000               Aug 15, 2016; 16:22:36
                                                                                
*RUN   2        : UYMZ                                                          
 MODEL          : MZCER040 - MAIZE                                              
 EXPERIMENT     : UYMZ0213 SN late to create DSS                                
 TREATMENT  1   : UYMZ                                                          
                                                                                
 CROP           : MAIZE          CULTIVAR : CMEDIO UY        ECOTYPE :IB0001    
 STARTING DATE  : AUG 12 1990                                                   
 PLANTING DATE  : AUG 15 1990    PLANTS/m2 :  7.0     ROW SPACING :  15.cm      
 WEATHER        : UYTA   1990                                                   
 SOIL           : UYSS0N2002     TEXTURE :       -  N20-02    SNIA CLAY RISS    
 SOIL INITIAL C : DEPTH:125cm EXTR. H2O:186.3mm  NO3: 74.8kg/ha  NH4: 23.9kg/ha 
 WATER BALANCE  : AUTOMATIC IRRIGATION - REFILL PROFILE                         
 IRRIGATION     : AUTOMATIC - PLANTING -> MATURITY [ SOIL DEPTH:30.00m 50.%]    
 NITROGEN BAL.  : SOIL-N & N-UPTAKE SIMULATION; NO N-FIXATION                   
 N-FERTILIZER   :       25 kg/ha IN     2 APPLICATIONS                          
 RESIDUE/MANURE : INITIAL :     0 kg/ha ;       0 kg/ha IN     0 APPLICATIONS   
 ENVIRONM. OPT. : DAYL=    0.00  SRAD=    0.00  TMAX=    0.00  TMIN=    0.00    
                  RAIN=    0.00  CO2 = R330.00  DEW =    0.00  WIND=    0.00    
 SIMULATION OPT : WATER   :Y  NITROGEN:Y  N-FIX:N  PHOSPH :N  PESTS  :N         
                  PHOTO   :C  ET      :R  INFIL:S  HYDROL :R  SOM    :G         
 MANAGEMENT OPT : PLANTING:R  IRRIG   :A  FERT :D  RESIDUE:N  HARVEST:M  WTH:M  
                                                                                
*SUMMARY OF SOIL AND GENETIC INPUT PARAMETERS                                   
                                                                                
   SOIL LOWER UPPER   SAT  EXTR  INIT   ROOT   BULK     pH    NO3    NH4    ORG 
  DEPTH LIMIT LIMIT    SW    SW    SW   DIST   DENS                          C  
   cm   cm3/cm3    cm3/cm3    cm3/cm3         g/cm3         ugN/g  ugN/g     %  
------------------------------------------------------------------------------- 
  0-  5 0.331 0.542 0.585 0.211 0.394   1.00   1.11   6.50  15.00   1.50   2.74 
  5- 15 0.331 0.542 0.585 0.211 0.394   1.00   1.11   6.50  15.00   1.50   2.74 
 15- 30 0.331 0.542 0.585 0.211 0.394   1.00   1.11   6.50  15.00   1.50   2.74 
 30- 45 0.290 0.438 0.491 0.148 0.334   0.43   1.26   6.50   8.50   1.50   1.07 
 45- 60 0.292 0.431 0.480 0.138 0.375   0.39   1.29   6.27   4.53   1.50   0.90 
 60- 90 0.293 0.419 0.466 0.126 0.419   0.32   1.34   6.00   0.00   1.50   0.64 
 90-108 0.286 0.408 0.460 0.122 0.408   0.23   1.36   6.00   0.00   1.50   0.35 
108-125 0.276 0.395 0.456 0.119 0.395   0.12   1.38   6.00   0.00   1.50   0.14 
                                                                                
TOT-125  37.3  55.9  62.1  18.6  49.1  <--cm   -  kg/ha-->   74.8   23.9 166127 
SOIL ALBEDO    : 0.09      EVAPORATION LIMIT : 6.00         MIN. FACTOR  : 1.00 
RUNOFF CURVE # :10.00      DRAINAGE RATE     : 0.40         FERT. FACTOR : 1.00 
                                                                                
 MAIZE      CULTIVAR :UY0370-CMEDIO UY          ECOTYPE :IB0001                 
 P1     : 280.00  P2     : 0.0000  P5     : 750.00                              
 G2     : 800.00  G3     :  7.500  PHINT  : 38.900                              
                                                                                
                                                                                
                                                                                
*SIMULATED CROP AND SOIL STATUS AT MAIN DEVELOPMENT STAGES

 RUN NO.     2     UYMZ                    

        CROP GROWTH   BIOMASS         LEAF   CROP N     STRESS  
   DATE  AGE STAGE      kg/ha    LAI   NUM  kg/ha  %   H2O    N 
 ------  --- ---------- -----  -----  ----  ---  ---  ----  ----
 12 AUG    0 Start Sim      0   0.00   0.0    0  0.0  0.00  0.00
 15 AUG    0 Sowing         0   0.00   0.0    0  0.0  0.00  0.00
 16 AUG    1 Germinate      0   0.00   0.0    0  0.0  0.00  0.00
 22 AUG    7 Emergence     28   0.00   2.0    1  4.4  0.00  0.00
 21 SEP   37 End Juveni   326   0.61   9.6   12  3.6  0.00  0.00
 25 SEP   41 Floral Ini   425   0.69  10.3   16  3.7  0.00  0.01
 22 NOV   99 75% Silkin  7713   3.33  21.5  101  1.3  0.00  0.05
  5 DEC  112 Beg Gr Fil  9999   2.96  21.5  108  1.1  0.00  0.07
 11 JAN  149 End Gr Fil 18066   1.35  21.5  139  0.8  0.00  0.20
 14 JAN  152 Maturity   18066   1.35  21.5  139  0.8  0.00  0.43
 14 JAN  152 Harvest    18066   1.35  21.5  139  0.8  0.00  0.00


*MAIN GROWTH AND DEVELOPMENT VARIABLES

@     VARIABLE                          SIMULATED     MEASURED
      --------                          ---------     --------
      Anthesis day (dap)                       99          -99
      Physiological maturity day (dap)        152          -99
      Yield at harvest maturity (kg [dm]/    8407          -99
      Number at maturity (no/m2)             3246          -99
      Unit wt at maturity (g [dm]/unit)    0.2590          -99
      Number at maturity (no/unit)          463.7          -99
      Tops weight at maturity (kg [dm]/ha   18066          -99
      By-product produced (stalk) at matu    9731          -99
      Leaf area index, maximum               3.48          -99
      Harvest index at maturity             0.465          -99
      Grain N at maturity (kg/ha)              97          -99
      Tops N at maturity (kg/ha)              139          -99
      Stem N at maturity (kg/ha)               42          -99
      Grain N at maturity (%)                 1.2          -99
      Tops weight at anthesis (kg [dm]/ha    7516          -99
      Tops N at anthesis (kg/ha)              100          -99
      Leaf number per stem at maturity      21.49          -99


*ENVIRONMENTAL AND STRESS FACTORS

 |-----Development Phase------|-------------Environment--------------|---------Stress----------|
                              |--------Average-------|---Cumulative--|  (0=Min, 1=Max Stress)  |
                         Time  Temp  Temp Solar Photop         Evapo |----Water---|--Nitrogen--|
                         Span   Max   Min   Rad  [day]   Rain  Trans  Photo         Photo
                         days    øC    øC MJ/m2     hr     mm     mm  synth Growth  synth Growth
------------------------------------------------------------------------------------------------
 Emergence-End Juvenile    30  21.5  12.1  12.0  11.47  117.9   49.2  0.000  0.000  0.002  0.001
 End Juvenil-Floral Init    4  21.8   8.6  16.5  12.02    0.0   10.4  0.000  0.000  0.001  0.000
 Floral Init-End Lf Grow   58  21.9  11.4  18.6  12.99  193.3  206.3  0.000  0.000  0.118  0.047
 End Lf Grth-Beg Grn Fil   13  26.7  15.0  21.1  13.87  123.1   62.1  0.000  0.000  0.191  0.076
 Grain Filling Phase       37  28.1  17.4  22.6  14.03  183.0  187.8  0.000  0.000  0.423  0.187

                     Maize YIELD :     8407 kg/ha    [Dry weight] 

************************************************************************************************

*DSSAT Cropping System Model Ver. 4.0.2.000               Aug 15, 2016; 16:22:36
                                                                                
*RUN   3        : UYMZ                                                          
 MODEL          : MZCER040 - MAIZE                                              
 EXPERIMENT     : UYMZ0213 SN late to create DSS                                
 TREATMENT  1   : UYMZ                                                          
                                                                                
 CROP           : MAIZE          CULTIVAR : CMEDIO UY        ECOTYPE :IB0001    
 STARTING DATE  : AUG 12 1990                                                   
 PLANTING DATE  : AUG 15 1990    PLANTS/m2 :  7.0     ROW SPACING :  15.cm      
 WEATHER        : UYTA   1990                                                   
 SOIL           : UYSS0N2002     TEXTURE :       -  N20-02    SNIA CLAY RISS    
 SOIL INITIAL C : DEPTH:125cm EXTR. H2O:186.3mm  NO3: 74.8kg/ha  NH4: 23.9kg/ha 
 WATER BALANCE  : AUTOMATIC IRRIGATION - REFILL PROFILE                         
 IRRIGATION     : AUTOMATIC - PLANTING -> MATURITY [ SOIL DEPTH:30.00m 50.%]    
 NITROGEN BAL.  : SOIL-N & N-UPTAKE SIMULATION; NO N-FIXATION                   
 N-FERTILIZER   :       25 kg/ha IN     2 APPLICATIONS                          
 RESIDUE/MANURE : INITIAL :     0 kg/ha ;       0 kg/ha IN     0 APPLICATIONS   
 ENVIRONM. OPT. : DAYL=    0.00  SRAD=    0.00  TMAX=    0.00  TMIN=    0.00    
                  RAIN=    0.00  CO2 = R330.00  DEW =    0.00  WIND=    0.00    
 SIMULATION OPT : WATER   :Y  NITROGEN:Y  N-FIX:N  PHOSPH :N  PESTS  :N         
                  PHOTO   :C  ET      :R  INFIL:S  HYDROL :R  SOM    :G         
 MANAGEMENT OPT : PLANTING:R  IRRIG   :A  FERT :D  RESIDUE:N  HARVEST:M  WTH:M  
                                                                                
*SUMMARY OF SOIL AND GENETIC INPUT PARAMETERS                                   
                                                                                
   SOIL LOWER UPPER   SAT  EXTR  INIT   ROOT   BULK     pH    NO3    NH4    ORG 
  DEPTH LIMIT LIMIT    SW    SW    SW   DIST   DENS                          C  
   cm   cm3/cm3    cm3/cm3    cm3/cm3         g/cm3         ugN/g  ugN/g     %  
------------------------------------------------------------------------------- 
  0-  5 0.331 0.542 0.585 0.211 0.394   1.00   1.11   6.50  15.00   1.50   2.74 
  5- 15 0.331 0.542 0.585 0.211 0.394   1.00   1.11   6.50  15.00   1.50   2.74 
 15- 30 0.331 0.542 0.585 0.211 0.394   1.00   1.11   6.50  15.00   1.50   2.74 
 30- 45 0.290 0.438 0.491 0.148 0.334   0.43   1.26   6.50   8.50   1.50   1.07 
 45- 60 0.292 0.431 0.480 0.138 0.375   0.39   1.29   6.27   4.53   1.50   0.90 
 60- 90 0.293 0.419 0.466 0.126 0.419   0.32   1.34   6.00   0.00   1.50   0.64 
 90-108 0.286 0.408 0.460 0.122 0.408   0.23   1.36   6.00   0.00   1.50   0.35 
108-125 0.276 0.395 0.456 0.119 0.395   0.12   1.38   6.00   0.00   1.50   0.14 
                                                                                
TOT-125  37.3  55.9  62.1  18.6  49.1  <--cm   -  kg/ha-->   74.8   23.9 166127 
SOIL ALBEDO    : 0.09      EVAPORATION LIMIT : 6.00         MIN. FACTOR  : 1.00 
RUNOFF CURVE # :10.00      DRAINAGE RATE     : 0.40         FERT. FACTOR : 1.00 
                                                                                
 MAIZE      CULTIVAR :UY0370-CMEDIO UY          ECOTYPE :IB0001                 
 P1     : 280.00  P2     : 0.0000  P5     : 750.00                              
 G2     : 800.00  G3     :  7.500  PHINT  : 38.900                              
                                                                                
                                                                                
                                                                                
*SIMULATED CROP AND SOIL STATUS AT MAIN DEVELOPMENT STAGES

 RUN NO.     3     UYMZ                    

        CROP GROWTH   BIOMASS         LEAF   CROP N     STRESS  
   DATE  AGE STAGE      kg/ha    LAI   NUM  kg/ha  %   H2O    N 
 ------  --- ---------- -----  -----  ----  ---  ---  ----  ----
 11 AUG    0 Start Sim      0   0.00   0.0    0  0.0  0.00  0.00
 14 AUG    0 Sowing         0   0.00   0.0    0  0.0  0.00  0.00
 15 AUG    1 Germinate      0   0.00   0.0    0  0.0  0.00  0.00
 23 AUG    9 Emergence     28   0.00   1.8    1  4.4  0.00  0.00
  1 OCT   48 End Juveni   331   0.49   9.7   12  3.7  0.00  0.00
  5 OCT   52 Floral Ini   490   0.73  10.6   18  3.7  0.00  0.01
 30 NOV  108 75% Silkin  8289   3.30  22.1  104  1.3  0.00  0.05
 13 DEC  121 Beg Gr Fil 10485   2.87  22.1  111  1.1  0.00  0.08
 19 JAN  158 End Gr Fil 18376   1.18  22.1  136  0.7  0.00  0.25
 21 JAN  160 Maturity   18376   1.18  22.1  136  0.7  0.00  0.52
 21 JAN  160 Harvest    18376   1.18  22.1  136  0.7  0.00  0.00


*MAIN GROWTH AND DEVELOPMENT VARIABLES

@     VARIABLE                          SIMULATED     MEASURED
      --------                          ---------     --------
      Anthesis day (dap)                      108          -99
      Physiological maturity day (dap)        160          -99
      Yield at harvest maturity (kg [dm]/    9269          -99
      Number at maturity (no/m2)             3557          -99
      Unit wt at maturity (g [dm]/unit)    0.2606          -99
      Number at maturity (no/unit)          508.2          -99
      Tops weight at maturity (kg [dm]/ha   18376          -99
      By-product produced (stalk) at matu    9186          -99
      Leaf area index, maximum               3.43          -99
      Harvest index at maturity             0.504          -99
      Grain N at maturity (kg/ha)             100          -99
      Tops N at maturity (kg/ha)              136          -99
      Stem N at maturity (kg/ha)               37          -99
      Grain N at maturity (%)                 1.1          -99
      Tops weight at anthesis (kg [dm]/ha    8107          -99
      Tops N at anthesis (kg/ha)              104          -99
      Leaf number per stem at maturity      22.14          -99


*ENVIRONMENTAL AND STRESS FACTORS

 |-----Development Phase------|-------------Environment--------------|---------Stress----------|
                              |--------Average-------|---Cumulative--|  (0=Min, 1=Max Stress)  |
                         Time  Temp  Temp Solar Photop         Evapo |----Water---|--Nitrogen--|
                         Span   Max   Min   Rad  [day]   Rain  Trans  Photo         Photo
                         days    øC    øC MJ/m2     hr     mm     mm  synth Growth  synth Growth
------------------------------------------------------------------------------------------------
 Emergence-End Juvenile    39  19.7   8.9  15.1  11.68   61.6   63.9  0.000  0.000  0.002  0.001
 End Juvenil-Floral Init    4  23.7  11.4  16.2  12.39    2.0    8.2  0.000  0.000  0.001  0.000
 Floral Init-End Lf Grow   56  23.8  10.6  22.7  13.27  107.6  253.5  0.000  0.000  0.121  0.048
 End Lf Grth-Beg Grn Fil   13  27.4  15.0  24.4  13.99   64.0   72.3  0.000  0.000  0.218  0.087
 Grain Filling Phase       37  28.3  17.6  22.3  14.00  297.1  189.0  0.000  0.000  0.483  0.240

                     Maize YIELD :     9269 kg/ha    [Dry weight] 

************************************************************************************************
