*SIMULATION OVERVIEW FILE

*DSSAT Cropping System Model Ver. 4.0.2.000               Aug 03, 2016; 15:29:28
                                                                                
*RUN   1        : UYMZ                                                          
 MODEL          : MZCER040 - MAIZE                                              
 EXPERIMENT     : UYMZ0128 SN late to create DSS                                
 TREATMENT  1   : UYMZ                                                          
                                                                                
 CROP           : MAIZE          CULTIVAR : CMEDIO UY        ECOTYPE :IB0001    
 STARTING DATE  : JUL 31 1990                                                   
 PLANTING DATE  : AUG  3 1990    PLANTS/m2 :  7.0     ROW SPACING :  15.cm      
 WEATHER        : UYTA   1990                                                   
 SOIL           : UYSS0N2002     TEXTURE :       -  N20-02    SNIA CLAY RISS    
 SOIL INITIAL C : DEPTH:125cm EXTR. H2O:186.3mm  NO3: 74.8kg/ha  NH4: 23.9kg/ha 
 WATER BALANCE  : RAINFED                                                       
 IRRIGATION     : NOT IRRIGATED                                                 
 NITROGEN BAL.  : SOIL-N & N-UPTAKE SIMULATION; NO N-FIXATION                   
 N-FERTILIZER   : NO N-FERTILIZER APPLIED                                       
 RESIDUE/MANURE : INITIAL :     0 kg/ha ;       0 kg/ha IN     0 APPLICATIONS   
 ENVIRONM. OPT. : DAYL=    0.00  SRAD=    0.00  TMAX=    0.00  TMIN=    0.00    
                  RAIN=    0.00  CO2 = R330.00  DEW =    0.00  WIND=    0.00    
 SIMULATION OPT : WATER   :Y  NITROGEN:Y  N-FIX:N  PHOSPH :N  PESTS  :N         
                  PHOTO   :C  ET      :R  INFIL:S  HYDROL :R  SOM    :G         
 MANAGEMENT OPT : PLANTING:R  IRRIG   :N  FERT :N  RESIDUE:N  HARVEST:M  WTH:M  
                                                                                
*SUMMARY OF SOIL AND GENETIC INPUT PARAMETERS                                   
                                                                                
   SOIL LOWER UPPER   SAT  EXTR  INIT   ROOT   BULK     pH    NO3    NH4    ORG 
  DEPTH LIMIT LIMIT    SW    SW    SW   DIST   DENS                          C  
   cm   cm3/cm3    cm3/cm3    cm3/cm3         g/cm3         ugN/g  ugN/g     %  
------------------------------------------------------------------------------- 
  0-  5 0.331 0.542 0.585 0.211 0.394   1.00   1.11   6.50  15.00   1.50   2.74 
  5- 15 0.331 0.542 0.585 0.211 0.394   1.00   1.11   6.50  15.00   1.50   2.74 
 15- 30 0.331 0.542 0.585 0.211 0.394   1.00   1.11   6.50  15.00   1.50   2.74 
 30- 45 0.290 0.438 0.491 0.148 0.334   0.43   1.26   6.50   8.50   1.50   1.07 
 45- 60 0.292 0.431 0.480 0.138 0.375   0.39   1.29   6.27   4.53   1.50   0.90 
 60- 90 0.293 0.419 0.466 0.126 0.419   0.32   1.34   6.00   0.00   1.50   0.64 
 90-108 0.286 0.408 0.460 0.122 0.408   0.23   1.36   6.00   0.00   1.50   0.35 
108-125 0.276 0.395 0.456 0.119 0.395   0.12   1.38   6.00   0.00   1.50   0.14 
                                                                                
TOT-125  37.3  55.9  62.1  18.6  49.1  <--cm   -  kg/ha-->   74.8   23.9 166127 
SOIL ALBEDO    : 0.09      EVAPORATION LIMIT : 6.00         MIN. FACTOR  : 1.00 
RUNOFF CURVE # :10.00      DRAINAGE RATE     : 0.40         FERT. FACTOR : 1.00 
                                                                                
 MAIZE      CULTIVAR :UY0370-CMEDIO UY          ECOTYPE :IB0001                 
 P1     : 280.00  P2     : 0.0000  P5     : 750.00                              
 G2     : 800.00  G3     :  7.500  PHINT  : 38.900                              
                                                                                
                                                                                
                                                                                
*SIMULATED CROP AND SOIL STATUS AT MAIN DEVELOPMENT STAGES

 RUN NO.     1     UYMZ                    

        CROP GROWTH   BIOMASS         LEAF   CROP N     STRESS  
   DATE  AGE STAGE      kg/ha    LAI   NUM  kg/ha  %   H2O    N 
 ------  --- ---------- -----  -----  ----  ---  ---  ----  ----
 31 JUL    0 Start Sim      0   0.00   0.0    0  0.0  0.00  0.00
  3 AUG    0 Sowing         0   0.00   0.0    0  0.0  0.00  0.00
 15 AUG   12 Germinate      0   0.00   0.0    0  0.0  0.00  0.00
 25 AUG   22 Emergence     28   0.00   1.9    1  4.4  0.00  0.00
  6 OCT   64 End Juveni   327   0.57   9.6   12  3.7  0.00  0.00
 10 OCT   68 Floral Ini   462   0.77  10.6   17  3.7  0.00  0.01
 25 NOV  114 75% Silkin  8374   4.08  22.3  113  1.4  0.00  0.04
  9 DEC  128 Beg Gr Fil 10441   3.66  22.3  122  1.2  0.00  0.06
 20 JAN  170 End Gr Fil 19584   1.32  22.3  142  0.7  0.00  0.28
 23 JAN  173 Maturity   19584   1.32  22.3  142  0.7  0.00  0.63
 23 JAN  173 Harvest    19584   1.32  22.3  142  0.7  0.00  0.00


*MAIN GROWTH AND DEVELOPMENT VARIABLES

@     VARIABLE                          SIMULATED     MEASURED
      --------                          ---------     --------
      Anthesis day (dap)                      114          -99
      Physiological maturity day (dap)        173          -99
      Yield at harvest maturity (kg [dm]/    9807          -99
      Number at maturity (no/m2)             3745          -99
      Unit wt at maturity (g [dm]/unit)    0.2619          -99
      Number at maturity (no/unit)          535.0          -99
      Tops weight at maturity (kg [dm]/ha   19584          -99
      By-product produced (stalk) at matu    9856          -99
      Leaf area index, maximum               4.13          -99
      Harvest index at maturity             0.501          -99
      Grain N at maturity (kg/ha)             104          -99
      Tops N at maturity (kg/ha)              142          -99
      Stem N at maturity (kg/ha)               38          -99
      Grain N at maturity (%)                 1.1          -99
      Tops weight at anthesis (kg [dm]/ha    8169          -99
      Tops N at anthesis (kg/ha)              112          -99
      Leaf number per stem at maturity      22.34          -99


*ENVIRONMENTAL AND STRESS FACTORS

 |-----Development Phase------|-------------Environment--------------|---------Stress----------|
                              |--------Average-------|---Cumulative--|  (0=Min, 1=Max Stress)  |
                         Time  Temp  Temp Solar Photop         Evapo |----Water---|--Nitrogen--|
                         Span   Max   Min   Rad  [day]   Rain  Trans  Photo         Photo
                         days    øC    øC MJ/m2     hr     mm     mm  synth Growth  synth Growth
------------------------------------------------------------------------------------------------
 Emergence-End Juvenile    42  18.9   7.9  15.0  11.76  130.0   70.3  0.000  0.000  0.002  0.001
 End Juvenil-Floral Init    4  21.0  16.5   8.8  12.52   68.4   11.4  0.000  0.000  0.000  0.000
 Floral Init-End Lf Grow   46  24.8  14.2  20.9  13.25  171.5  204.2  0.000  0.000  0.101  0.040
 End Lf Grth-Beg Grn Fil   14  26.2  14.4  23.4  13.92  135.7   71.1  0.000  0.000  0.163  0.065
 Grain Filling Phase       42  27.0  14.7  25.4  14.00  154.5  224.2  0.000  0.000  0.482  0.265

                     Maize YIELD :     9807 kg/ha    [Dry weight] 

************************************************************************************************

*DSSAT Cropping System Model Ver. 4.0.2.000               Aug 03, 2016; 15:29:28
                                                                                
*RUN   2        : UYMZ                                                          
 MODEL          : MZCER040 - MAIZE                                              
 EXPERIMENT     : UYMZ0128 SN late to create DSS                                
 TREATMENT  1   : UYMZ                                                          
                                                                                
 CROP           : MAIZE          CULTIVAR : CMEDIO UY        ECOTYPE :IB0001    
 STARTING DATE  : JUL 31 1990                                                   
 PLANTING DATE  : AUG  3 1990    PLANTS/m2 :  7.0     ROW SPACING :  15.cm      
 WEATHER        : UYTA   1990                                                   
 SOIL           : UYSS0N2002     TEXTURE :       -  N20-02    SNIA CLAY RISS    
 SOIL INITIAL C : DEPTH:125cm EXTR. H2O:186.3mm  NO3: 74.8kg/ha  NH4: 23.9kg/ha 
 WATER BALANCE  : RAINFED                                                       
 IRRIGATION     : NOT IRRIGATED                                                 
 NITROGEN BAL.  : SOIL-N & N-UPTAKE SIMULATION; NO N-FIXATION                   
 N-FERTILIZER   : NO N-FERTILIZER APPLIED                                       
 RESIDUE/MANURE : INITIAL :     0 kg/ha ;       0 kg/ha IN     0 APPLICATIONS   
 ENVIRONM. OPT. : DAYL=    0.00  SRAD=    0.00  TMAX=    0.00  TMIN=    0.00    
                  RAIN=    0.00  CO2 = R330.00  DEW =    0.00  WIND=    0.00    
 SIMULATION OPT : WATER   :Y  NITROGEN:Y  N-FIX:N  PHOSPH :N  PESTS  :N         
                  PHOTO   :C  ET      :R  INFIL:S  HYDROL :R  SOM    :G         
 MANAGEMENT OPT : PLANTING:R  IRRIG   :N  FERT :N  RESIDUE:N  HARVEST:M  WTH:M  
                                                                                
*SUMMARY OF SOIL AND GENETIC INPUT PARAMETERS                                   
                                                                                
   SOIL LOWER UPPER   SAT  EXTR  INIT   ROOT   BULK     pH    NO3    NH4    ORG 
  DEPTH LIMIT LIMIT    SW    SW    SW   DIST   DENS                          C  
   cm   cm3/cm3    cm3/cm3    cm3/cm3         g/cm3         ugN/g  ugN/g     %  
------------------------------------------------------------------------------- 
  0-  5 0.331 0.542 0.585 0.211 0.394   1.00   1.11   6.50  15.00   1.50   2.74 
  5- 15 0.331 0.542 0.585 0.211 0.394   1.00   1.11   6.50  15.00   1.50   2.74 
 15- 30 0.331 0.542 0.585 0.211 0.394   1.00   1.11   6.50  15.00   1.50   2.74 
 30- 45 0.290 0.438 0.491 0.148 0.334   0.43   1.26   6.50   8.50   1.50   1.07 
 45- 60 0.292 0.431 0.480 0.138 0.375   0.39   1.29   6.27   4.53   1.50   0.90 
 60- 90 0.293 0.419 0.466 0.126 0.419   0.32   1.34   6.00   0.00   1.50   0.64 
 90-108 0.286 0.408 0.460 0.122 0.408   0.23   1.36   6.00   0.00   1.50   0.35 
108-125 0.276 0.395 0.456 0.119 0.395   0.12   1.38   6.00   0.00   1.50   0.14 
                                                                                
TOT-125  37.3  55.9  62.1  18.6  49.1  <--cm   -  kg/ha-->   74.8   23.9 166127 
SOIL ALBEDO    : 0.09      EVAPORATION LIMIT : 6.00         MIN. FACTOR  : 1.00 
RUNOFF CURVE # :10.00      DRAINAGE RATE     : 0.40         FERT. FACTOR : 1.00 
                                                                                
 MAIZE      CULTIVAR :UY0370-CMEDIO UY          ECOTYPE :IB0001                 
 P1     : 280.00  P2     : 0.0000  P5     : 750.00                              
 G2     : 800.00  G3     :  7.500  PHINT  : 38.900                              
                                                                                
                                                                                
                                                                                
*SIMULATED CROP AND SOIL STATUS AT MAIN DEVELOPMENT STAGES

 RUN NO.     2     UYMZ                    

        CROP GROWTH   BIOMASS         LEAF   CROP N     STRESS  
   DATE  AGE STAGE      kg/ha    LAI   NUM  kg/ha  %   H2O    N 
 ------  --- ---------- -----  -----  ----  ---  ---  ----  ----
 31 JUL    0 Start Sim      0   0.00   0.0    0  0.0  0.00  0.00
  3 AUG    0 Sowing         0   0.00   0.0    0  0.0  0.00  0.00
  4 AUG    1 Germinate      0   0.00   0.0    0  0.0  0.00  0.00
 16 AUG   13 Emergence     28   0.00   2.0    1  4.4  0.00  0.00
 14 SEP   42 End Juveni   366   0.67   9.9   14  3.9  0.00  0.00
 18 SEP   46 Floral Ini   498   0.85  10.7   18  3.7  0.00  0.01
 19 NOV  108 75% Silkin  7853   3.26  22.1  103  1.3  0.00  0.05
  3 DEC  122 Beg Gr Fil 10221   2.85  22.1  109  1.1  0.00  0.08
  9 JAN  159 End Gr Fil 18193   1.15  22.1  132  0.7  0.00  0.26
 11 JAN  161 Maturity   18193   1.15  22.1  132  0.7  0.00  0.52
 11 JAN  161 Harvest    18193   1.15  22.1  132  0.7  0.00  0.00


*MAIN GROWTH AND DEVELOPMENT VARIABLES

@     VARIABLE                          SIMULATED     MEASURED
      --------                          ---------     --------
      Anthesis day (dap)                      108          -99
      Physiological maturity day (dap)        161          -99
      Yield at harvest maturity (kg [dm]/    8717          -99
      Number at maturity (no/m2)             3365          -99
      Unit wt at maturity (g [dm]/unit)    0.2591          -99
      Number at maturity (no/unit)          480.7          -99
      Tops weight at maturity (kg [dm]/ha   18193          -99
      By-product produced (stalk) at matu    9554          -99
      Leaf area index, maximum               3.48          -99
      Harvest index at maturity             0.479          -99
      Grain N at maturity (kg/ha)              93          -99
      Tops N at maturity (kg/ha)              132          -99
      Stem N at maturity (kg/ha)               39          -99
      Grain N at maturity (%)                 1.1          -99
      Tops weight at anthesis (kg [dm]/ha    7751          -99
      Tops N at anthesis (kg/ha)              102          -99
      Leaf number per stem at maturity      22.15          -99


*ENVIRONMENTAL AND STRESS FACTORS

 |-----Development Phase------|-------------Environment--------------|---------Stress----------|
                              |--------Average-------|---Cumulative--|  (0=Min, 1=Max Stress)  |
                         Time  Temp  Temp Solar Photop         Evapo |----Water---|--Nitrogen--|
                         Span   Max   Min   Rad  [day]   Rain  Trans  Photo         Photo
                         days    øC    øC MJ/m2     hr     mm     mm  synth Growth  synth Growth
------------------------------------------------------------------------------------------------
 Emergence-End Juvenile    29  22.5  12.4  11.9  11.26   26.9   35.7  0.000  0.000  0.003  0.001
 End Juvenil-Floral Init    4  21.9  11.1   9.8  11.79   19.7    6.3  0.000  0.000  0.001  0.000
 Floral Init-End Lf Grow   62  21.7  11.2  17.9  12.84  264.6  219.4  0.000  0.000  0.126  0.050
 End Lf Grth-Beg Grn Fil   14  25.9  14.4  22.0  13.83  123.1   69.5  0.000  0.000  0.197  0.079
 Grain Filling Phase       37  28.0  17.2  22.4  14.03  183.0  188.1  0.000  0.000  0.490  0.252

                     Maize YIELD :     8717 kg/ha    [Dry weight] 

************************************************************************************************

*DSSAT Cropping System Model Ver. 4.0.2.000               Aug 03, 2016; 15:29:28
                                                                                
*RUN   3        : UYMZ                                                          
 MODEL          : MZCER040 - MAIZE                                              
 EXPERIMENT     : UYMZ0128 SN late to create DSS                                
 TREATMENT  1   : UYMZ                                                          
                                                                                
 CROP           : MAIZE          CULTIVAR : CMEDIO UY        ECOTYPE :IB0001    
 STARTING DATE  : JUL 31 1990                                                   
 PLANTING DATE  : AUG  3 1990    PLANTS/m2 :  7.0     ROW SPACING :  15.cm      
 WEATHER        : UYTA   1990                                                   
 SOIL           : UYSS0N2002     TEXTURE :       -  N20-02    SNIA CLAY RISS    
 SOIL INITIAL C : DEPTH:125cm EXTR. H2O:186.3mm  NO3: 74.8kg/ha  NH4: 23.9kg/ha 
 WATER BALANCE  : RAINFED                                                       
 IRRIGATION     : NOT IRRIGATED                                                 
 NITROGEN BAL.  : SOIL-N & N-UPTAKE SIMULATION; NO N-FIXATION                   
 N-FERTILIZER   : NO N-FERTILIZER APPLIED                                       
 RESIDUE/MANURE : INITIAL :     0 kg/ha ;       0 kg/ha IN     0 APPLICATIONS   
 ENVIRONM. OPT. : DAYL=    0.00  SRAD=    0.00  TMAX=    0.00  TMIN=    0.00    
                  RAIN=    0.00  CO2 = R330.00  DEW =    0.00  WIND=    0.00    
 SIMULATION OPT : WATER   :Y  NITROGEN:Y  N-FIX:N  PHOSPH :N  PESTS  :N         
                  PHOTO   :C  ET      :R  INFIL:S  HYDROL :R  SOM    :G         
 MANAGEMENT OPT : PLANTING:R  IRRIG   :N  FERT :N  RESIDUE:N  HARVEST:M  WTH:M  
                                                                                
*SUMMARY OF SOIL AND GENETIC INPUT PARAMETERS                                   
                                                                                
   SOIL LOWER UPPER   SAT  EXTR  INIT   ROOT   BULK     pH    NO3    NH4    ORG 
  DEPTH LIMIT LIMIT    SW    SW    SW   DIST   DENS                          C  
   cm   cm3/cm3    cm3/cm3    cm3/cm3         g/cm3         ugN/g  ugN/g     %  
------------------------------------------------------------------------------- 
  0-  5 0.331 0.542 0.585 0.211 0.394   1.00   1.11   6.50  15.00   1.50   2.74 
  5- 15 0.331 0.542 0.585 0.211 0.394   1.00   1.11   6.50  15.00   1.50   2.74 
 15- 30 0.331 0.542 0.585 0.211 0.394   1.00   1.11   6.50  15.00   1.50   2.74 
 30- 45 0.290 0.438 0.491 0.148 0.334   0.43   1.26   6.50   8.50   1.50   1.07 
 45- 60 0.292 0.431 0.480 0.138 0.375   0.39   1.29   6.27   4.53   1.50   0.90 
 60- 90 0.293 0.419 0.466 0.126 0.419   0.32   1.34   6.00   0.00   1.50   0.64 
 90-108 0.286 0.408 0.460 0.122 0.408   0.23   1.36   6.00   0.00   1.50   0.35 
108-125 0.276 0.395 0.456 0.119 0.395   0.12   1.38   6.00   0.00   1.50   0.14 
                                                                                
TOT-125  37.3  55.9  62.1  18.6  49.1  <--cm   -  kg/ha-->   74.8   23.9 166127 
SOIL ALBEDO    : 0.09      EVAPORATION LIMIT : 6.00         MIN. FACTOR  : 1.00 
RUNOFF CURVE # :10.00      DRAINAGE RATE     : 0.40         FERT. FACTOR : 1.00 
                                                                                
 MAIZE      CULTIVAR :UY0370-CMEDIO UY          ECOTYPE :IB0001                 
 P1     : 280.00  P2     : 0.0000  P5     : 750.00                              
 G2     : 800.00  G3     :  7.500  PHINT  : 38.900                              
                                                                                
                                                                                
                                                                                
*SIMULATED CROP AND SOIL STATUS AT MAIN DEVELOPMENT STAGES

 RUN NO.     3     UYMZ                    

        CROP GROWTH   BIOMASS         LEAF   CROP N     STRESS  
   DATE  AGE STAGE      kg/ha    LAI   NUM  kg/ha  %   H2O    N 
 ------  --- ---------- -----  -----  ----  ---  ---  ----  ----
 30 JUL    0 Start Sim      0   0.00   0.0    0  0.0  0.00  0.00
  2 AUG    0 Sowing         0   0.00   0.0    0  0.0  0.00  0.00
 23 AUG   21 Germinate      0   0.00   0.0    0  0.0  0.00  0.00
 31 AUG   29 Emergence     28   0.00   1.7    1  4.4  0.00  0.00
 10 OCT   69 End Juveni   272   0.46   9.7   10  3.6  0.26  0.00
 14 OCT   73 Floral Ini   483   0.78  11.0   18  3.7  0.01  0.01
  7 DEC  127 75% Silkin  5820   2.07  23.0   90  1.5  0.34  0.03
 20 DEC  140 Beg Gr Fil  7384   1.67  23.0   94  1.3  0.42  0.04
 24 JAN  175 End Gr Fil 13736   0.90  23.0  118  0.9  0.09  0.15
 26 JAN  177 Maturity   13736   0.90  23.0  118  0.9  0.00  0.38
 26 JAN  177 Harvest    13736   0.90  23.0  118  0.9  0.00  0.00


*MAIN GROWTH AND DEVELOPMENT VARIABLES

@     VARIABLE                          SIMULATED     MEASURED
      --------                          ---------     --------
      Anthesis day (dap)                      127          -99
      Physiological maturity day (dap)        177          -99
      Yield at harvest maturity (kg [dm]/    6502          -99
      Number at maturity (no/m2)             2740          -99
      Unit wt at maturity (g [dm]/unit)    0.2373          -99
      Number at maturity (no/unit)          391.4          -99
      Tops weight at maturity (kg [dm]/ha   13736          -99
      By-product produced (stalk) at matu    7297          -99
      Leaf area index, maximum               2.17          -99
      Harvest index at maturity             0.473          -99
      Grain N at maturity (kg/ha)              86          -99
      Tops N at maturity (kg/ha)              118          -99
      Stem N at maturity (kg/ha)               32          -99
      Grain N at maturity (%)                 1.3          -99
      Tops weight at anthesis (kg [dm]/ha    5624          -99
      Tops N at anthesis (kg/ha)               89          -99
      Leaf number per stem at maturity      23.01          -99


*ENVIRONMENTAL AND STRESS FACTORS

 |-----Development Phase------|-------------Environment--------------|---------Stress----------|
                              |--------Average-------|---Cumulative--|  (0=Min, 1=Max Stress)  |
                         Time  Temp  Temp Solar Photop         Evapo |----Water---|--Nitrogen--|
                         Span   Max   Min   Rad  [day]   Rain  Trans  Photo         Photo
                         days    øC    øC MJ/m2     hr     mm     mm  synth Growth  synth Growth
------------------------------------------------------------------------------------------------
 Emergence-End Juvenile    40  19.7   9.0  15.7  11.96   68.2   56.1  0.183  0.264  0.002  0.001
 End Juvenil-Floral Init    4  24.4   8.9  22.2  12.68    0.0    9.0  0.000  0.000  0.002  0.001
 Floral Init-End Lf Grow   54  24.7  11.4  23.4  13.47  129.6  201.1  0.223  0.338  0.072  0.029
 End Lf Grth-Beg Grn Fil   13  28.2  15.2  25.7  14.04   30.0   53.9  0.231  0.363  0.108  0.043
 Grain Filling Phase       35  28.4  18.0  22.1  13.96  297.1  151.0  0.071  0.112  0.301  0.136

                     Maize YIELD :     6502 kg/ha    [Dry weight] 

************************************************************************************************
