*SOIL TEMPERATURE OUTPUT FILE (DAILY)

*DSSAT Cropping System Model Ver. 4.0.2.000               Jul 19, 2016; 16:39:22

*RUN   1        : UYMZ                    
 MODEL          : MZCER040 - Maize           
 EXPERIMENT     : UYMZ0036 MZ    late to create DSS                             
 TREATMENT  1   : UYMZ                    

@YEAR DOY   DAS  TS1D  TS2D  TS3D  TS4D  TS5D  TS6D  TS7D  TS8D  TS9D  TS10
 1990 184     0  13.8  14.4  15.3  16.2  16.8  17.3  17.5  17.6   0.0   0.0
 1990 185     1  13.8  14.4  15.3  16.2  16.8  17.3  17.5  17.6   0.0   0.0
 1990 186     2  14.2  14.8  15.6  16.4  16.9  17.4  17.6  17.6   0.0   0.0
 1990 187     3  14.9  15.3  16.0  16.7  17.2  17.6  17.7  17.7   0.0   0.0
 1990 188     4  15.0  15.4  16.1  16.7  17.2  17.6  17.7  17.7   0.0   0.0
 1990 189     5  15.9  16.2  16.7  17.2  17.5  17.8  17.8  17.8   0.0   0.0
 1990 190     6  16.1  16.4  16.9  17.3  17.6  17.8  17.9  17.8   0.0   0.0
 1990 191     7  15.4  15.8  16.4  16.9  17.3  17.7  17.8  17.7   0.0   0.0
 1990 192     8  15.0  15.4  16.1  16.7  17.2  17.5  17.7  17.7   0.0   0.0
 1990 193     9  15.1  15.5  16.1  16.7  17.2  17.6  17.7  17.7   0.0   0.0
 1990 194    10  15.0  15.4  16.1  16.7  17.1  17.5  17.7  17.7   0.0   0.0
 1990 195    11  15.2  15.6  16.2  16.8  17.2  17.6  17.7  17.7   0.0   0.0
 1990 196    12  16.1  16.4  16.8  17.2  17.5  17.8  17.8  17.8   0.0   0.0
 1990 197    13  15.9  16.2  16.6  17.1  17.4  17.7  17.8  17.8   0.0   0.0
 1990 198    14  15.8  16.1  16.5  17.0  17.3  17.7  17.8  17.8   0.0   0.0
 1990 199    15  14.4  14.9  15.6  16.3  16.8  17.3  17.6  17.6   0.0   0.0
 1990 200    16  12.6  13.3  14.3  15.3  16.1  16.9  17.3  17.4   0.0   0.0
 1990 201    17  10.5  11.5  12.9  14.3  15.3  16.3  16.9  17.2   0.0   0.0
 1990 202    18   9.0  10.2  11.8  13.5  14.7  15.9  16.7  17.0   0.0   0.0
 1990 203    19   7.4   8.8  10.7  12.6  14.1  15.5  16.4  16.8   0.0   0.0
 1990 204    20   7.5   8.9  10.8  12.7  14.1  15.6  16.5  16.8   0.0   0.0
 1990 205    21   8.5   9.7  11.5  13.2  14.5  15.8  16.6  16.9   0.0   0.0
 1990 206    22   8.5   9.7  11.4  13.1  14.4  15.8  16.6  16.9   0.0   0.0
 1990 207    23   9.2  10.3  11.9  13.5  14.7  15.9  16.7  17.0   0.0   0.0
 1990 208    24  10.5  11.4  12.8  14.1  15.2  16.2  16.9  17.1   0.0   0.0
 1990 209    25  10.2  11.2  12.6  14.0  15.1  16.2  16.8  17.1   0.0   0.0
 1990 210    26   9.8  10.8  12.3  13.8  14.9  16.0  16.8  17.0   0.0   0.0
 1990 211    27  10.6  11.5  12.8  14.2  15.2  16.2  16.9  17.1   0.0   0.0
 1990 212    28  10.9  11.8  13.0  14.3  15.3  16.3  16.9  17.2   0.0   0.0
 1990 213    29  11.2  12.0  13.2  14.4  15.4  16.4  17.0  17.2   0.0   0.0
 1990 214    30  12.7  13.3  14.2  15.2  15.9  16.7  17.2  17.3   0.0   0.0
 1990 215    31  14.3  14.6  15.3  15.9  16.5  17.1  17.4  17.5   0.0   0.0
 1990 216    32  16.0  16.1  16.4  16.8  17.1  17.5  17.7  17.7   0.0   0.0
 1990 217    33  18.1  18.0  17.9  17.9  17.9  18.0  18.0  17.9   0.0   0.0
 1990 218    34  19.5  19.2  18.8  18.6  18.5  18.3  18.2  18.1   0.0   0.0
 1990 219    35  20.9  20.3  19.7  19.2  18.9  18.6  18.4  18.2   0.0   0.0
 1990 220    36  21.7  21.0  20.2  19.6  19.2  18.8  18.5  18.3   0.0   0.0
 1990 221    37  21.7  21.0  20.2  19.6  19.2  18.8  18.5  18.3   0.0   0.0
 1990 222    38  21.2  20.6  19.9  19.3  19.0  18.7  18.4  18.2   0.0   0.0
 1990 223    39  21.7  21.0  20.2  19.6  19.2  18.8  18.5  18.3   0.0   0.0
 1990 224    40  22.1  21.3  20.4  19.7  19.3  18.9  18.5  18.3   0.0   0.0
 1990 225    41  22.6  21.7  20.8  20.0  19.5  19.0  18.6  18.4   0.0   0.0
 1990 226    42  23.2  22.3  21.2  20.3  19.7  19.1  18.7  18.4   0.0   0.0
 1990 227    43  22.3  21.5  20.6  19.8  19.3  18.9  18.5  18.3   0.0   0.0
 1990 228    44  20.8  20.2  19.5  19.0  18.8  18.5  18.3  18.1   0.0   0.0
 1990 229    45  19.6  19.1  18.7  18.4  18.3  18.2  18.1  18.0   0.0   0.0
 1990 230    46  18.3  18.0  17.8  17.7  17.8  17.8  17.9  17.8   0.0   0.0
 1990 231    47  17.5  17.4  17.3  17.3  17.5  17.6  17.7  17.8   0.0   0.0
 1990 232    48  18.4  18.1  17.8  17.7  17.7  17.8  17.9  17.8   0.0   0.0
 1990 233    49  18.7  18.3  18.0  17.9  17.8  17.9  17.9  17.9   0.0   0.0
 1990 234    50  18.2  17.9  17.7  17.6  17.6  17.7  17.8  17.8   0.0   0.0
 1990 235    51  17.4  17.2  17.1  17.2  17.3  17.5  17.7  17.7   0.0   0.0
 1990 236    52  16.6  16.5  16.6  16.8  17.0  17.3  17.5  17.6   0.0   0.0
 1990 237    53  16.9  16.8  16.8  16.9  17.1  17.4  17.6  17.6   0.0   0.0
 1990 238    54  17.8  17.6  17.4  17.3  17.4  17.6  17.7  17.7   0.0   0.0
 1990 239    55  17.5  17.3  17.1  17.2  17.3  17.5  17.6  17.7   0.0   0.0
 1990 240    56  16.6  16.5  16.5  16.7  16.9  17.2  17.5  17.6   0.0   0.0
 1990 241    57  16.0  16.0  16.1  16.4  16.7  17.1  17.4  17.5   0.0   0.0
 1990 242    58  15.5  15.6  15.8  16.1  16.5  16.9  17.3  17.4   0.0   0.0
 1990 243    59  13.1  13.5  14.1  14.9  15.5  16.3  16.9  17.1   0.0   0.0
 1990 244    60  11.9  12.4  13.2  14.2  15.0  16.0  16.7  17.0   0.0   0.0
 1990 245    61  11.9  12.4  13.3  14.2  15.0  16.0  16.7  17.0   0.0   0.0
 1990 246    62  12.4  12.8  13.6  14.4  15.2  16.1  16.7  17.0   0.0   0.0
 1990 247    63  11.5  12.0  12.9  14.0  14.8  15.9  16.6  16.9   0.0   0.0
 1990 248    64  12.6  13.0  13.7  14.5  15.3  16.1  16.8  17.0   0.0   0.0
 1990 249    65  13.9  14.1  14.6  15.2  15.7  16.4  16.9  17.2   0.0   0.0
 1990 250    66  15.0  15.0  15.3  15.7  16.1  16.7  17.1  17.3   0.0   0.0
 1990 251    67  14.7  14.8  15.1  15.5  16.0  16.6  17.0  17.2   0.0   0.0
 1990 252    68  16.1  16.0  16.0  16.2  16.5  16.9  17.2  17.4   0.0   0.0
 1990 253    69  17.6  17.3  17.0  17.0  17.1  17.3  17.5  17.5   0.0   0.0
 1990 254    70  18.6  18.2  17.7  17.5  17.5  17.5  17.6  17.7   0.0   0.0
 1990 255    71  18.3  17.9  17.5  17.3  17.3  17.4  17.6  17.6   0.0   0.0
 1990 256    72  17.8  17.5  17.2  17.1  17.1  17.3  17.5  17.5   0.0   0.0
 1990 257    73  16.2  16.1  16.1  16.2  16.5  16.9  17.2  17.4   0.0   0.0
 1990 258    74  14.7  14.8  15.0  15.4  15.9  16.5  16.9  17.2   0.0   0.0
 1990 259    75  14.5  14.6  14.9  15.3  15.8  16.4  16.9  17.1   0.0   0.0
 1990 260    76  15.1  15.1  15.3  15.6  16.0  16.5  17.0  17.2   0.0   0.0
 1990 261    77  16.1  16.0  16.0  16.1  16.4  16.8  17.1  17.3   0.0   0.0
 1990 262    78  16.8  16.6  16.5  16.5  16.6  16.9  17.2  17.4   0.0   0.0
 1990 263    79  16.8  16.6  16.5  16.5  16.6  16.9  17.2  17.4   0.0   0.0
 1990 264    80  16.8  16.5  16.4  16.4  16.6  16.9  17.2  17.3   0.0   0.0
 1990 265    81  17.0  16.7  16.5  16.5  16.6  16.9  17.2  17.4   0.0   0.0
 1990 266    82  16.4  16.2  16.1  16.2  16.4  16.8  17.1  17.3   0.0   0.0
 1990 267    83  15.9  15.8  15.8  15.9  16.2  16.6  17.0  17.2   0.0   0.0
 1990 268    84  15.6  15.5  15.6  15.8  16.1  16.5  17.0  17.2   0.0   0.0
 1990 269    85  15.6  15.5  15.5  15.7  16.0  16.5  16.9  17.2   0.0   0.0
 1990 270    86  16.4  16.2  16.1  16.2  16.4  16.7  17.1  17.2   0.0   0.0
 1990 271    87  17.7  17.3  16.9  16.8  16.8  17.0  17.2  17.4   0.0   0.0
 1990 272    88  18.9  18.4  17.8  17.4  17.3  17.3  17.4  17.5   0.0   0.0
 1990 273    89  20.5  19.7  18.8  18.2  17.9  17.7  17.7  17.7   0.0   0.0
 1990 274    90  21.9  20.9  19.8  18.9  18.4  18.0  17.9  17.8   0.0   0.0
 1990 275    91  22.1  21.1  20.0  19.0  18.5  18.1  17.9  17.8   0.0   0.0
 1990 276    92  23.2  22.1  20.7  19.6  18.9  18.4  18.1  18.0   0.0   0.0
 1990 277    93  24.7  23.3  21.7  20.3  19.4  18.7  18.3  18.1   0.0   0.0
 1990 278    94  24.0  22.8  21.2  20.0  19.2  18.5  18.2  18.0   0.0   0.0
 1990 279    95  23.0  21.9  20.5  19.5  18.8  18.3  18.0  17.9   0.0   0.0
 1990 280    96  22.5  21.5  20.2  19.2  18.6  18.1  17.9  17.8   0.0   0.0
 1990 281    97  21.4  20.5  19.4  18.6  18.1  17.8  17.7  17.7   0.0   0.0
 1990 282    98  20.0  19.3  18.5  17.9  17.6  17.5  17.5  17.5   0.0   0.0
 1990 283    99  20.3  19.6  18.7  18.1  17.7  17.5  17.5  17.6   0.0   0.0
 1990 284   100  20.2  19.4  18.6  18.0  17.6  17.5  17.5  17.5   0.0   0.0
 1990 285   101  19.9  19.2  18.4  17.8  17.5  17.4  17.4  17.5   0.0   0.0
 1990 286   102  20.1  19.4  18.6  17.9  17.6  17.4  17.5  17.5   0.0   0.0
 1990 287   103  20.3  19.5  18.6  18.0  17.6  17.5  17.5  17.5   0.0   0.0
 1990 288   104  20.0  19.3  18.4  17.8  17.5  17.4  17.4  17.5   0.0   0.0
 1990 289   105  19.8  19.2  18.3  17.8  17.5  17.3  17.4  17.4   0.0   0.0
 1990 290   106  19.9  19.2  18.4  17.8  17.5  17.3  17.4  17.4   0.0   0.0
 1990 291   107  20.4  19.7  18.7  18.0  17.7  17.5  17.5  17.5   0.0   0.0
 1990 292   108  20.6  19.8  18.9  18.1  17.7  17.5  17.5  17.5   0.0   0.0
 1990 293   109  21.2  20.3  19.2  18.4  17.9  17.6  17.6  17.6   0.0   0.0
 1990 294   110  21.8  20.9  19.7  18.7  18.2  17.8  17.6  17.6   0.0   0.0
 1990 295   111  22.7  21.7  20.3  19.2  18.5  18.0  17.8  17.7   0.0   0.0
 1990 296   112  22.9  21.8  20.4  19.3  18.6  18.0  17.8  17.7   0.0   0.0
 1990 297   113  22.7  21.6  20.3  19.2  18.5  18.0  17.8  17.7   0.0   0.0
 1990 298   114  22.7  21.6  20.2  19.1  18.5  18.0  17.7  17.7   0.0   0.0
 1990 299   115  23.2  22.1  20.6  19.4  18.7  18.1  17.8  17.7   0.0   0.0
 1990 300   116  23.8  22.6  21.0  19.7  18.9  18.2  17.9  17.8   0.0   0.0
 1990 301   117  23.5  22.3  20.8  19.5  18.8  18.1  17.8  17.8   0.0   0.0
 1990 302   118  24.3  23.0  21.3  19.9  19.1  18.3  18.0  17.8   0.0   0.0
 1990 303   119  25.4  23.9  22.1  20.5  19.5  18.6  18.1  17.9   0.0   0.0
 1990 304   120  24.8  23.5  21.7  20.2  19.3  18.4  18.0  17.9   0.0   0.0
 1990 305   121  24.2  22.9  21.3  19.9  19.0  18.3  17.9  17.8   0.0   0.0
 1990 306   122  24.7  23.3  21.6  20.1  19.2  18.4  18.0  17.8   0.0   0.0
 1990 307   123  24.8  23.5  21.7  20.2  19.2  18.4  18.0  17.8   0.0   0.0
 1990 308   124  23.6  22.4  20.8  19.6  18.8  18.1  17.8  17.7   0.0   0.0
 1990 309   125  22.7  21.7  20.3  19.2  18.4  17.9  17.7  17.6   0.0   0.0
 1990 310   126  22.0  21.0  19.8  18.8  18.1  17.7  17.5  17.5   0.0   0.0
 1990 311   127  21.4  20.5  19.4  18.5  17.9  17.5  17.4  17.4   0.0   0.0
 1990 312   128  19.6  19.0  18.2  17.6  17.2  17.1  17.1  17.2   0.0   0.0
 1990 313   129  19.5  18.9  18.1  17.5  17.2  17.0  17.1  17.2   0.0   0.0
 1990 314   130  20.4  19.6  18.7  17.9  17.5  17.3  17.2  17.3   0.0   0.0
 1990 315   131  21.6  20.7  19.5  18.6  18.0  17.6  17.4  17.4   0.0   0.0
 1990 316   132  21.7  20.8  19.6  18.6  18.0  17.6  17.4  17.4   0.0   0.0
 1990 317   133  24.7  23.4  21.6  20.1  19.2  18.3  17.9  17.8   0.0   0.0
 1990 318   134  26.7  25.1  23.0  21.2  19.9  18.8  18.2  18.0   0.0   0.0
 1990 319   135  26.5  25.0  22.9  21.1  19.9  18.8  18.2  18.0   0.0   0.0
 1990 320   136  25.6  24.2  22.2  20.6  19.5  18.5  18.0  17.8   0.0   0.0
 1990 321   137  26.0  24.6  22.6  20.9  19.7  18.7  18.1  17.9   0.0   0.0
 1990 322   138  25.2  23.9  22.0  20.5  19.4  18.5  18.0  17.8   0.0   0.0
 1990 323   139  25.5  24.1  22.2  20.6  19.5  18.5  18.0  17.8   0.0   0.0
 1990 324   140  26.3  24.8  22.8  21.0  19.8  18.7  18.1  17.9   0.0   0.0
 1990 325   141  27.7  26.0  23.8  21.7  20.3  19.1  18.4  18.1   0.0   0.0
 1990 326   142  28.2  26.5  24.1  22.0  20.5  19.2  18.4  18.1   0.0   0.0
 1990 327   143  28.0  26.3  23.9  21.9  20.4  19.1  18.4  18.1   0.0   0.0
 1990 328   144  27.2  25.5  23.4  21.4  20.1  18.9  18.2  18.0   0.0   0.0
 1990 329   145  27.3  25.7  23.5  21.5  20.2  18.9  18.3  18.0   0.0   0.0
 1990 330   146  26.6  25.0  23.0  21.1  19.9  18.7  18.1  17.9   0.0   0.0
 1990 331   147  25.4  24.0  22.2  20.5  19.4  18.5  17.9  17.8   0.0   0.0
 1990 332   148  24.7  23.4  21.7  20.2  19.2  18.3  17.8  17.7   0.0   0.0
 1990 333   149  24.4  23.2  21.5  20.0  19.1  18.2  17.8  17.6   0.0   0.0
 1990 334   150  23.8  22.7  21.1  19.8  18.8  18.1  17.7  17.6   0.0   0.0
 1990 335   151  24.0  22.8  21.2  19.9  18.9  18.1  17.7  17.6   0.0   0.0
 1990 336   152  24.1  22.9  21.3  19.9  18.9  18.1  17.7  17.6   0.0   0.0
 1990 337   153  23.8  22.7  21.1  19.8  18.8  18.0  17.7  17.6   0.0   0.0
 1990 338   154  23.9  22.7  21.2  19.8  18.9  18.1  17.7  17.6   0.0   0.0
 1990 339   155  24.9  23.6  21.8  20.3  19.2  18.3  17.8  17.7   0.0   0.0
 1990 340   156  24.8  23.5  21.8  20.3  19.2  18.3  17.8  17.7   0.0   0.0
 1990 341   157  25.4  24.1  22.2  20.6  19.5  18.5  17.9  17.7   0.0   0.0
 1990 342   158  25.8  24.4  22.6  20.9  19.7  18.6  18.0  17.8   0.0   0.0
 1990 343   159  24.3  23.1  21.5  20.1  19.1  18.2  17.8  17.6   0.0   0.0
 1990 344   160  22.1  21.2  20.0  19.0  18.3  17.7  17.4  17.4   0.0   0.0
 1990 345   161  21.9  21.1  19.9  18.9  18.2  17.6  17.4  17.3   0.0   0.0
 1990 346   162  21.1  20.3  19.3  18.5  17.9  17.4  17.2  17.2   0.0   0.0
 1990 347   163  20.7  20.0  19.1  18.3  17.7  17.3  17.2  17.2   0.0   0.0
 1990 348   164  21.2  20.4  19.4  18.5  17.9  17.4  17.3  17.2   0.0   0.0
 1990 349   165  22.7  21.8  20.5  19.3  18.5  17.8  17.5  17.4   0.0   0.0
 1990 350   166  23.7  22.7  21.2  19.9  18.9  18.1  17.7  17.5   0.0   0.0
 1990 351   167  25.2  24.0  22.2  20.6  19.5  18.5  17.9  17.7   0.0   0.0
 1990 352   168  25.8  24.4  22.6  20.9  19.7  18.6  18.0  17.8   0.0   0.0
 1990 353   169  26.5  25.1  23.1  21.4  20.1  18.8  18.1  17.9   0.0   0.0
 1990 354   170  26.5  25.1  23.2  21.4  20.1  18.8  18.1  17.9   0.0   0.0
 1990 355   171  26.4  25.0  23.1  21.3  20.0  18.8  18.1  17.8   0.0   0.0
 1990 356   172  25.8  24.5  22.6  21.0  19.8  18.6  18.0  17.8   0.0   0.0
 1990 357   173  26.0  24.7  22.9  21.2  19.9  18.7  18.1  17.8   0.0   0.0
 1990 358   174  25.6  24.3  22.6  20.9  19.8  18.6  18.0  17.8   0.0   0.0
 1990 359   175  25.3  24.1  22.4  20.8  19.7  18.6  17.9  17.7   0.0   0.0
 1990 360   176  25.6  24.4  22.6  21.0  19.8  18.6  18.0  17.8   0.0   0.0
 1990 361   177  26.9  25.5  23.5  21.6  20.3  19.0  18.2  17.9   0.0   0.0
 1990 362   178  25.9  24.6  22.8  21.1  19.9  18.7  18.0  17.8   0.0   0.0
 1990 363   179  25.8  24.6  22.8  21.1  19.9  18.7  18.0  17.8   0.0   0.0
 1990 364   180  26.1  24.8  23.0  21.3  20.0  18.8  18.1  17.8   0.0   0.0
 1990 365   181  25.8  24.6  22.8  21.1  19.9  18.7  18.0  17.8   0.0   0.0
 1991 001   182  25.7  24.4  22.6  21.0  19.8  18.6  18.0  17.7   0.0   0.0
 1991 002   183  27.0  25.5  23.5  21.7  20.3  19.0  18.2  17.9   0.0   0.0
 1991 003   184  28.1  26.5  24.3  22.2  20.7  19.2  18.4  18.0   0.0   0.0
 1991 004   185  28.4  26.8  24.5  22.4  20.9  19.3  18.4  18.1   0.0   0.0
 1991 005   186  28.2  26.6  24.4  22.3  20.8  19.3  18.4  18.0   0.0   0.0
 1991 006   187  28.1  26.5  24.3  22.3  20.8  19.3  18.4  18.0   0.0   0.0
 1991 007   188  28.7  27.0  24.7  22.6  21.0  19.4  18.5  18.1   0.0   0.0
 1991 008   189  29.7  27.9  25.4  23.1  21.4  19.7  18.6  18.2   0.0   0.0
 1991 009   190  29.0  27.3  24.9  22.7  21.1  19.5  18.5  18.1   0.0   0.0

*DSSAT Cropping System Model Ver. 4.0.2.000               Jul 19, 2016; 16:39:22

*RUN   2        : UYMZ                    
 MODEL          : MZCER040 - Maize           
 EXPERIMENT     : UYMZ0036 MZ    late to create DSS                             
 TREATMENT  1   : UYMZ                    

@YEAR DOY   DAS  TS1D  TS2D  TS3D  TS4D  TS5D  TS6D  TS7D  TS8D  TS9D  TS10
 1991 184     0  14.6  15.2  15.9  16.6  17.1  17.5  17.7  17.7   0.0   0.0
 1991 185     1  12.9  13.6  14.7  15.7  16.4  17.1  17.4  17.5   0.0   0.0
 1991 186     2  11.6  12.5  13.8  15.0  15.9  16.8  17.2  17.3   0.0   0.0
 1991 187     3  11.1  12.0  13.4  14.8  15.7  16.6  17.1  17.3   0.0   0.0
 1991 188     4  10.7  11.7  13.2  14.5  15.6  16.5  17.0  17.2   0.0   0.0
 1991 189     5  11.8  12.7  13.9  15.1  16.0  16.8  17.2  17.3   0.0   0.0
 1991 190     6  14.2  14.7  15.5  16.3  16.9  17.4  17.6  17.6   0.0   0.0
 1991 191     7  14.6  15.1  15.8  16.5  17.0  17.5  17.6  17.7   0.0   0.0
 1991 192     8  13.6  14.2  15.1  16.0  16.6  17.2  17.5  17.5   0.0   0.0
 1991 193     9  12.1  12.9  14.1  15.2  16.0  16.8  17.2  17.4   0.0   0.0
 1991 194    10  10.5  11.6  13.0  14.4  15.4  16.4  17.0  17.2   0.0   0.0
 1991 195    11   8.2   9.5  11.4  13.2  14.5  15.8  16.6  16.9   0.0   0.0
 1991 196    12   7.8   9.2  11.1  13.0  14.3  15.7  16.6  16.9   0.0   0.0
 1991 197    13   8.8  10.0  11.7  13.4  14.7  15.9  16.7  17.0   0.0   0.0
 1991 198    14  11.1  12.0  13.3  14.6  15.5  16.5  17.0  17.2   0.0   0.0
 1991 199    15  12.6  13.3  14.3  15.4  16.1  16.9  17.3  17.4   0.0   0.0
 1991 200    16  13.7  14.2  15.0  15.9  16.5  17.1  17.4  17.5   0.0   0.0
 1991 201    17  15.8  16.1  16.5  17.0  17.3  17.6  17.8  17.8   0.0   0.0
 1991 202    18  15.7  15.9  16.4  16.8  17.2  17.6  17.7  17.7   0.0   0.0
 1991 203    19  13.7  14.2  15.0  15.8  16.4  17.1  17.4  17.5   0.0   0.0
 1991 204    20  12.7  13.3  14.3  15.2  16.0  16.8  17.2  17.4   0.0   0.0
 1991 205    21  12.6  13.3  14.2  15.2  16.0  16.7  17.2  17.4   0.0   0.0
 1991 206    22  11.4  12.2  13.4  14.6  15.5  16.4  17.0  17.2   0.0   0.0
 1991 207    23  13.0  13.6  14.5  15.4  16.1  16.8  17.3  17.4   0.0   0.0
 1991 208    24  16.0  16.2  16.5  16.9  17.3  17.6  17.7  17.7   0.0   0.0
 1991 209    25  18.9  18.7  18.5  18.4  18.4  18.3  18.2  18.1   0.0   0.0
 1991 210    26  20.9  20.4  19.8  19.4  19.1  18.8  18.5  18.3   0.0   0.0
 1991 211    27  21.4  20.9  20.2  19.7  19.3  18.9  18.6  18.4   0.0   0.0
 1991 212    28  20.1  19.7  19.3  19.0  18.8  18.6  18.3  18.2   0.0   0.0
 1991 213    29  16.7  16.8  17.0  17.2  17.4  17.7  17.8  17.8   0.0   0.0
 1991 214    30  13.6  14.0  14.8  15.6  16.2  16.9  17.3  17.4   0.0   0.0
 1991 215    31  10.9  11.7  12.9  14.2  15.1  16.2  16.8  17.1   0.0   0.0
 1991 216    32   9.3  10.3  11.8  13.3  14.5  15.7  16.6  16.9   0.0   0.0
 1991 217    33   9.2  10.2  11.7  13.2  14.4  15.7  16.5  16.9   0.0   0.0
 1991 218    34   9.4  10.4  11.9  13.3  14.5  15.7  16.6  16.9   0.0   0.0
 1991 219    35  10.2  11.1  12.4  13.7  14.8  15.9  16.7  17.0   0.0   0.0
 1991 220    36  11.1  11.9  13.0  14.2  15.1  16.2  16.8  17.1   0.0   0.0
 1991 221    37  12.2  12.8  13.7  14.7  15.5  16.4  17.0  17.2   0.0   0.0
 1991 222    38  11.8  12.5  13.5  14.5  15.4  16.3  16.9  17.2   0.0   0.0
 1991 223    39  12.5  13.0  13.9  14.9  15.6  16.5  17.0  17.2   0.0   0.0
 1991 224    40  12.7  13.3  14.1  15.0  15.7  16.5  17.0  17.3   0.0   0.0
 1991 225    41  13.0  13.5  14.3  15.1  15.8  16.6  17.1  17.3   0.0   0.0
 1991 226    42  14.6  14.9  15.3  15.9  16.4  17.0  17.3  17.5   0.0   0.0
 1991 227    43  16.9  16.9  16.9  17.1  17.3  17.5  17.7  17.7   0.0   0.0
 1991 228    44  19.5  19.1  18.6  18.4  18.3  18.2  18.1  18.0   0.0   0.0
 1991 229    45  21.4  20.7  20.0  19.4  19.0  18.6  18.4  18.2   0.0   0.0
 1991 230    46  22.5  21.7  20.7  19.9  19.4  18.9  18.5  18.3   0.0   0.0
 1991 231    47  22.5  21.7  20.7  19.9  19.4  18.9  18.5  18.3   0.0   0.0
 1991 232    48  22.4  21.6  20.6  19.8  19.3  18.9  18.5  18.3   0.0   0.0
 1991 233    49  22.2  21.4  20.5  19.7  19.2  18.8  18.5  18.3   0.0   0.0
 1991 234    50  22.5  21.6  20.6  19.8  19.3  18.8  18.5  18.3   0.0   0.0
 1991 235    51  22.4  21.5  20.5  19.7  19.2  18.8  18.5  18.3   0.0   0.0
 1991 236    52  21.7  20.9  20.0  19.4  19.0  18.6  18.3  18.2   0.0   0.0
 1991 237    53  21.6  20.8  20.0  19.3  18.9  18.5  18.3  18.2   0.0   0.0
 1991 238    54  20.1  19.6  19.0  18.5  18.3  18.2  18.1  18.0   0.0   0.0
 1991 239    55  18.3  18.0  17.7  17.6  17.6  17.7  17.8  17.8   0.0   0.0
 1991 240    56  17.9  17.7  17.4  17.4  17.4  17.6  17.7  17.7   0.0   0.0
 1991 241    57  18.2  17.9  17.6  17.5  17.5  17.6  17.7  17.7   0.0   0.0
 1991 242    58  18.2  17.9  17.6  17.5  17.5  17.6  17.7  17.7   0.0   0.0
 1991 243    59  18.1  17.8  17.5  17.4  17.5  17.6  17.7  17.7   0.0   0.0
 1991 244    60  18.1  17.8  17.5  17.4  17.4  17.6  17.7  17.7   0.0   0.0
 1991 245    61  17.5  17.3  17.1  17.1  17.2  17.4  17.6  17.6   0.0   0.0
 1991 246    62  17.4  17.2  17.0  17.0  17.1  17.3  17.5  17.6   0.0   0.0
 1991 247    63  17.8  17.5  17.2  17.2  17.2  17.4  17.6  17.6   0.0   0.0
 1991 248    64  19.6  19.1  18.5  18.1  17.9  17.9  17.9  17.8   0.0   0.0
 1991 249    65  20.9  20.2  19.4  18.8  18.4  18.2  18.0  18.0   0.0   0.0
 1991 250    66  21.0  20.3  19.4  18.8  18.5  18.2  18.1  18.0   0.0   0.0
 1991 251    67  20.0  19.4  18.8  18.3  18.1  17.9  17.9  17.9   0.0   0.0
 1991 252    68  18.9  18.5  18.0  17.7  17.6  17.6  17.7  17.7   0.0   0.0
 1991 253    69  17.9  17.6  17.3  17.2  17.2  17.4  17.5  17.6   0.0   0.0
 1991 254    70  18.3  17.9  17.6  17.4  17.3  17.5  17.6  17.6   0.0   0.0
 1991 255    71  20.2  19.5  18.8  18.3  18.0  17.9  17.9  17.8   0.0   0.0
 1991 256    72  22.6  21.6  20.4  19.5  19.0  18.5  18.2  18.1   0.0   0.0
 1991 257    73  22.6  21.7  20.5  19.5  19.0  18.5  18.2  18.1   0.0   0.0
 1991 258    74  21.0  20.3  19.4  18.7  18.3  18.1  18.0  17.9   0.0   0.0
 1991 259    75  20.5  19.8  19.0  18.4  18.1  17.9  17.9  17.8   0.0   0.0
 1991 260    76  19.4  18.8  18.2  17.8  17.7  17.6  17.7  17.7   0.0   0.0
 1991 261    77  17.6  17.3  17.0  16.9  17.0  17.2  17.4  17.5   0.0   0.0
 1991 262    78  17.4  17.1  16.8  16.8  16.8  17.1  17.3  17.4   0.0   0.0
 1991 263    79  18.9  18.4  17.8  17.5  17.4  17.4  17.5  17.6   0.0   0.0
 1991 264    80  19.5  19.0  18.3  17.8  17.7  17.6  17.6  17.7   0.0   0.0
 1991 265    81  19.5  18.9  18.2  17.8  17.6  17.6  17.6  17.6   0.0   0.0
 1991 266    82  18.9  18.4  17.8  17.5  17.4  17.4  17.5  17.6   0.0   0.0
 1991 267    83  19.0  18.5  17.9  17.5  17.4  17.4  17.5  17.6   0.0   0.0
 1991 268    84  19.0  18.5  17.9  17.5  17.4  17.4  17.5  17.6   0.0   0.0
 1991 269    85  18.6  18.1  17.6  17.3  17.2  17.3  17.4  17.5   0.0   0.0
 1991 270    86  19.7  19.1  18.4  17.9  17.6  17.6  17.6  17.6   0.0   0.0
 1991 271    87  19.8  19.2  18.4  17.9  17.7  17.6  17.6  17.6   0.0   0.0
 1991 272    88  19.7  19.1  18.3  17.8  17.6  17.5  17.6  17.6   0.0   0.0
 1991 273    89  19.6  19.0  18.2  17.8  17.5  17.5  17.5  17.6   0.0   0.0
 1991 274    90  18.7  18.2  17.7  17.3  17.2  17.3  17.4  17.5   0.0   0.0
 1991 275    91  17.2  16.9  16.6  16.5  16.6  16.8  17.1  17.3   0.0   0.0
 1991 276    92  17.5  17.2  16.8  16.7  16.7  16.9  17.2  17.3   0.0   0.0
 1991 277    93  18.1  17.6  17.2  16.9  16.9  17.0  17.2  17.4   0.0   0.0
 1991 278    94  17.0  16.7  16.5  16.4  16.5  16.8  17.1  17.2   0.0   0.0
 1991 279    95  16.0  15.8  15.7  15.8  16.1  16.5  16.9  17.1   0.0   0.0
 1991 280    96  15.0  15.0  15.1  15.4  15.7  16.2  16.7  17.0   0.0   0.0
 1991 281    97  14.5  14.5  14.7  15.1  15.5  16.1  16.6  16.9   0.0   0.0
 1991 282    98  14.4  14.4  14.6  15.0  15.4  16.0  16.6  16.9   0.0   0.0
 1991 283    99  16.0  15.8  15.7  15.8  16.0  16.4  16.8  17.1   0.0   0.0
 1991 284   100  18.2  17.8  17.3  17.0  16.9  17.0  17.2  17.3   0.0   0.0
 1991 285   101  21.1  20.3  19.2  18.4  18.0  17.7  17.6  17.6   0.0   0.0
 1991 286   102  24.2  22.9  21.3  20.0  19.1  18.5  18.1  18.0   0.0   0.0
 1991 287   103  26.2  24.7  22.7  21.0  19.9  19.0  18.4  18.2   0.0   0.0
 1991 288   104  26.4  24.9  22.8  21.1  20.0  19.0  18.4  18.2   0.0   0.0
 1991 289   105  25.1  23.7  22.0  20.5  19.5  18.7  18.2  18.1   0.0   0.0
 1991 290   106  22.7  21.7  20.3  19.3  18.6  18.1  17.8  17.8   0.0   0.0
 1991 291   107  20.6  19.8  18.9  18.1  17.7  17.5  17.5  17.5   0.0   0.0
 1991 292   108  19.4  18.8  18.0  17.5  17.2  17.2  17.3  17.4   0.0   0.0
 1991 293   109  19.7  19.0  18.2  17.6  17.4  17.2  17.3  17.4   0.0   0.0
 1991 294   110  21.8  20.9  19.7  18.7  18.2  17.8  17.6  17.6   0.0   0.0
 1991 295   111  24.4  23.1  21.5  20.1  19.2  18.4  18.1  17.9   0.0   0.0
 1991 296   112  24.1  22.9  21.2  19.9  19.0  18.3  18.0  17.9   0.0   0.0
 1991 297   113  22.6  21.6  20.2  19.1  18.5  18.0  17.7  17.7   0.0   0.0
 1991 298   114  21.7  20.8  19.6  18.7  18.1  17.7  17.6  17.6   0.0   0.0
 1991 299   115  20.9  20.1  19.0  18.2  17.8  17.5  17.4  17.5   0.0   0.0
 1991 300   116  19.6  18.9  18.1  17.6  17.3  17.2  17.2  17.3   0.0   0.0
 1991 301   117  19.7  19.0  18.2  17.6  17.3  17.2  17.2  17.3   0.0   0.0
 1991 302   118  19.8  19.2  18.3  17.7  17.4  17.2  17.3  17.3   0.0   0.0
 1991 303   119  19.4  18.8  18.0  17.5  17.2  17.1  17.2  17.3   0.0   0.0
 1991 304   120  18.5  18.0  17.4  17.0  16.8  16.8  17.0  17.2   0.0   0.0
 1991 305   121  18.3  17.9  17.3  16.9  16.8  16.8  17.0  17.1   0.0   0.0
 1991 306   122  18.8  18.3  17.6  17.2  16.9  16.9  17.1  17.2   0.0   0.0
 1991 307   123  19.8  19.1  18.3  17.6  17.3  17.2  17.2  17.3   0.0   0.0
 1991 308   124  21.2  20.3  19.2  18.3  17.8  17.5  17.4  17.4   0.0   0.0
 1991 309   125  22.2  21.2  19.9  18.9  18.2  17.7  17.6  17.5   0.0   0.0
 1991 310   126  22.6  21.5  20.2  19.1  18.4  17.8  17.6  17.6   0.0   0.0
 1991 311   127  22.7  21.6  20.2  19.1  18.4  17.8  17.6  17.6   0.0   0.0
 1991 312   128  22.4  21.4  20.1  19.0  18.3  17.8  17.6  17.5   0.0   0.0
 1991 313   129  22.2  21.2  19.9  18.9  18.2  17.7  17.5  17.5   0.0   0.0
 1991 314   130  22.0  21.1  19.8  18.8  18.1  17.7  17.5  17.5   0.0   0.0
 1991 315   131  21.2  20.3  19.2  18.3  17.8  17.4  17.4  17.4   0.0   0.0
 1991 316   132  20.5  19.7  18.8  18.0  17.5  17.3  17.2  17.3   0.0   0.0
 1991 317   133  20.3  19.5  18.6  17.9  17.5  17.2  17.2  17.3   0.0   0.0
 1991 318   134  19.3  18.7  18.0  17.4  17.1  17.0  17.1  17.2   0.0   0.0
 1991 319   135  18.7  18.2  17.5  17.1  16.9  16.8  17.0  17.1   0.0   0.0
 1991 320   136  19.4  18.7  18.0  17.4  17.1  17.0  17.0  17.1   0.0   0.0
 1991 321   137  20.0  19.3  18.4  17.7  17.4  17.1  17.1  17.2   0.0   0.0
 1991 322   138  21.2  20.4  19.2  18.4  17.8  17.4  17.3  17.3   0.0   0.0
 1991 323   139  21.9  20.9  19.7  18.7  18.0  17.6  17.4  17.4   0.0   0.0
 1991 324   140  22.4  21.4  20.1  19.0  18.3  17.7  17.5  17.5   0.0   0.0
 1991 325   141  23.6  22.4  20.9  19.6  18.7  18.0  17.7  17.6   0.0   0.0
 1991 326   142  25.5  24.1  22.2  20.5  19.4  18.5  18.0  17.8   0.0   0.0
 1991 327   143  27.1  25.5  23.3  21.3  20.0  18.8  18.2  18.0   0.0   0.0
 1991 328   144  26.7  25.1  23.0  21.1  19.9  18.7  18.1  17.9   0.0   0.0
 1991 329   145  25.6  24.2  22.3  20.6  19.5  18.5  18.0  17.8   0.0   0.0
 1991 330   146  24.0  22.8  21.2  19.8  18.9  18.1  17.7  17.6   0.0   0.0
 1991 331   147  22.1  21.2  20.0  18.9  18.2  17.7  17.4  17.4   0.0   0.0
 1991 332   148  20.9  20.1  19.1  18.3  17.7  17.3  17.2  17.2   0.0   0.0
 1991 333   149  21.9  21.0  19.8  18.8  18.1  17.6  17.4  17.4   0.0   0.0
 1991 334   150  23.8  22.7  21.1  19.8  18.9  18.1  17.7  17.6   0.0   0.0
 1991 335   151  25.4  24.0  22.2  20.6  19.5  18.5  17.9  17.8   0.0   0.0
 1991 336   152  26.7  25.1  23.1  21.3  20.0  18.8  18.1  17.9   0.0   0.0
 1991 337   153  26.5  25.0  23.0  21.2  19.9  18.7  18.1  17.9   0.0   0.0
 1991 338   154  27.6  26.0  23.7  21.7  20.3  19.0  18.3  18.0   0.0   0.0
 1991 339   155  27.3  25.7  23.5  21.6  20.2  18.9  18.2  18.0   0.0   0.0
 1991 340   156  28.1  26.4  24.1  22.0  20.5  19.2  18.4  18.0   0.0   0.0
 1991 341   157  27.6  26.0  23.8  21.8  20.4  19.0  18.3  18.0   0.0   0.0
 1991 342   158  28.2  26.5  24.1  22.0  20.6  19.2  18.4  18.0   0.0   0.0
 1991 343   159  26.6  25.1  23.1  21.3  20.0  18.8  18.1  17.9   0.0   0.0
 1991 344   160  26.6  25.1  23.1  21.3  20.0  18.8  18.1  17.9   0.0   0.0
 1991 345   161  25.7  24.4  22.5  20.8  19.7  18.6  18.0  17.8   0.0   0.0
 1991 346   162  24.9  23.6  21.9  20.4  19.3  18.4  17.8  17.7   0.0   0.0
 1991 347   163  24.6  23.4  21.7  20.3  19.2  18.3  17.8  17.6   0.0   0.0
 1991 348   164  24.4  23.2  21.6  20.2  19.2  18.2  17.8  17.6   0.0   0.0
 1991 349   165  23.5  22.5  21.1  19.8  18.9  18.0  17.6  17.5   0.0   0.0
 1991 350   166  23.4  22.4  21.0  19.7  18.8  18.0  17.6  17.5   0.0   0.0
 1991 351   167  24.3  23.1  21.6  20.2  19.2  18.2  17.8  17.6   0.0   0.0
 1991 352   168  24.8  23.6  21.9  20.4  19.4  18.4  17.8  17.6   0.0   0.0
 1991 353   169  26.4  25.0  23.0  21.3  20.0  18.8  18.1  17.8   0.0   0.0
 1991 354   170  28.0  26.4  24.2  22.2  20.7  19.2  18.4  18.0   0.0   0.0
 1991 355   171  29.2  27.4  25.0  22.8  21.1  19.5  18.6  18.2   0.0   0.0
 1991 356   172  29.0  27.3  24.9  22.7  21.1  19.5  18.5  18.1   0.0   0.0
 1991 357   173  28.8  27.1  24.7  22.6  21.0  19.4  18.5  18.1   0.0   0.0
 1991 358   174  28.8  27.2  24.8  22.6  21.1  19.5  18.5  18.1   0.0   0.0
 1991 359   175  27.8  26.3  24.1  22.1  20.7  19.2  18.4  18.0   0.0   0.0
 1991 360   176  26.1  24.8  22.9  21.2  20.0  18.8  18.1  17.8   0.0   0.0
 1991 361   177  25.8  24.5  22.7  21.1  19.9  18.7  18.0  17.8   0.0   0.0
 1991 362   178  25.3  24.1  22.4  20.8  19.7  18.6  17.9  17.7   0.0   0.0
 1991 363   179  25.0  23.8  22.2  20.7  19.6  18.5  17.9  17.7   0.0   0.0
 1991 364   180  25.8  24.5  22.7  21.1  19.9  18.7  18.0  17.8   0.0   0.0
 1991 365   181  27.5  26.0  23.9  22.0  20.6  19.1  18.3  18.0   0.0   0.0
 1992 001   182  27.9  26.4  24.2  22.1  20.7  19.2  18.4  18.0   0.0   0.0
 1992 002   183  28.2  26.6  24.4  22.3  20.8  19.3  18.4  18.0   0.0   0.0
 1992 003   184  27.1  25.7  23.7  21.8  20.4  19.0  18.2  17.9   0.0   0.0
 1992 004   185  26.5  25.2  23.3  21.5  20.2  18.9  18.2  17.9   0.0   0.0
 1992 005   186  26.0  24.7  22.9  21.2  20.0  18.8  18.1  17.8   0.0   0.0
 1992 006   187  25.8  24.6  22.8  21.2  19.9  18.7  18.0  17.8   0.0   0.0

*DSSAT Cropping System Model Ver. 4.0.2.000               Jul 19, 2016; 16:39:22

*RUN   3        : UYMZ                    
 MODEL          : MZCER040 - Maize           
 EXPERIMENT     : UYMZ0036 MZ    late to create DSS                             
 TREATMENT  1   : UYMZ                    

@YEAR DOY   DAS  TS1D  TS2D  TS3D  TS4D  TS5D  TS6D  TS7D  TS8D  TS9D  TS10
 1992 184     0   9.9  11.1  12.7  14.2  15.3  16.4  16.9  17.2   0.0   0.0
 1992 185     1  10.3  11.4  12.9  14.4  15.4  16.4  17.0  17.2   0.0   0.0
 1992 186     2  10.9  11.9  13.3  14.7  15.6  16.6  17.1  17.2   0.0   0.0
 1992 187     3  11.1  12.1  13.5  14.8  15.7  16.6  17.1  17.3   0.0   0.0
 1992 188     4  10.7  11.7  13.2  14.6  15.6  16.5  17.0  17.2   0.0   0.0
 1992 189     5  10.1  11.2  12.8  14.2  15.3  16.4  16.9  17.2   0.0   0.0
 1992 190     6  10.5  11.5  13.0  14.4  15.4  16.4  17.0  17.2   0.0   0.0
 1992 191     7  11.2  12.1  13.5  14.8  15.7  16.6  17.1  17.3   0.0   0.0
 1992 192     8  13.0  13.7  14.7  15.7  16.4  17.0  17.4  17.5   0.0   0.0
 1992 193     9  15.6  15.9  16.5  17.0  17.4  17.7  17.8  17.8   0.0   0.0
 1992 194    10  18.3  18.2  18.2  18.3  18.4  18.3  18.2  18.0   0.0   0.0
 1992 195    11  20.0  19.8  19.5  19.2  19.0  18.8  18.5  18.2   0.0   0.0
 1992 196    12  19.5  19.3  19.1  18.9  18.8  18.6  18.4  18.2   0.0   0.0
 1992 197    13  17.0  17.1  17.3  17.6  17.8  18.0  18.0  17.9   0.0   0.0
 1992 198    14  13.8  14.3  15.2  16.0  16.6  17.2  17.5  17.5   0.0   0.0
 1992 199    15  10.8  11.8  13.1  14.4  15.4  16.4  17.0  17.2   0.0   0.0
 1992 200    16   7.7   9.0  11.0  12.8  14.2  15.6  16.5  16.8   0.0   0.0
 1992 201    17   6.7   8.2  10.3  12.3  13.8  15.4  16.3  16.7   0.0   0.0
 1992 202    18   7.9   9.2  11.1  12.9  14.2  15.6  16.5  16.9   0.0   0.0
 1992 203    19   8.7   9.9  11.6  13.3  14.5  15.8  16.6  16.9   0.0   0.0
 1992 204    20   8.7   9.9  11.6  13.3  14.5  15.8  16.6  16.9   0.0   0.0
 1992 205    21   8.8  10.0  11.7  13.3  14.6  15.8  16.6  16.9   0.0   0.0
 1992 206    22   8.7   9.9  11.6  13.2  14.5  15.8  16.6  16.9   0.0   0.0
 1992 207    23   8.6   9.8  11.5  13.2  14.4  15.8  16.6  16.9   0.0   0.0
 1992 208    24   9.1  10.2  11.8  13.4  14.6  15.9  16.6  17.0   0.0   0.0
 1992 209    25  10.2  11.1  12.6  13.9  15.0  16.1  16.8  17.1   0.0   0.0
 1992 210    26  10.6  11.5  12.8  14.1  15.1  16.2  16.9  17.1   0.0   0.0
 1992 211    27  11.9  12.6  13.7  14.8  15.6  16.5  17.1  17.3   0.0   0.0
 1992 212    28  11.8  12.5  13.6  14.7  15.6  16.5  17.0  17.2   0.0   0.0
 1992 213    29  11.2  12.0  13.2  14.4  15.4  16.3  16.9  17.2   0.0   0.0
 1992 214    30  10.3  11.2  12.6  13.9  15.0  16.1  16.8  17.1   0.0   0.0
 1992 215    31  10.5  11.3  12.7  14.0  15.0  16.1  16.8  17.1   0.0   0.0
 1992 216    32   9.8  10.8  12.2  13.6  14.8  15.9  16.7  17.0   0.0   0.0
 1992 217    33   9.5  10.5  11.9  13.4  14.6  15.8  16.6  16.9   0.0   0.0
 1992 218    34  10.4  11.3  12.6  13.9  15.0  16.1  16.8  17.1   0.0   0.0
 1992 219    35  13.2  13.7  14.5  15.3  16.0  16.7  17.2  17.4   0.0   0.0
 1992 220    36  14.7  14.9  15.5  16.0  16.5  17.1  17.4  17.5   0.0   0.0
 1992 221    37  14.4  14.7  15.3  15.9  16.4  17.0  17.4  17.5   0.0   0.0
 1992 222    38  14.4  14.7  15.3  15.9  16.4  17.0  17.3  17.5   0.0   0.0
 1992 223    39  14.4  14.7  15.2  15.9  16.4  17.0  17.3  17.5   0.0   0.0
 1992 224    40  12.8  13.3  14.1  15.0  15.7  16.6  17.1  17.3   0.0   0.0
 1992 225    41  12.1  12.7  13.7  14.7  15.5  16.4  17.0  17.2   0.0   0.0
 1992 226    42  13.2  13.7  14.4  15.2  15.9  16.6  17.1  17.3   0.0   0.0
 1992 227    43  14.3  14.6  15.1  15.7  16.3  16.9  17.3  17.4   0.0   0.0
 1992 228    44  14.8  15.0  15.4  16.0  16.5  17.0  17.3  17.5   0.0   0.0
 1992 229    45  16.0  16.1  16.3  16.6  16.9  17.3  17.5  17.6   0.0   0.0
 1992 230    46  17.2  17.1  17.1  17.2  17.4  17.6  17.7  17.7   0.0   0.0
 1992 231    47  17.9  17.7  17.5  17.5  17.6  17.7  17.8  17.8   0.0   0.0
 1992 232    48  18.2  18.0  17.7  17.7  17.7  17.8  17.8  17.8   0.0   0.0
 1992 233    49  18.4  18.1  17.9  17.8  17.8  17.8  17.9  17.8   0.0   0.0
 1992 234    50  18.7  18.3  18.0  17.8  17.8  17.9  17.9  17.9   0.0   0.0
 1992 235    51  18.3  18.0  17.8  17.7  17.7  17.8  17.8  17.8   0.0   0.0
 1992 236    52  18.2  17.9  17.6  17.6  17.6  17.7  17.8  17.8   0.0   0.0
 1992 237    53  18.4  18.1  17.8  17.7  17.7  17.8  17.8  17.8   0.0   0.0
 1992 238    54  18.8  18.5  18.1  17.9  17.8  17.8  17.9  17.8   0.0   0.0
 1992 239    55  18.4  18.1  17.8  17.6  17.6  17.7  17.8  17.8   0.0   0.0
 1992 240    56  19.1  18.7  18.2  18.0  17.9  17.9  17.9  17.9   0.0   0.0
 1992 241    57  19.1  18.6  18.2  17.9  17.9  17.8  17.9  17.8   0.0   0.0
 1992 242    58  19.6  19.1  18.5  18.2  18.0  18.0  17.9  17.9   0.0   0.0
 1992 243    59  19.6  19.1  18.5  18.2  18.0  18.0  17.9  17.9   0.0   0.0
 1992 244    60  18.6  18.2  17.9  17.7  17.6  17.7  17.8  17.8   0.0   0.0
 1992 245    61  16.7  16.6  16.5  16.7  16.9  17.2  17.4  17.5   0.0   0.0
 1992 246    62  15.8  15.8  15.9  16.2  16.5  17.0  17.3  17.4   0.0   0.0
 1992 247    63  14.6  14.8  15.1  15.6  16.0  16.6  17.1  17.3   0.0   0.0
 1992 248    64  14.2  14.4  14.8  15.3  15.9  16.5  17.0  17.2   0.0   0.0
 1992 249    65  15.3  15.3  15.5  15.9  16.3  16.8  17.2  17.3   0.0   0.0
 1992 250    66  16.3  16.2  16.2  16.4  16.6  17.0  17.3  17.4   0.0   0.0
 1992 251    67  17.5  17.2  17.0  17.0  17.1  17.3  17.5  17.6   0.0   0.0
 1992 252    68  18.0  17.7  17.3  17.2  17.3  17.4  17.6  17.6   0.0   0.0
 1992 253    69  18.3  17.9  17.5  17.3  17.3  17.5  17.6  17.6   0.0   0.0
 1992 254    70  18.4  18.0  17.6  17.4  17.4  17.5  17.6  17.6   0.0   0.0
 1992 255    71  18.8  18.3  17.9  17.6  17.5  17.6  17.6  17.7   0.0   0.0
 1992 256    72  18.7  18.2  17.8  17.5  17.5  17.5  17.6  17.6   0.0   0.0
 1992 257    73  18.1  17.7  17.4  17.2  17.2  17.4  17.5  17.6   0.0   0.0
 1992 258    74  18.0  17.6  17.3  17.1  17.1  17.3  17.5  17.5   0.0   0.0
 1992 259    75  18.0  17.6  17.2  17.1  17.1  17.3  17.5  17.5   0.0   0.0
 1992 260    76  18.1  17.7  17.3  17.2  17.2  17.3  17.5  17.5   0.0   0.0
 1992 261    77  19.3  18.7  18.1  17.7  17.6  17.6  17.6  17.7   0.0   0.0
 1992 262    78  19.5  18.9  18.3  17.8  17.7  17.6  17.7  17.7   0.0   0.0
 1992 263    79  19.5  18.9  18.3  17.8  17.7  17.6  17.6  17.7   0.0   0.0
 1992 264    80  20.2  19.5  18.7  18.1  17.9  17.8  17.7  17.7   0.0   0.0
 1992 265    81  21.5  20.6  19.6  18.8  18.4  18.1  17.9  17.9   0.0   0.0
 1992 266    82  19.3  18.7  18.1  17.7  17.5  17.5  17.6  17.6   0.0   0.0
 1992 267    83  19.3  18.7  18.1  17.7  17.5  17.5  17.6  17.6   0.0   0.0
 1992 268    84  18.3  17.9  17.4  17.2  17.1  17.2  17.4  17.5   0.0   0.0
 1992 269    85  16.2  16.0  16.0  16.1  16.3  16.7  17.0  17.2   0.0   0.0
 1992 270    86  13.4  13.6  14.0  14.6  15.2  16.0  16.6  16.9   0.0   0.0
 1992 271    87  14.3  14.4  14.6  15.1  15.5  16.2  16.7  17.0   0.0   0.0
 1992 272    88  15.0  15.0  15.1  15.4  15.8  16.3  16.8  17.1   0.0   0.0
 1992 273    89  16.6  16.4  16.2  16.2  16.4  16.7  17.1  17.2   0.0   0.0
 1992 274    90  19.1  18.5  17.9  17.5  17.3  17.3  17.4  17.5   0.0   0.0
 1992 275    91  21.1  20.3  19.3  18.5  18.1  17.8  17.7  17.7   0.0   0.0
 1992 276    92  21.6  20.7  19.6  18.7  18.3  17.9  17.8  17.8   0.0   0.0
 1992 277    93  21.5  20.6  19.5  18.7  18.2  17.9  17.8  17.7   0.0   0.0
 1992 278    94  21.8  20.9  19.7  18.8  18.3  18.0  17.8  17.8   0.0   0.0
 1992 279    95  20.4  19.6  18.7  18.1  17.8  17.6  17.6  17.6   0.0   0.0
 1992 280    96  18.9  18.3  17.7  17.3  17.2  17.2  17.3  17.4   0.0   0.0
 1992 281    97  17.8  17.4  16.9  16.7  16.7  16.9  17.1  17.3   0.0   0.0
 1992 282    98  17.4  17.0  16.7  16.5  16.6  16.8  17.1  17.2   0.0   0.0
 1992 283    99  16.7  16.5  16.2  16.2  16.3  16.6  17.0  17.2   0.0   0.0
 1992 284   100  18.0  17.6  17.1  16.8  16.8  16.9  17.2  17.3   0.0   0.0
 1992 285   101  19.7  19.0  18.2  17.7  17.4  17.4  17.4  17.5   0.0   0.0
 1992 286   102  21.3  20.5  19.4  18.5  18.1  17.7  17.7  17.6   0.0   0.0
 1992 287   103  22.6  21.6  20.2  19.2  18.5  18.0  17.8  17.8   0.0   0.0
 1992 288   104  24.2  22.9  21.3  19.9  19.1  18.4  18.1  17.9   0.0   0.0
 1992 289   105  24.9  23.5  21.7  20.3  19.4  18.6  18.2  18.0   0.0   0.0
 1992 290   106  24.0  22.8  21.2  19.9  19.0  18.4  18.0  17.9   0.0   0.0
 1992 291   107  23.5  22.4  20.8  19.6  18.8  18.2  17.9  17.8   0.0   0.0
 1992 292   108  22.8  21.7  20.3  19.2  18.5  18.0  17.8  17.7   0.0   0.0
 1992 293   109  20.9  20.1  19.0  18.2  17.8  17.6  17.5  17.5   0.0   0.0
 1992 294   110  19.1  18.5  17.8  17.3  17.1  17.1  17.2  17.3   0.0   0.0
 1992 295   111  19.1  18.5  17.8  17.3  17.1  17.1  17.2  17.3   0.0   0.0
 1992 296   112  19.6  19.0  18.2  17.6  17.3  17.2  17.3  17.4   0.0   0.0
 1992 297   113  20.7  19.9  18.9  18.1  17.7  17.5  17.4  17.5   0.0   0.0
 1992 298   114  22.9  21.8  20.4  19.2  18.5  18.0  17.8  17.7   0.0   0.0
 1992 299   115  24.2  22.9  21.2  19.9  19.0  18.3  18.0  17.8   0.0   0.0
 1992 300   116  25.4  24.0  22.1  20.5  19.5  18.6  18.1  18.0   0.0   0.0
 1992 301   117  26.6  25.0  22.9  21.1  19.9  18.9  18.3  18.1   0.0   0.0
 1992 302   118  24.4  23.1  21.4  20.0  19.1  18.3  18.0  17.8   0.0   0.0
 1992 303   119  22.8  21.7  20.3  19.1  18.4  17.9  17.7  17.6   0.0   0.0
 1992 304   120  22.0  21.0  19.8  18.8  18.2  17.7  17.6  17.6   0.0   0.0
 1992 305   121  21.3  20.4  19.2  18.4  17.9  17.5  17.5  17.5   0.0   0.0
 1992 306   122  20.7  19.9  18.8  18.1  17.6  17.4  17.4  17.4   0.0   0.0
 1992 307   123  23.4  22.2  20.7  19.4  18.6  18.0  17.8  17.7   0.0   0.0
 1992 308   124  23.2  22.1  20.6  19.4  18.6  18.0  17.7  17.7   0.0   0.0
 1992 309   125  22.0  21.0  19.7  18.7  18.1  17.7  17.5  17.5   0.0   0.0
 1992 310   126  20.6  19.8  18.8  18.0  17.6  17.3  17.3  17.4   0.0   0.0
 1992 311   127  19.1  18.5  17.8  17.3  17.0  17.0  17.1  17.2   0.0   0.0
 1992 312   128  17.5  17.1  16.7  16.4  16.4  16.6  16.8  17.0   0.0   0.0
 1992 313   129  18.3  17.8  17.3  16.9  16.7  16.8  16.9  17.1   0.0   0.0
 1992 314   130  21.0  20.2  19.1  18.2  17.7  17.4  17.4  17.4   0.0   0.0
 1992 315   131  22.2  21.2  19.9  18.8  18.2  17.7  17.5  17.5   0.0   0.0
 1992 316   132  23.8  22.6  21.0  19.6  18.8  18.1  17.8  17.7   0.0   0.0
 1992 317   133  25.4  23.9  22.0  20.4  19.3  18.4  18.0  17.8   0.0   0.0
 1992 318   134  26.0  24.5  22.5  20.7  19.6  18.6  18.1  17.9   0.0   0.0
 1992 319   135  26.1  24.6  22.5  20.8  19.6  18.6  18.1  17.9   0.0   0.0
 1992 320   136  26.9  25.2  23.0  21.2  19.9  18.8  18.2  18.0   0.0   0.0
 1992 321   137  25.7  24.2  22.3  20.6  19.5  18.5  18.0  17.8   0.0   0.0
 1992 322   138  24.2  22.9  21.3  19.8  18.9  18.1  17.8  17.7   0.0   0.0
 1992 323   139  23.4  22.2  20.7  19.4  18.6  17.9  17.6  17.6   0.0   0.0
 1992 324   140  23.0  21.9  20.4  19.2  18.5  17.8  17.6  17.5   0.0   0.0
 1992 325   141  23.6  22.4  20.8  19.5  18.7  18.0  17.7  17.6   0.0   0.0
 1992 326   142  23.5  22.3  20.8  19.5  18.6  18.0  17.6  17.6   0.0   0.0
 1992 327   143  23.1  22.0  20.5  19.3  18.5  17.9  17.6  17.5   0.0   0.0
 1992 328   144  22.4  21.4  20.1  18.9  18.2  17.7  17.5  17.4   0.0   0.0
 1992 329   145  21.9  20.9  19.7  18.7  18.0  17.5  17.4  17.4   0.0   0.0
 1992 330   146  20.9  20.1  19.0  18.2  17.7  17.3  17.2  17.3   0.0   0.0
 1992 331   147  21.7  20.8  19.6  18.6  18.0  17.5  17.4  17.4   0.0   0.0
 1992 332   148  23.2  22.1  20.6  19.3  18.5  17.9  17.6  17.5   0.0   0.0
 1992 333   149  24.5  23.2  21.5  20.0  19.0  18.2  17.8  17.6   0.0   0.0
 1992 334   150  25.2  23.8  22.0  20.4  19.3  18.3  17.9  17.7   0.0   0.0
 1992 335   151  26.0  24.5  22.5  20.8  19.6  18.5  18.0  17.8   0.0   0.0
 1992 336   152  25.9  24.4  22.5  20.8  19.6  18.5  18.0  17.8   0.0   0.0
 1992 337   153  25.5  24.1  22.2  20.5  19.4  18.4  17.9  17.7   0.0   0.0
 1992 338   154  25.5  24.1  22.2  20.5  19.4  18.4  17.9  17.7   0.0   0.0
 1992 339   155  25.5  24.1  22.2  20.6  19.4  18.4  17.9  17.7   0.0   0.0
 1992 340   156  25.4  24.0  22.2  20.5  19.4  18.4  17.9  17.7   0.0   0.0
 1992 341   157  26.3  24.8  22.8  21.0  19.7  18.6  18.0  17.8   0.0   0.0
 1992 342   158  26.6  25.1  23.0  21.1  19.9  18.7  18.1  17.8   0.0   0.0
 1992 343   159  26.8  25.2  23.1  21.2  19.9  18.7  18.1  17.8   0.0   0.0
 1992 344   160  26.2  24.8  22.7  21.0  19.7  18.6  18.0  17.8   0.0   0.0
 1992 345   161  26.2  24.7  22.7  20.9  19.7  18.6  18.0  17.8   0.0   0.0
 1992 346   162  25.6  24.2  22.3  20.7  19.5  18.5  17.9  17.7   0.0   0.0
 1992 347   163  25.8  24.4  22.5  20.8  19.6  18.5  17.9  17.7   0.0   0.0
 1992 348   164  26.3  24.8  22.8  21.0  19.8  18.6  18.0  17.8   0.0   0.0
 1992 349   165  26.8  25.2  23.1  21.3  19.9  18.7  18.1  17.8   0.0   0.0
 1992 350   166  27.0  25.4  23.3  21.4  20.0  18.8  18.1  17.8   0.0   0.0
 1992 351   167  27.5  25.9  23.7  21.7  20.2  18.9  18.2  17.9   0.0   0.0
 1992 352   168  27.5  25.9  23.7  21.6  20.2  18.9  18.2  17.9   0.0   0.0
 1992 353   169  27.5  25.9  23.7  21.7  20.2  18.9  18.2  17.9   0.0   0.0
 1992 354   170  27.7  26.0  23.8  21.7  20.3  18.9  18.2  17.9   0.0   0.0
 1992 355   171  28.7  26.9  24.5  22.3  20.7  19.2  18.3  18.0   0.0   0.0
 1992 356   172  29.3  27.4  24.9  22.6  20.9  19.3  18.4  18.1   0.0   0.0
 1992 357   173  29.5  27.6  25.0  22.7  21.0  19.4  18.5  18.1   0.0   0.0
 1992 358   174  28.8  27.1  24.6  22.4  20.8  19.2  18.4  18.0   0.0   0.0
 1992 359   175  28.7  27.0  24.5  22.3  20.7  19.2  18.4  18.0   0.0   0.0
 1992 360   176  27.5  25.9  23.7  21.8  20.3  19.0  18.2  17.9   0.0   0.0
 1992 361   177  26.6  25.2  23.2  21.3  20.0  18.8  18.1  17.8   0.0   0.0
 1992 362   178  26.7  25.2  23.2  21.4  20.0  18.8  18.1  17.8   0.0   0.0
 1992 363   179  27.6  26.0  23.8  21.8  20.4  19.0  18.2  17.9   0.0   0.0
 1992 364   180  26.9  25.5  23.4  21.5  20.1  18.8  18.1  17.8   0.0   0.0
 1992 365   181  26.2  24.8  22.9  21.1  19.9  18.7  18.0  17.8   0.0   0.0
 1992 366   182  24.9  23.7  22.0  20.5  19.4  18.4  17.8  17.6   0.0   0.0
 1993 001   183  23.6  22.6  21.1  19.8  18.9  18.1  17.6  17.5   0.0   0.0
 1993 002   184  21.7  20.9  19.9  18.9  18.3  17.6  17.4  17.3   0.0   0.0
 1993 003   185  21.0  20.4  19.5  18.6  18.0  17.5  17.3  17.2   0.0   0.0
 1993 004   186  21.8  21.1  20.0  19.1  18.3  17.7  17.4  17.3   0.0   0.0
 1993 005   187  23.7  22.7  21.3  20.0  19.1  18.2  17.7  17.5   0.0   0.0
 1993 006   188  25.7  24.5  22.7  21.1  19.9  18.7  18.0  17.8   0.0   0.0
 1993 007   189  26.7  25.3  23.4  21.6  20.3  18.9  18.2  17.9   0.0   0.0
 1993 008   190  27.6  26.1  24.0  22.1  20.6  19.2  18.3  18.0   0.0   0.0
 1993 009   191  27.5  26.1  24.0  22.1  20.6  19.2  18.3  18.0   0.0   0.0
 1993 010   192  27.6  26.2  24.1  22.1  20.7  19.2  18.4  18.0   0.0   0.0
 1993 011   193  27.7  26.2  24.1  22.2  20.7  19.2  18.4  18.0   0.0   0.0
 1993 012   194  28.9  27.2  24.9  22.8  21.2  19.5  18.5  18.1   0.0   0.0
 1993 013   195  30.0  28.2  25.7  23.4  21.6  19.8  18.7  18.3   0.0   0.0
 1993 014   196  30.5  28.7  26.1  23.6  21.8  20.0  18.8  18.3   0.0   0.0

*DSSAT Cropping System Model Ver. 4.0.2.000               Jul 19, 2016; 16:39:22

*RUN   4        : UYMZ                    
 MODEL          : MZCER040 - Maize           
 EXPERIMENT     : UYMZ0036 MZ    late to create DSS                             
 TREATMENT  1   : UYMZ                    

@YEAR DOY   DAS  TS1D  TS2D  TS3D  TS4D  TS5D  TS6D  TS7D  TS8D  TS9D  TS10
 1993 184     0  11.9  12.7  14.0  15.2  16.0  16.8  17.2  17.4   0.0   0.0
 1993 185     1  11.9  12.8  14.0  15.2  16.1  16.8  17.2  17.4   0.0   0.0
 1993 186     2  11.9  12.7  14.0  15.2  16.0  16.8  17.2  17.4   0.0   0.0
 1993 187     3  11.1  12.1  13.5  14.8  15.7  16.6  17.1  17.3   0.0   0.0
 1993 188     4  10.5  11.5  13.0  14.4  15.5  16.5  17.0  17.2   0.0   0.0
 1993 189     5  10.9  11.9  13.3  14.6  15.6  16.5  17.1  17.2   0.0   0.0
 1993 190     6  11.1  12.0  13.4  14.7  15.7  16.6  17.1  17.3   0.0   0.0
 1993 191     7  10.4  11.5  13.0  14.4  15.4  16.4  17.0  17.2   0.0   0.0
 1993 192     8  11.1  12.1  13.4  14.7  15.7  16.6  17.1  17.3   0.0   0.0
 1993 193     9  11.6  12.5  13.7  14.9  15.8  16.7  17.2  17.3   0.0   0.0
 1993 194    10  10.5  11.5  13.0  14.4  15.4  16.4  17.0  17.2   0.0   0.0
 1993 195    11   9.7  10.8  12.4  13.9  15.1  16.2  16.8  17.1   0.0   0.0
 1993 196    12   9.9  11.0  12.5  14.0  15.1  16.2  16.9  17.1   0.0   0.0
 1993 197    13   9.9  11.0  12.5  14.0  15.1  16.2  16.9  17.1   0.0   0.0
 1993 198    14  10.3  11.3  12.8  14.2  15.2  16.3  16.9  17.1   0.0   0.0
 1993 199    15  11.3  12.2  13.5  14.7  15.6  16.5  17.1  17.3   0.0   0.0
 1993 200    16  13.7  14.3  15.1  15.9  16.5  17.1  17.4  17.5   0.0   0.0
 1993 201    17  16.8  16.9  17.2  17.5  17.7  17.9  17.9  17.9   0.0   0.0
 1993 202    18  17.6  17.6  17.7  17.9  18.0  18.1  18.0  18.0   0.0   0.0
 1993 203    19  18.4  18.3  18.3  18.3  18.3  18.3  18.2  18.0   0.0   0.0
 1993 204    20  19.2  19.0  18.8  18.7  18.6  18.4  18.3  18.1   0.0   0.0
 1993 205    21  17.3  17.3  17.4  17.6  17.8  17.9  18.0  17.9   0.0   0.0
 1993 206    22  14.3  14.7  15.4  16.1  16.6  17.2  17.5  17.6   0.0   0.0
 1993 207    23  12.8  13.4  14.4  15.3  16.1  16.8  17.2  17.4   0.0   0.0
 1993 208    24  12.7  13.3  14.3  15.3  16.0  16.8  17.2  17.4   0.0   0.0
 1993 209    25  12.0  12.7  13.8  14.9  15.7  16.6  17.1  17.3   0.0   0.0
 1993 210    26  11.4  12.2  13.4  14.6  15.5  16.4  17.0  17.2   0.0   0.0
 1993 211    27  11.0  11.8  13.1  14.3  15.3  16.3  16.9  17.2   0.0   0.0
 1993 212    28  11.1  11.9  13.1  14.3  15.3  16.3  16.9  17.2   0.0   0.0
 1993 213    29   9.7  10.7  12.2  13.6  14.8  15.9  16.7  17.0   0.0   0.0
 1993 214    30   9.5  10.5  12.0  13.5  14.6  15.9  16.6  17.0   0.0   0.0
 1993 215    31  10.3  11.2  12.5  13.9  14.9  16.1  16.8  17.1   0.0   0.0
 1993 216    32  11.8  12.5  13.6  14.6  15.5  16.4  17.0  17.2   0.0   0.0
 1993 217    33  14.4  14.7  15.3  15.9  16.5  17.1  17.4  17.5   0.0   0.0
 1993 218    34  17.4  17.3  17.3  17.5  17.6  17.8  17.9  17.8   0.0   0.0
 1993 219    35  19.8  19.4  19.0  18.7  18.5  18.4  18.2  18.1   0.0   0.0
 1993 220    36  19.7  19.3  18.9  18.6  18.5  18.3  18.2  18.1   0.0   0.0
 1993 221    37  18.6  18.4  18.2  18.1  18.1  18.1  18.0  18.0   0.0   0.0
 1993 222    38  16.6  16.6  16.8  17.0  17.3  17.5  17.7  17.7   0.0   0.0
 1993 223    39  14.5  14.8  15.3  15.9  16.4  17.0  17.4  17.5   0.0   0.0
 1993 224    40  12.8  13.3  14.2  15.0  15.8  16.6  17.1  17.3   0.0   0.0
 1993 225    41  14.0  14.3  14.9  15.6  16.2  16.8  17.2  17.4   0.0   0.0
 1993 226    42  15.6  15.7  16.0  16.4  16.8  17.2  17.5  17.6   0.0   0.0
 1993 227    43  17.4  17.3  17.2  17.3  17.5  17.7  17.8  17.8   0.0   0.0
 1993 228    44  18.1  17.9  17.7  17.7  17.7  17.8  17.9  17.8   0.0   0.0
 1993 229    45  17.2  17.1  17.0  17.2  17.3  17.6  17.7  17.7   0.0   0.0
 1993 230    46  16.2  16.2  16.3  16.6  16.9  17.3  17.5  17.6   0.0   0.0
 1993 231    47  15.7  15.8  16.0  16.4  16.8  17.2  17.5  17.5   0.0   0.0
 1993 232    48  14.8  15.0  15.4  15.9  16.4  16.9  17.3  17.4   0.0   0.0
 1993 233    49  14.4  14.6  15.1  15.7  16.2  16.8  17.2  17.4   0.0   0.0
 1993 234    50  15.5  15.6  15.8  16.2  16.6  17.1  17.4  17.5   0.0   0.0
 1993 235    51  16.3  16.2  16.4  16.6  16.9  17.2  17.5  17.6   0.0   0.0
 1993 236    52  17.0  16.9  16.9  17.0  17.2  17.4  17.6  17.7   0.0   0.0
 1993 237    53  18.0  17.8  17.5  17.5  17.5  17.7  17.7  17.8   0.0   0.0
 1993 238    54  19.5  19.0  18.5  18.2  18.1  18.0  18.0  17.9   0.0   0.0
 1993 239    55  21.2  20.5  19.7  19.1  18.7  18.4  18.2  18.1   0.0   0.0
 1993 240    56  23.5  22.5  21.2  20.2  19.6  19.0  18.6  18.3   0.0   0.0
 1993 241    57  23.3  22.3  21.1  20.1  19.5  18.9  18.5  18.3   0.0   0.0
 1993 242    58  22.2  21.3  20.3  19.5  19.0  18.6  18.3  18.2   0.0   0.0
 1993 243    59  19.9  19.4  18.7  18.3  18.1  18.0  18.0  17.9   0.0   0.0
 1993 244    60  17.3  17.1  17.0  17.0  17.1  17.4  17.5  17.6   0.0   0.0
 1993 245    61  14.2  14.4  14.8  15.4  15.9  16.6  17.0  17.2   0.0   0.0
 1993 246    62  13.5  13.8  14.3  15.0  15.6  16.4  16.9  17.1   0.0   0.0
 1993 247    63  14.6  14.7  15.1  15.5  16.0  16.6  17.1  17.3   0.0   0.0
 1993 248    64  16.2  16.1  16.2  16.4  16.6  17.0  17.3  17.4   0.0   0.0
 1993 249    65  17.8  17.5  17.3  17.2  17.2  17.4  17.6  17.6   0.0   0.0
 1993 250    66  18.4  18.0  17.6  17.5  17.4  17.5  17.6  17.7   0.0   0.0
 1993 251    67  18.5  18.1  17.7  17.5  17.4  17.5  17.6  17.7   0.0   0.0
 1993 252    68  17.8  17.5  17.2  17.1  17.2  17.4  17.5  17.6   0.0   0.0
 1993 253    69  17.6  17.3  17.1  17.0  17.1  17.3  17.5  17.6   0.0   0.0
 1993 254    70  16.3  16.2  16.2  16.3  16.6  16.9  17.3  17.4   0.0   0.0
 1993 255    71  16.6  16.5  16.4  16.5  16.7  17.0  17.3  17.4   0.0   0.0
 1993 256    72  16.5  16.4  16.3  16.4  16.6  17.0  17.3  17.4   0.0   0.0
 1993 257    73  16.3  16.1  16.1  16.3  16.5  16.9  17.2  17.4   0.0   0.0
 1993 258    74  16.4  16.2  16.2  16.3  16.5  16.9  17.2  17.4   0.0   0.0
 1993 259    75  18.1  17.7  17.3  17.2  17.2  17.3  17.5  17.6   0.0   0.0
 1993 260    76  19.0  18.5  18.0  17.6  17.5  17.5  17.6  17.6   0.0   0.0
 1993 261    77  20.3  19.6  18.8  18.3  18.0  17.8  17.8  17.8   0.0   0.0
 1993 262    78  21.2  20.4  19.4  18.7  18.3  18.0  17.9  17.9   0.0   0.0
 1993 263    79  20.8  20.0  19.1  18.5  18.2  17.9  17.9  17.8   0.0   0.0
 1993 264    80  18.3  17.9  17.4  17.2  17.2  17.3  17.4  17.5   0.0   0.0
 1993 265    81  16.1  15.9  15.9  16.0  16.3  16.7  17.1  17.3   0.0   0.0
 1993 266    82  14.5  14.6  14.8  15.2  15.7  16.3  16.8  17.1   0.0   0.0
 1993 267    83  13.4  13.6  14.1  14.7  15.2  16.0  16.6  16.9   0.0   0.0
 1993 268    84  13.2  13.5  13.9  14.6  15.2  16.0  16.6  16.9   0.0   0.0
 1993 269    85  14.0  14.1  14.4  14.9  15.4  16.1  16.7  17.0   0.0   0.0
 1993 270    86  15.8  15.7  15.7  15.8  16.1  16.6  17.0  17.2   0.0   0.0
 1993 271    87  17.2  16.9  16.6  16.5  16.6  16.9  17.2  17.3   0.0   0.0
 1993 272    88  17.7  17.3  17.0  16.8  16.8  17.0  17.2  17.4   0.0   0.0
 1993 273    89  18.1  17.6  17.2  17.0  16.9  17.1  17.3  17.4   0.0   0.0
 1993 274    90  19.4  18.8  18.1  17.6  17.5  17.4  17.5  17.5   0.0   0.0
 1993 275    91  19.1  18.6  17.9  17.5  17.3  17.3  17.4  17.5   0.0   0.0
 1993 276    92  18.7  18.2  17.6  17.3  17.2  17.2  17.4  17.4   0.0   0.0
 1993 277    93  18.6  18.1  17.6  17.2  17.1  17.2  17.3  17.4   0.0   0.0
 1993 278    94  18.3  17.8  17.3  17.0  17.0  17.1  17.3  17.4   0.0   0.0
 1993 279    95  17.8  17.4  17.0  16.8  16.8  16.9  17.2  17.3   0.0   0.0
 1993 280    96  18.6  18.1  17.5  17.2  17.1  17.1  17.3  17.4   0.0   0.0
 1993 281    97  19.9  19.2  18.4  17.8  17.6  17.4  17.5  17.5   0.0   0.0
 1993 282    98  21.6  20.7  19.6  18.7  18.2  17.9  17.7  17.7   0.0   0.0
 1993 283    99  24.2  23.0  21.3  20.0  19.2  18.5  18.1  18.0   0.0   0.0
 1993 284   100  26.7  25.1  23.0  21.3  20.1  19.1  18.5  18.3   0.0   0.0
 1993 285   101  26.8  25.2  23.1  21.3  20.2  19.1  18.5  18.3   0.0   0.0
 1993 286   102  25.5  24.1  22.2  20.6  19.6  18.8  18.3  18.1   0.0   0.0
 1993 287   103  24.3  23.0  21.4  20.0  19.2  18.5  18.1  18.0   0.0   0.0
 1993 288   104  22.9  21.8  20.4  19.3  18.6  18.1  17.9  17.8   0.0   0.0
 1993 289   105  22.5  21.5  20.2  19.1  18.5  18.0  17.8  17.7   0.0   0.0
 1993 290   106  22.6  21.6  20.2  19.2  18.5  18.0  17.8  17.8   0.0   0.0
 1993 291   107  22.9  21.8  20.4  19.3  18.6  18.1  17.9  17.8   0.0   0.0
 1993 292   108  23.1  21.9  20.5  19.4  18.7  18.1  17.9  17.8   0.0   0.0
 1993 293   109  23.0  21.9  20.5  19.4  18.7  18.1  17.9  17.8   0.0   0.0
 1993 294   110  22.2  21.2  19.9  18.9  18.3  17.9  17.7  17.7   0.0   0.0
 1993 295   111  21.1  20.2  19.2  18.4  17.9  17.6  17.5  17.5   0.0   0.0
 1993 296   112  20.3  19.5  18.6  17.9  17.6  17.4  17.4  17.4   0.0   0.0
 1993 297   113  19.3  18.6  17.9  17.4  17.2  17.1  17.2  17.3   0.0   0.0
 1993 298   114  18.0  17.5  17.0  16.7  16.7  16.8  17.0  17.1   0.0   0.0
 1993 299   115  16.8  16.5  16.2  16.1  16.2  16.5  16.8  17.0   0.0   0.0
 1993 300   116  17.4  17.0  16.6  16.4  16.4  16.6  16.9  17.1   0.0   0.0
 1993 301   117  19.6  18.9  18.1  17.5  17.3  17.1  17.2  17.3   0.0   0.0
 1993 302   118  21.6  20.7  19.5  18.6  18.0  17.7  17.5  17.5   0.0   0.0
 1993 303   119  22.6  21.5  20.2  19.1  18.4  17.9  17.7  17.6   0.0   0.0
 1993 304   120  22.7  21.6  20.2  19.1  18.4  17.9  17.7  17.6   0.0   0.0
 1993 305   121  22.2  21.2  19.9  18.9  18.3  17.8  17.6  17.6   0.0   0.0
 1993 306   122  21.7  20.7  19.6  18.6  18.0  17.6  17.5  17.5   0.0   0.0
 1993 307   123  21.9  20.9  19.7  18.7  18.1  17.7  17.5  17.5   0.0   0.0
 1993 308   124  23.2  22.1  20.6  19.4  18.6  18.0  17.7  17.7   0.0   0.0
 1993 309   125  23.3  22.2  20.7  19.5  18.7  18.0  17.7  17.7   0.0   0.0
 1993 310   126  22.8  21.7  20.3  19.2  18.5  17.9  17.7  17.6   0.0   0.0
 1993 311   127  22.4  21.4  20.0  19.0  18.3  17.8  17.6  17.5   0.0   0.0
 1993 312   128  22.2  21.2  19.9  18.9  18.2  17.7  17.5  17.5   0.0   0.0
 1993 313   129  22.3  21.3  20.0  18.9  18.3  17.7  17.6  17.5   0.0   0.0
 1993 314   130  24.3  23.0  21.4  19.9  19.0  18.2  17.9  17.7   0.0   0.0
 1993 315   131  26.4  24.8  22.8  21.0  19.8  18.7  18.2  18.0   0.0   0.0
 1993 316   132  27.1  25.4  23.2  21.3  20.1  18.9  18.3  18.0   0.0   0.0
 1993 317   133  26.2  24.6  22.6  20.9  19.7  18.7  18.1  17.9   0.0   0.0
 1993 318   134  24.1  22.9  21.2  19.8  18.9  18.2  17.8  17.7   0.0   0.0
 1993 319   135  22.0  21.1  19.8  18.8  18.2  17.7  17.5  17.5   0.0   0.0
 1993 320   136  20.9  20.1  19.1  18.2  17.7  17.4  17.3  17.3   0.0   0.0
 1993 321   137  19.7  19.1  18.3  17.6  17.3  17.1  17.1  17.2   0.0   0.0
 1993 322   138  19.3  18.7  18.0  17.4  17.1  17.0  17.0  17.1   0.0   0.0
 1993 323   139  20.4  19.7  18.8  18.0  17.5  17.2  17.2  17.2   0.0   0.0
 1993 324   140  21.7  20.8  19.7  18.7  18.0  17.6  17.4  17.4   0.0   0.0
 1993 325   141  23.4  22.3  20.8  19.5  18.7  18.0  17.7  17.6   0.0   0.0
 1993 326   142  24.9  23.6  21.8  20.3  19.3  18.4  17.9  17.7   0.0   0.0
 1993 327   143  26.3  24.8  22.8  21.0  19.8  18.7  18.1  17.9   0.0   0.0
 1993 328   144  26.6  25.1  23.0  21.2  19.9  18.8  18.2  17.9   0.0   0.0
 1993 329   145  26.1  24.6  22.6  20.9  19.7  18.6  18.1  17.9   0.0   0.0
 1993 330   146  24.4  23.2  21.5  20.1  19.1  18.2  17.8  17.7   0.0   0.0
 1993 331   147  23.0  22.0  20.5  19.3  18.5  17.9  17.6  17.5   0.0   0.0
 1993 332   148  22.0  21.1  19.8  18.8  18.1  17.6  17.4  17.4   0.0   0.0
 1993 333   149  21.8  20.9  19.7  18.7  18.1  17.6  17.4  17.3   0.0   0.0
 1993 334   150  20.6  19.9  19.0  18.1  17.6  17.3  17.2  17.2   0.0   0.0
 1993 335   151  20.7  20.0  19.0  18.2  17.7  17.3  17.2  17.2   0.0   0.0
 1993 336   152  22.2  21.3  20.0  19.0  18.3  17.7  17.4  17.4   0.0   0.0
 1993 337   153  23.3  22.3  20.8  19.5  18.7  18.0  17.6  17.5   0.0   0.0
 1993 338   154  23.0  22.0  20.6  19.4  18.6  17.9  17.6  17.5   0.0   0.0
 1993 339   155  23.6  22.5  21.0  19.7  18.8  18.1  17.7  17.5   0.0   0.0
 1993 340   156  23.7  22.7  21.2  19.8  18.9  18.1  17.7  17.6   0.0   0.0
 1993 341   157  23.6  22.5  21.0  19.7  18.8  18.0  17.7  17.5   0.0   0.0
 1993 342   158  23.6  22.5  21.1  19.8  18.9  18.0  17.7  17.5   0.0   0.0
 1993 343   159  24.8  23.6  21.9  20.4  19.3  18.3  17.8  17.7   0.0   0.0
 1993 344   160  26.1  24.7  22.8  21.0  19.8  18.7  18.0  17.8   0.0   0.0
 1993 345   161  27.6  26.0  23.8  21.8  20.4  19.0  18.3  18.0   0.0   0.0
 1993 346   162  28.5  26.8  24.4  22.3  20.8  19.3  18.4  18.1   0.0   0.0
 1993 347   163  28.0  26.4  24.1  22.0  20.6  19.2  18.3  18.0   0.0   0.0
 1993 348   164  27.5  25.9  23.8  21.8  20.4  19.1  18.3  18.0   0.0   0.0
 1993 349   165  26.1  24.8  22.9  21.1  19.9  18.7  18.1  17.8   0.0   0.0
 1993 350   166  24.8  23.6  21.9  20.4  19.4  18.4  17.8  17.7   0.0   0.0
 1993 351   167  24.0  22.9  21.4  20.1  19.1  18.2  17.7  17.6   0.0   0.0
 1993 352   168  24.7  23.5  21.9  20.4  19.4  18.4  17.8  17.6   0.0   0.0
 1993 353   169  25.3  24.0  22.3  20.7  19.6  18.5  17.9  17.7   0.0   0.0
 1993 354   170  25.5  24.2  22.4  20.8  19.7  18.6  18.0  17.7   0.0   0.0
 1993 355   171  25.6  24.3  22.5  20.9  19.7  18.6  18.0  17.7   0.0   0.0
 1993 356   172  25.7  24.4  22.6  20.9  19.8  18.6  18.0  17.8   0.0   0.0
 1993 357   173  26.3  25.0  23.0  21.3  20.0  18.8  18.1  17.8   0.0   0.0
 1993 358   174  26.7  25.3  23.3  21.5  20.2  18.9  18.2  17.9   0.0   0.0
 1993 359   175  28.5  26.9  24.6  22.4  20.9  19.3  18.4  18.1   0.0   0.0
 1993 360   176  29.6  27.8  25.3  23.0  21.3  19.6  18.6  18.2   0.0   0.0
 1993 361   177  28.6  26.9  24.6  22.5  20.9  19.4  18.4  18.1   0.0   0.0
 1993 362   178  27.4  25.9  23.8  21.9  20.4  19.1  18.3  17.9   0.0   0.0
 1993 363   179  25.4  24.2  22.5  20.9  19.7  18.6  18.0  17.7   0.0   0.0
 1993 364   180  24.2  23.1  21.7  20.3  19.3  18.3  17.8  17.6   0.0   0.0
 1993 365   181  24.0  22.9  21.5  20.1  19.2  18.2  17.7  17.6   0.0   0.0
 1994 001   182  24.9  23.8  22.1  20.6  19.5  18.4  17.9  17.7   0.0   0.0
 1994 002   183  24.7  23.6  22.0  20.5  19.4  18.4  17.8  17.6   0.0   0.0
 1994 003   184  25.4  24.2  22.5  20.9  19.7  18.6  17.9  17.7   0.0   0.0
 1994 004   185  25.8  24.5  22.7  21.1  19.9  18.7  18.0  17.8   0.0   0.0
 1994 005   186  26.2  24.8  23.0  21.3  20.0  18.8  18.1  17.8   0.0   0.0
 1994 006   187  26.4  25.0  23.1  21.4  20.1  18.8  18.1  17.8   0.0   0.0
 1994 007   188  27.2  25.8  23.7  21.8  20.4  19.0  18.2  17.9   0.0   0.0
 1994 008   189  27.3  25.9  23.8  21.9  20.5  19.1  18.3  17.9   0.0   0.0
 1994 009   190  26.7  25.3  23.4  21.6  20.3  19.0  18.2  17.9   0.0   0.0
 1994 010   191  25.7  24.4  22.7  21.1  19.9  18.7  18.0  17.8   0.0   0.0
 1994 011   192  25.4  24.2  22.6  21.0  19.8  18.7  18.0  17.7   0.0   0.0
 1994 012   193  25.3  24.2  22.5  21.0  19.8  18.7  18.0  17.7   0.0   0.0
 1994 013   194  25.8  24.6  22.9  21.2  20.0  18.8  18.1  17.8   0.0   0.0

*DSSAT Cropping System Model Ver. 4.0.2.000               Jul 19, 2016; 16:39:22

*RUN   5        : UYMZ                    
 MODEL          : MZCER040 - Maize           
 EXPERIMENT     : UYMZ0036 MZ    late to create DSS                             
 TREATMENT  1   : UYMZ                    

@YEAR DOY   DAS  TS1D  TS2D  TS3D  TS4D  TS5D  TS6D  TS7D  TS8D  TS9D  TS10
 1994 184     0  12.8  13.6  14.7  15.7  16.4  17.1  17.4  17.5   0.0   0.0
 1994 185     1  12.3  13.1  14.3  15.4  16.2  16.9  17.3  17.4   0.0   0.0
 1994 186     2  11.4  12.3  13.7  14.9  15.8  16.7  17.2  17.3   0.0   0.0
 1994 187     3  10.8  11.8  13.3  14.6  15.6  16.6  17.1  17.2   0.0   0.0
 1994 188     4   9.7  10.9  12.5  14.1  15.2  16.3  16.9  17.1   0.0   0.0
 1994 189     5   8.4   9.7  11.6  13.4  14.7  15.9  16.7  17.0   0.0   0.0
 1994 190     6   7.8   9.2  11.2  13.0  14.4  15.8  16.6  16.9   0.0   0.0
 1994 191     7   7.8   9.2  11.2  13.0  14.4  15.8  16.6  16.9   0.0   0.0
 1994 192     8   8.0   9.3  11.3  13.1  14.5  15.8  16.6  16.9   0.0   0.0
 1994 193     9   9.6  10.7  12.4  13.9  15.1  16.2  16.8  17.1   0.0   0.0
 1994 194    10  12.0  12.8  14.0  15.1  16.0  16.8  17.2  17.4   0.0   0.0
 1994 195    11  14.7  15.1  15.8  16.5  17.0  17.4  17.6  17.6   0.0   0.0
 1994 196    12  17.4  17.5  17.6  17.8  18.0  18.1  18.0  17.9   0.0   0.0
 1994 197    13  20.0  19.7  19.4  19.1  19.0  18.7  18.4  18.2   0.0   0.0
 1994 198    14  21.2  20.8  20.2  19.8  19.4  19.0  18.6  18.4   0.0   0.0
 1994 199    15  21.4  20.9  20.3  19.8  19.5  19.0  18.6  18.4   0.0   0.0
 1994 200    16  22.2  21.6  20.9  20.2  19.8  19.2  18.8  18.5   0.0   0.0
 1994 201    17  22.4  21.7  20.9  20.3  19.8  19.3  18.8  18.5   0.0   0.0
 1994 202    18  21.9  21.3  20.6  20.0  19.6  19.1  18.7  18.4   0.0   0.0
 1994 203    19  19.7  19.4  19.1  18.9  18.8  18.6  18.4  18.2   0.0   0.0
 1994 204    20  17.7  17.7  17.7  17.9  18.0  18.1  18.0  18.0   0.0   0.0
 1994 205    21  15.5  15.8  16.2  16.7  17.1  17.5  17.7  17.7   0.0   0.0
 1994 206    22  13.8  14.3  15.1  15.9  16.5  17.1  17.4  17.5   0.0   0.0
 1994 207    23  12.4  13.1  14.1  15.1  15.9  16.7  17.2  17.3   0.0   0.0
 1994 208    24  12.8  13.4  14.3  15.3  16.0  16.8  17.2  17.4   0.0   0.0
 1994 209    25  13.7  14.2  15.0  15.7  16.4  17.0  17.4  17.5   0.0   0.0
 1994 210    26  13.9  14.4  15.1  15.8  16.4  17.0  17.4  17.5   0.0   0.0
 1994 211    27  14.3  14.7  15.3  16.0  16.5  17.1  17.4  17.5   0.0   0.0
 1994 212    28  15.2  15.4  15.9  16.4  16.9  17.3  17.6  17.6   0.0   0.0
 1994 213    29  15.8  16.0  16.3  16.7  17.1  17.4  17.6  17.7   0.0   0.0
 1994 214    30  16.1  16.2  16.5  16.8  17.2  17.5  17.7  17.7   0.0   0.0
 1994 215    31  15.3  15.5  15.9  16.4  16.8  17.3  17.5  17.6   0.0   0.0
 1994 216    32  14.6  14.9  15.5  16.1  16.6  17.1  17.4  17.5   0.0   0.0
 1994 217    33  14.2  14.5  15.1  15.8  16.4  17.0  17.3  17.5   0.0   0.0
 1994 218    34  14.8  15.0  15.5  16.1  16.6  17.1  17.4  17.5   0.0   0.0
 1994 219    35  15.3  15.5  15.9  16.4  16.8  17.2  17.5  17.6   0.0   0.0
 1994 220    36  16.5  16.5  16.7  16.9  17.2  17.5  17.7  17.7   0.0   0.0
 1994 221    37  16.4  16.4  16.6  16.9  17.2  17.5  17.7  17.7   0.0   0.0
 1994 222    38  15.6  15.8  16.1  16.5  16.9  17.3  17.5  17.6   0.0   0.0
 1994 223    39  15.5  15.7  16.0  16.4  16.8  17.2  17.5  17.6   0.0   0.0
 1994 224    40  16.1  16.2  16.4  16.7  17.0  17.4  17.6  17.6   0.0   0.0
 1994 225    41  16.9  16.9  16.9  17.1  17.3  17.6  17.7  17.7   0.0   0.0
 1994 226    42  17.2  17.2  17.1  17.3  17.4  17.6  17.7  17.8   0.0   0.0
 1994 227    43  16.6  16.6  16.7  16.9  17.1  17.5  17.6  17.7   0.0   0.0
 1994 228    44  15.1  15.3  15.7  16.1  16.6  17.1  17.4  17.5   0.0   0.0
 1994 229    45  13.3  13.7  14.4  15.1  15.8  16.6  17.1  17.3   0.0   0.0
 1994 230    46  12.4  12.9  13.8  14.7  15.5  16.3  16.9  17.2   0.0   0.0
 1994 231    47  13.2  13.6  14.3  15.1  15.8  16.5  17.0  17.3   0.0   0.0
 1994 232    48  14.3  14.6  15.1  15.6  16.2  16.8  17.2  17.4   0.0   0.0
 1994 233    49  15.9  15.9  16.1  16.4  16.8  17.2  17.4  17.5   0.0   0.0
 1994 234    50  16.6  16.6  16.6  16.8  17.0  17.3  17.6  17.6   0.0   0.0
 1994 235    51  15.9  15.9  16.1  16.4  16.7  17.2  17.4  17.5   0.0   0.0
 1994 236    52  15.2  15.3  15.6  16.0  16.5  17.0  17.3  17.4   0.0   0.0
 1994 237    53  14.9  15.1  15.4  15.9  16.3  16.9  17.2  17.4   0.0   0.0
 1994 238    54  14.3  14.5  15.0  15.5  16.1  16.7  17.1  17.3   0.0   0.0
 1994 239    55  14.1  14.4  14.9  15.4  16.0  16.6  17.1  17.3   0.0   0.0
 1994 240    56  14.7  14.9  15.2  15.7  16.2  16.8  17.2  17.3   0.0   0.0
 1994 241    57  15.7  15.7  15.9  16.2  16.5  17.0  17.3  17.4   0.0   0.0
 1994 242    58  15.8  15.8  16.0  16.3  16.6  17.0  17.3  17.5   0.0   0.0
 1994 243    59  15.8  15.8  16.0  16.2  16.6  17.0  17.3  17.4   0.0   0.0
 1994 244    60  16.1  16.0  16.1  16.3  16.6  17.0  17.3  17.5   0.0   0.0
 1994 245    61  15.2  15.3  15.5  15.9  16.3  16.8  17.2  17.3   0.0   0.0
 1994 246    62  14.3  14.5  14.9  15.4  15.9  16.5  17.0  17.2   0.0   0.0
 1994 247    63  14.6  14.7  15.0  15.5  16.0  16.6  17.0  17.3   0.0   0.0
 1994 248    64  15.3  15.3  15.5  15.9  16.3  16.8  17.2  17.3   0.0   0.0
 1994 249    65  16.9  16.7  16.6  16.7  16.9  17.2  17.4  17.5   0.0   0.0
 1994 250    66  17.6  17.3  17.1  17.0  17.1  17.3  17.5  17.6   0.0   0.0
 1994 251    67  16.6  16.4  16.4  16.5  16.7  17.0  17.3  17.5   0.0   0.0
 1994 252    68  15.6  15.6  15.7  16.0  16.3  16.8  17.2  17.3   0.0   0.0
 1994 253    69  15.0  15.0  15.3  15.6  16.1  16.6  17.0  17.2   0.0   0.0
 1994 254    70  14.5  14.6  14.9  15.4  15.9  16.5  17.0  17.2   0.0   0.0
 1994 255    71  15.0  15.0  15.2  15.6  16.0  16.6  17.0  17.2   0.0   0.0
 1994 256    72  17.4  17.1  16.9  16.8  16.9  17.2  17.4  17.5   0.0   0.0
 1994 257    73  18.2  17.8  17.4  17.2  17.2  17.4  17.5  17.6   0.0   0.0
 1994 258    74  18.0  17.7  17.3  17.1  17.2  17.3  17.5  17.5   0.0   0.0
 1994 259    75  17.3  17.0  16.8  16.7  16.8  17.1  17.3  17.4   0.0   0.0
 1994 260    76  17.6  17.3  17.0  16.9  17.0  17.2  17.4  17.5   0.0   0.0
 1994 261    77  18.4  18.0  17.6  17.3  17.3  17.4  17.5  17.6   0.0   0.0
 1994 262    78  21.1  20.3  19.4  18.7  18.3  18.0  17.9  17.9   0.0   0.0
 1994 263    79  24.2  23.0  21.5  20.3  19.5  18.8  18.4  18.2   0.0   0.0
 1994 264    80  25.9  24.5  22.6  21.1  20.1  19.2  18.7  18.4   0.0   0.0
 1994 265    81  27.0  25.4  23.4  21.7  20.5  19.5  18.8  18.5   0.0   0.0
 1994 266    82  27.9  26.2  24.0  22.1  20.9  19.7  18.9  18.6   0.0   0.0
 1994 267    83  27.2  25.6  23.5  21.8  20.6  19.5  18.8  18.5   0.0   0.0
 1994 268    84  24.1  22.9  21.4  20.1  19.4  18.7  18.3  18.1   0.0   0.0
 1994 269    85  22.9  21.9  20.6  19.5  18.9  18.4  18.1  18.0   0.0   0.0
 1994 270    86  21.3  20.5  19.5  18.7  18.3  18.0  17.8  17.8   0.0   0.0
 1994 271    87  19.1  18.5  17.9  17.5  17.4  17.4  17.5  17.5   0.0   0.0
 1994 272    88  17.6  17.3  16.9  16.8  16.8  17.0  17.2  17.4   0.0   0.0
 1994 273    89  18.5  18.0  17.5  17.2  17.1  17.2  17.4  17.5   0.0   0.0
 1994 274    90  18.5  18.1  17.5  17.2  17.1  17.2  17.4  17.4   0.0   0.0
 1994 275    91  19.7  19.0  18.3  17.8  17.6  17.5  17.5  17.6   0.0   0.0
 1994 276    92  19.9  19.3  18.5  17.9  17.6  17.5  17.5  17.6   0.0   0.0
 1994 277    93  19.5  18.8  18.1  17.6  17.4  17.4  17.5  17.5   0.0   0.0
 1994 278    94  19.5  18.9  18.2  17.7  17.4  17.4  17.5  17.5   0.0   0.0
 1994 279    95  19.9  19.3  18.4  17.9  17.6  17.5  17.5  17.6   0.0   0.0
 1994 280    96  20.0  19.3  18.5  17.9  17.6  17.5  17.5  17.6   0.0   0.0
 1994 281    97  20.5  19.7  18.8  18.1  17.8  17.6  17.6  17.6   0.0   0.0
 1994 282    98  21.3  20.4  19.3  18.5  18.1  17.8  17.7  17.7   0.0   0.0
 1994 283    99  20.8  20.0  19.0  18.3  17.9  17.7  17.6  17.6   0.0   0.0
 1994 284   100  20.3  19.5  18.6  18.0  17.7  17.5  17.5  17.5   0.0   0.0
 1994 285   101  19.2  18.6  17.9  17.5  17.3  17.2  17.3  17.4   0.0   0.0
 1994 286   102  18.8  18.2  17.6  17.2  17.1  17.1  17.2  17.3   0.0   0.0
 1994 287   103  19.1  18.5  17.9  17.4  17.2  17.2  17.3  17.4   0.0   0.0
 1994 288   104  20.9  20.1  19.1  18.3  17.9  17.6  17.6  17.6   0.0   0.0
 1994 289   105  22.6  21.6  20.3  19.2  18.5  18.0  17.8  17.8   0.0   0.0
 1994 290   106  22.8  21.7  20.4  19.3  18.6  18.1  17.9  17.8   0.0   0.0
 1994 291   107  22.5  21.4  20.1  19.1  18.5  18.0  17.8  17.7   0.0   0.0
 1994 292   108  21.6  20.7  19.6  18.7  18.1  17.8  17.6  17.6   0.0   0.0
 1994 293   109  20.7  19.9  18.9  18.2  17.8  17.5  17.5  17.5   0.0   0.0
 1994 294   110  19.8  19.1  18.3  17.7  17.4  17.3  17.3  17.4   0.0   0.0
 1994 295   111  20.5  19.8  18.8  18.1  17.7  17.4  17.4  17.5   0.0   0.0
 1994 296   112  20.1  19.3  18.5  17.8  17.5  17.3  17.3  17.4   0.0   0.0
 1994 297   113  20.1  19.4  18.5  17.9  17.5  17.3  17.3  17.4   0.0   0.0
 1994 298   114  20.0  19.3  18.4  17.8  17.4  17.3  17.3  17.4   0.0   0.0
 1994 299   115  20.1  19.4  18.5  17.8  17.5  17.3  17.3  17.4   0.0   0.0
 1994 300   116  20.2  19.5  18.6  17.9  17.5  17.3  17.3  17.4   0.0   0.0
 1994 301   117  20.1  19.4  18.5  17.8  17.5  17.3  17.3  17.4   0.0   0.0
 1994 302   118  19.5  18.9  18.1  17.5  17.2  17.1  17.2  17.3   0.0   0.0
 1994 303   119  18.4  17.9  17.3  17.0  16.8  16.8  17.0  17.2   0.0   0.0
 1994 304   120  17.5  17.2  16.7  16.5  16.5  16.6  16.9  17.0   0.0   0.0
 1994 305   121  17.4  17.1  16.7  16.4  16.4  16.6  16.8  17.0   0.0   0.0
 1994 306   122  19.3  18.7  17.9  17.4  17.1  17.0  17.1  17.2   0.0   0.0
 1994 307   123  21.5  20.6  19.4  18.5  18.0  17.6  17.5  17.5   0.0   0.0
 1994 308   124  23.3  22.2  20.7  19.5  18.7  18.0  17.8  17.7   0.0   0.0
 1994 309   125  24.5  23.2  21.5  20.1  19.1  18.3  17.9  17.8   0.0   0.0
 1994 310   126  24.6  23.3  21.6  20.1  19.2  18.4  18.0  17.8   0.0   0.0
 1994 311   127  24.4  23.1  21.4  20.0  19.1  18.3  17.9  17.8   0.0   0.0
 1994 312   128  24.2  22.9  21.3  19.9  19.0  18.2  17.9  17.7   0.0   0.0
 1994 313   129  23.8  22.6  21.0  19.7  18.8  18.1  17.8  17.7   0.0   0.0
 1994 314   130  23.0  21.9  20.5  19.3  18.5  17.9  17.7  17.6   0.0   0.0
 1994 315   131  23.3  22.2  20.7  19.4  18.6  18.0  17.7  17.6   0.0   0.0
 1994 316   132  23.4  22.3  20.8  19.5  18.7  18.0  17.7  17.6   0.0   0.0
 1994 317   133  23.4  22.3  20.8  19.5  18.7  18.0  17.7  17.6   0.0   0.0
 1994 318   134  24.2  23.0  21.3  19.9  19.0  18.2  17.8  17.7   0.0   0.0
 1994 319   135  25.1  23.7  21.9  20.4  19.3  18.4  18.0  17.8   0.0   0.0
 1994 320   136  25.5  24.1  22.2  20.6  19.5  18.5  18.0  17.8   0.0   0.0
 1994 321   137  24.4  23.1  21.5  20.0  19.1  18.2  17.8  17.7   0.0   0.0
 1994 322   138  23.7  22.5  21.0  19.6  18.8  18.1  17.7  17.6   0.0   0.0
 1994 323   139  23.0  21.9  20.5  19.3  18.5  17.9  17.6  17.5   0.0   0.0
 1994 324   140  22.3  21.4  20.0  18.9  18.2  17.7  17.5  17.5   0.0   0.0
 1994 325   141  21.9  20.9  19.7  18.7  18.1  17.6  17.4  17.4   0.0   0.0
 1994 326   142  23.1  22.0  20.6  19.3  18.5  17.9  17.6  17.5   0.0   0.0
 1994 327   143  23.9  22.7  21.1  19.8  18.9  18.1  17.7  17.6   0.0   0.0
 1994 328   144  25.0  23.6  21.9  20.3  19.3  18.3  17.9  17.7   0.0   0.0
 1994 329   145  26.7  25.1  23.0  21.2  19.9  18.8  18.1  17.9   0.0   0.0
 1994 330   146  26.2  24.7  22.6  20.9  19.7  18.6  18.0  17.8   0.0   0.0
 1994 331   147  25.9  24.4  22.4  20.7  19.6  18.5  18.0  17.8   0.0   0.0
 1994 332   148  24.5  23.2  21.5  20.0  19.1  18.2  17.8  17.7   0.0   0.0
 1994 333   149  23.3  22.2  20.8  19.5  18.6  17.9  17.6  17.5   0.0   0.0
 1994 334   150  23.1  22.0  20.6  19.4  18.5  17.9  17.6  17.5   0.0   0.0
 1994 335   151  25.1  23.8  22.0  20.4  19.3  18.3  17.9  17.7   0.0   0.0
 1994 336   152  26.1  24.6  22.6  20.8  19.6  18.6  18.0  17.8   0.0   0.0
 1994 337   153  26.3  24.8  22.8  21.0  19.7  18.6  18.0  17.8   0.0   0.0
 1994 338   154  26.0  24.5  22.6  20.8  19.6  18.6  18.0  17.8   0.0   0.0
 1994 339   155  24.9  23.6  21.8  20.3  19.2  18.3  17.8  17.7   0.0   0.0
 1994 340   156  24.2  23.0  21.4  19.9  19.0  18.1  17.7  17.6   0.0   0.0
 1994 341   157  23.9  22.7  21.1  19.8  18.9  18.0  17.7  17.5   0.0   0.0
 1994 342   158  25.6  24.2  22.3  20.7  19.5  18.5  17.9  17.7   0.0   0.0
 1994 343   159  28.1  26.4  24.0  21.9  20.5  19.1  18.3  18.0   0.0   0.0
 1994 344   160  30.2  28.2  25.4  23.0  21.2  19.6  18.6  18.2   0.0   0.0
 1994 345   161  31.5  29.3  26.3  23.6  21.7  19.9  18.8  18.3   0.0   0.0
 1994 346   162  32.9  30.5  27.3  24.3  22.2  20.2  19.0  18.5   0.0   0.0
 1994 347   163  32.9  30.5  27.3  24.3  22.2  20.2  19.0  18.5   0.0   0.0
 1994 348   164  31.6  29.4  26.4  23.7  21.8  19.9  18.8  18.4   0.0   0.0
 1994 349   165  30.6  28.5  25.7  23.2  21.4  19.7  18.7  18.2   0.0   0.0
 1994 350   166  28.8  27.0  24.5  22.3  20.7  19.2  18.4  18.0   0.0   0.0
 1994 351   167  27.3  25.7  23.6  21.6  20.2  18.9  18.2  17.9   0.0   0.0
 1994 352   168  26.5  25.0  23.0  21.2  19.9  18.7  18.0  17.8   0.0   0.0
 1994 353   169  26.3  24.9  22.9  21.1  19.8  18.6  18.0  17.8   0.0   0.0
 1994 354   170  26.2  24.8  22.8  21.0  19.8  18.6  18.0  17.8   0.0   0.0
 1994 355   171  26.7  25.2  23.2  21.3  20.0  18.7  18.1  17.8   0.0   0.0
 1994 356   172  27.1  25.6  23.5  21.5  20.1  18.8  18.1  17.9   0.0   0.0
 1994 357   173  28.4  26.7  24.3  22.2  20.6  19.2  18.3  18.0   0.0   0.0
 1994 358   174  29.7  27.8  25.2  22.8  21.1  19.4  18.5  18.1   0.0   0.0
 1994 359   175  30.8  28.7  25.9  23.3  21.5  19.7  18.7  18.2   0.0   0.0
 1994 360   176  31.3  29.2  26.3  23.6  21.7  19.8  18.7  18.3   0.0   0.0
 1994 361   177  31.6  29.5  26.5  23.8  21.8  19.9  18.8  18.3   0.0   0.0
 1994 362   178  31.5  29.4  26.4  23.7  21.8  19.9  18.8  18.3   0.0   0.0
 1994 363   179  31.4  29.3  26.4  23.7  21.8  19.9  18.7  18.3   0.0   0.0
 1994 364   180  30.8  28.8  26.0  23.4  21.6  19.7  18.7  18.2   0.0   0.0
 1994 365   181  31.1  29.0  26.2  23.6  21.7  19.8  18.7  18.3   0.0   0.0
 1995 001   182  31.9  29.7  26.7  23.9  21.9  20.0  18.8  18.3   0.0   0.0

*DSSAT Cropping System Model Ver. 4.0.2.000               Jul 19, 2016; 16:39:22

*RUN   6        : UYMZ                    
 MODEL          : MZCER040 - Maize           
 EXPERIMENT     : UYMZ0036 MZ    late to create DSS                             
 TREATMENT  1   : UYMZ                    

@YEAR DOY   DAS  TS1D  TS2D  TS3D  TS4D  TS5D  TS6D  TS7D  TS8D  TS9D  TS10
 1995 184     0  17.1  17.2  17.6  17.8  18.0  18.1  18.0  17.9   0.0   0.0
 1995 185     1  16.1  16.4  16.9  17.3  17.6  17.9  17.9  17.8   0.0   0.0
 1995 186     2  16.5  16.8  17.2  17.5  17.8  18.0  18.0  17.9   0.0   0.0
 1995 187     3  15.6  15.9  16.5  17.0  17.4  17.7  17.8  17.8   0.0   0.0
 1995 188     4  14.6  15.1  15.8  16.5  17.0  17.5  17.7  17.7   0.0   0.0
 1995 189     5  14.8  15.3  16.0  16.6  17.1  17.5  17.7  17.7   0.0   0.0
 1995 190     6  15.6  16.0  16.5  17.0  17.4  17.7  17.8  17.8   0.0   0.0
 1995 191     7  15.2  15.6  16.2  16.8  17.2  17.6  17.7  17.7   0.0   0.0
 1995 192     8  16.5  16.7  17.1  17.5  17.7  17.9  17.9  17.9   0.0   0.0
 1995 193     9  18.1  18.1  18.2  18.2  18.3  18.3  18.2  18.0   0.0   0.0
 1995 194    10  19.1  18.9  18.8  18.7  18.7  18.5  18.3  18.1   0.0   0.0
 1995 195    11  19.0  18.9  18.7  18.7  18.6  18.5  18.3  18.1   0.0   0.0
 1995 196    12  18.1  18.1  18.1  18.2  18.3  18.3  18.2  18.0   0.0   0.0
 1995 197    13  16.2  16.4  16.8  17.2  17.5  17.8  17.9  17.8   0.0   0.0
 1995 198    14  13.4  14.0  14.8  15.7  16.4  17.0  17.4  17.5   0.0   0.0
 1995 199    15  10.9  11.8  13.1  14.4  15.4  16.4  17.0  17.2   0.0   0.0
 1995 200    16   9.4  10.5  12.1  13.7  14.8  16.0  16.7  17.0   0.0   0.0
 1995 201    17   8.8   9.9  11.7  13.3  14.6  15.8  16.6  16.9   0.0   0.0
 1995 202    18   8.9  10.0  11.7  13.4  14.6  15.9  16.6  17.0   0.0   0.0
 1995 203    19  10.3  11.3  12.7  14.1  15.1  16.2  16.9  17.1   0.0   0.0
 1995 204    20  12.2  12.9  14.0  15.0  15.9  16.7  17.2  17.3   0.0   0.0
 1995 205    21  14.9  15.2  15.8  16.4  16.9  17.3  17.6  17.6   0.0   0.0
 1995 206    22  16.7  16.8  17.0  17.3  17.6  17.8  17.9  17.8   0.0   0.0
 1995 207    23  18.7  18.6  18.4  18.4  18.3  18.3  18.2  18.1   0.0   0.0
 1995 208    24  19.6  19.3  19.0  18.8  18.7  18.5  18.3  18.2   0.0   0.0
 1995 209    25  19.8  19.4  19.1  18.8  18.7  18.5  18.3  18.2   0.0   0.0
 1995 210    26  18.6  18.4  18.2  18.2  18.2  18.2  18.1  18.0   0.0   0.0
 1995 211    27  17.2  17.2  17.3  17.5  17.7  17.8  17.9  17.9   0.0   0.0
 1995 212    28  15.4  15.6  16.0  16.5  16.9  17.4  17.6  17.6   0.0   0.0
 1995 213    29  14.3  14.7  15.3  15.9  16.5  17.1  17.4  17.5   0.0   0.0
 1995 214    30  12.9  13.4  14.3  15.2  15.9  16.7  17.2  17.3   0.0   0.0
 1995 215    31  11.8  12.5  13.5  14.6  15.5  16.4  17.0  17.2   0.0   0.0
 1995 216    32  10.8  11.6  12.9  14.1  15.1  16.1  16.8  17.1   0.0   0.0
 1995 217    33  10.6  11.5  12.7  14.0  15.0  16.1  16.8  17.1   0.0   0.0
 1995 218    34  10.6  11.4  12.7  14.0  15.0  16.1  16.8  17.1   0.0   0.0
 1995 219    35  11.1  11.8  13.0  14.2  15.1  16.2  16.8  17.1   0.0   0.0
 1995 220    36  11.9  12.5  13.5  14.6  15.4  16.4  16.9  17.2   0.0   0.0
 1995 221    37  12.9  13.4  14.2  15.1  15.8  16.6  17.1  17.3   0.0   0.0
 1995 222    38  12.8  13.3  14.1  15.0  15.8  16.6  17.1  17.3   0.0   0.0
 1995 223    39  12.2  12.8  13.7  14.7  15.5  16.4  17.0  17.2   0.0   0.0
 1995 224    40  13.2  13.6  14.4  15.2  15.9  16.6  17.1  17.3   0.0   0.0
 1995 225    41  14.2  14.5  15.1  15.7  16.3  16.9  17.3  17.4   0.0   0.0
 1995 226    42  15.3  15.4  15.8  16.2  16.7  17.1  17.4  17.5   0.0   0.0
 1995 227    43  15.7  15.8  16.0  16.4  16.8  17.2  17.5  17.6   0.0   0.0
 1995 228    44  15.7  15.8  16.1  16.4  16.8  17.2  17.5  17.6   0.0   0.0
 1995 229    45  13.7  14.1  14.7  15.4  16.0  16.7  17.1  17.3   0.0   0.0
 1995 230    46  11.8  12.4  13.3  14.4  15.2  16.2  16.8  17.1   0.0   0.0
 1995 231    47  10.4  11.2  12.4  13.6  14.7  15.8  16.6  16.9   0.0   0.0
 1995 232    48  10.4  11.2  12.4  13.6  14.7  15.8  16.6  16.9   0.0   0.0
 1995 233    49  11.5  12.1  13.1  14.2  15.1  16.1  16.7  17.0   0.0   0.0
 1995 234    50  13.8  14.1  14.7  15.4  16.0  16.6  17.1  17.3   0.0   0.0
 1995 235    51  17.3  17.1  17.1  17.1  17.3  17.5  17.7  17.7   0.0   0.0
 1995 236    52  20.6  20.0  19.3  18.8  18.6  18.3  18.2  18.1   0.0   0.0
 1995 237    53  23.4  22.4  21.2  20.2  19.6  19.0  18.6  18.4   0.0   0.0
 1995 238    54  25.6  24.4  22.7  21.4  20.5  19.6  19.0  18.6   0.0   0.0
 1995 239    55  26.7  25.3  23.5  21.9  20.9  19.8  19.1  18.7   0.0   0.0
 1995 240    56  25.0  23.8  22.2  21.0  20.2  19.4  18.8  18.5   0.0   0.0
 1995 241    57  23.4  22.4  21.1  20.2  19.5  18.9  18.5  18.3   0.0   0.0
 1995 242    58  21.9  21.1  20.1  19.4  18.9  18.6  18.3  18.2   0.0   0.0
 1995 243    59  20.8  20.1  19.3  18.8  18.5  18.2  18.1  18.0   0.0   0.0
 1995 244    60  19.3  18.8  18.3  18.0  17.9  17.9  17.9  17.8   0.0   0.0
 1995 245    61  18.4  18.0  17.7  17.5  17.5  17.6  17.7  17.7   0.0   0.0
 1995 246    62  17.6  17.3  17.1  17.1  17.2  17.4  17.6  17.6   0.0   0.0
 1995 247    63  17.6  17.4  17.2  17.1  17.2  17.4  17.6  17.6   0.0   0.0
 1995 248    64  18.5  18.1  17.7  17.5  17.5  17.6  17.7  17.7   0.0   0.0
 1995 249    65  20.4  19.8  19.0  18.5  18.2  18.1  18.0  17.9   0.0   0.0
 1995 250    66  23.4  22.3  21.0  20.0  19.4  18.8  18.4  18.2   0.0   0.0
 1995 251    67  24.7  23.5  21.9  20.7  19.9  19.1  18.6  18.4   0.0   0.0
 1995 252    68  24.4  23.2  21.7  20.5  19.7  19.0  18.6  18.3   0.0   0.0
 1995 253    69  22.4  21.5  20.4  19.5  19.0  18.5  18.2  18.1   0.0   0.0
 1995 254    70  20.3  19.7  18.9  18.4  18.1  18.0  17.9  17.9   0.0   0.0
 1995 255    71  16.9  16.7  16.6  16.6  16.8  17.1  17.3  17.5   0.0   0.0
 1995 256    72  14.4  14.5  14.9  15.3  15.8  16.4  16.9  17.1   0.0   0.0
 1995 257    73  13.4  13.6  14.1  14.8  15.4  16.1  16.7  17.0   0.0   0.0
 1995 258    74  13.6  13.8  14.3  14.9  15.4  16.2  16.7  17.0   0.0   0.0
 1995 259    75  14.1  14.2  14.6  15.1  15.6  16.3  16.8  17.1   0.0   0.0
 1995 260    76  16.3  16.2  16.1  16.2  16.5  16.8  17.2  17.3   0.0   0.0
 1995 261    77  18.8  18.4  17.8  17.5  17.4  17.5  17.6  17.6   0.0   0.0
 1995 262    78  19.2  18.6  18.0  17.7  17.5  17.5  17.6  17.6   0.0   0.0
 1995 263    79  18.4  17.9  17.5  17.3  17.2  17.3  17.5  17.5   0.0   0.0
 1995 264    80  17.6  17.3  17.0  16.9  16.9  17.1  17.3  17.4   0.0   0.0
 1995 265    81  15.6  15.6  15.6  15.8  16.1  16.6  17.0  17.2   0.0   0.0
 1995 266    82  14.3  14.4  14.7  15.1  15.6  16.3  16.8  17.0   0.0   0.0
 1995 267    83  15.5  15.5  15.5  15.8  16.1  16.5  17.0  17.2   0.0   0.0
 1995 268    84  17.2  16.9  16.6  16.6  16.7  16.9  17.2  17.3   0.0   0.0
 1995 269    85  18.2  17.8  17.4  17.1  17.1  17.2  17.4  17.5   0.0   0.0
 1995 270    86  18.8  18.3  17.7  17.4  17.3  17.3  17.4  17.5   0.0   0.0
 1995 271    87  18.3  17.9  17.4  17.1  17.1  17.2  17.4  17.5   0.0   0.0
 1995 272    88  17.0  16.7  16.5  16.4  16.6  16.8  17.1  17.3   0.0   0.0
 1995 273    89  16.3  16.1  16.0  16.1  16.3  16.6  17.0  17.2   0.0   0.0
 1995 274    90  15.8  15.7  15.6  15.8  16.1  16.5  16.9  17.1   0.0   0.0
 1995 275    91  16.5  16.3  16.1  16.1  16.3  16.7  17.0  17.2   0.0   0.0
 1995 276    92  17.1  16.8  16.5  16.5  16.5  16.8  17.1  17.3   0.0   0.0
 1995 277    93  18.5  18.0  17.4  17.1  17.1  17.1  17.3  17.4   0.0   0.0
 1995 278    94  18.9  18.4  17.8  17.4  17.2  17.2  17.4  17.4   0.0   0.0
 1995 279    95  19.5  18.9  18.2  17.7  17.4  17.4  17.4  17.5   0.0   0.0
 1995 280    96  19.9  19.2  18.4  17.8  17.6  17.5  17.5  17.5   0.0   0.0
 1995 281    97  20.6  19.8  18.9  18.2  17.8  17.6  17.6  17.6   0.0   0.0
 1995 282    98  20.2  19.4  18.6  18.0  17.7  17.5  17.5  17.5   0.0   0.0
 1995 283    99  20.0  19.3  18.5  17.9  17.6  17.4  17.5  17.5   0.0   0.0
 1995 284   100  19.7  19.0  18.2  17.7  17.4  17.4  17.4  17.5   0.0   0.0
 1995 285   101  18.6  18.1  17.5  17.1  17.0  17.1  17.2  17.3   0.0   0.0
 1995 286   102  17.4  17.1  16.7  16.5  16.5  16.8  17.0  17.2   0.0   0.0
 1995 287   103  17.7  17.3  16.9  16.7  16.6  16.8  17.1  17.2   0.0   0.0
 1995 288   104  18.8  18.2  17.6  17.2  17.0  17.1  17.2  17.3   0.0   0.0
 1995 289   105  19.1  18.5  17.8  17.4  17.2  17.1  17.3  17.4   0.0   0.0
 1995 290   106  19.4  18.8  18.1  17.5  17.3  17.2  17.3  17.4   0.0   0.0
 1995 291   107  20.7  19.9  18.9  18.2  17.8  17.5  17.5  17.5   0.0   0.0
 1995 292   108  21.0  20.2  19.1  18.3  17.9  17.6  17.5  17.5   0.0   0.0
 1995 293   109  20.3  19.6  18.7  18.0  17.6  17.4  17.4  17.5   0.0   0.0
 1995 294   110  20.2  19.5  18.6  17.9  17.6  17.4  17.4  17.4   0.0   0.0
 1995 295   111  21.7  20.7  19.6  18.6  18.1  17.7  17.6  17.6   0.0   0.0
 1995 296   112  23.1  22.0  20.6  19.4  18.7  18.1  17.8  17.8   0.0   0.0
 1995 297   113  24.8  23.5  21.7  20.2  19.3  18.5  18.1  17.9   0.0   0.0
 1995 298   114  25.3  23.9  22.0  20.5  19.5  18.6  18.1  18.0   0.0   0.0
 1995 299   115  24.4  23.1  21.4  20.0  19.1  18.4  18.0  17.9   0.0   0.0
 1995 300   116  22.2  21.2  19.9  18.9  18.3  17.8  17.7  17.6   0.0   0.0
 1995 301   117  20.0  19.3  18.4  17.8  17.4  17.3  17.3  17.4   0.0   0.0
 1995 302   118  17.5  17.2  16.7  16.5  16.5  16.6  16.9  17.1   0.0   0.0
 1995 303   119  16.6  16.3  16.1  16.0  16.1  16.4  16.7  16.9   0.0   0.0
 1995 304   120  17.7  17.3  16.8  16.6  16.5  16.6  16.9  17.1   0.0   0.0
 1995 305   121  20.1  19.3  18.5  17.8  17.4  17.2  17.3  17.3   0.0   0.0
 1995 306   122  22.0  21.1  19.8  18.8  18.2  17.7  17.6  17.5   0.0   0.0
 1995 307   123  24.4  23.1  21.4  20.0  19.1  18.3  17.9  17.8   0.0   0.0
 1995 308   124  26.9  25.3  23.1  21.3  20.0  18.9  18.3  18.1   0.0   0.0
 1995 309   125  28.8  26.9  24.4  22.2  20.7  19.4  18.6  18.3   0.0   0.0
 1995 310   126  29.6  27.6  24.9  22.6  21.0  19.6  18.7  18.4   0.0   0.0
 1995 311   127  28.7  26.8  24.3  22.1  20.7  19.3  18.6  18.2   0.0   0.0
 1995 312   128  27.3  25.6  23.3  21.4  20.1  19.0  18.3  18.1   0.0   0.0
 1995 313   129  25.4  24.0  22.1  20.5  19.5  18.5  18.1  17.9   0.0   0.0
 1995 314   130  23.5  22.3  20.8  19.5  18.7  18.0  17.7  17.6   0.0   0.0
 1995 315   131  22.3  21.3  20.0  18.9  18.3  17.7  17.5  17.5   0.0   0.0
 1995 316   132  22.1  21.1  19.8  18.8  18.2  17.7  17.5  17.5   0.0   0.0
 1995 317   133  22.5  21.4  20.1  19.0  18.3  17.8  17.6  17.5   0.0   0.0
 1995 318   134  22.9  21.8  20.4  19.2  18.5  17.9  17.6  17.6   0.0   0.0
 1995 319   135  23.4  22.2  20.7  19.5  18.6  18.0  17.7  17.6   0.0   0.0
 1995 320   136  23.0  21.9  20.5  19.3  18.5  17.9  17.6  17.6   0.0   0.0
 1995 321   137  23.1  22.0  20.6  19.4  18.6  17.9  17.6  17.6   0.0   0.0
 1995 322   138  22.8  21.7  20.3  19.2  18.4  17.8  17.6  17.5   0.0   0.0
 1995 323   139  22.5  21.5  20.2  19.1  18.3  17.8  17.5  17.5   0.0   0.0
 1995 324   140  22.5  21.5  20.2  19.1  18.3  17.8  17.5  17.5   0.0   0.0
 1995 325   141  23.3  22.2  20.7  19.5  18.6  18.0  17.6  17.6   0.0   0.0
 1995 326   142  24.0  22.8  21.2  19.8  18.9  18.1  17.8  17.6   0.0   0.0
 1995 327   143  24.3  23.1  21.4  20.0  19.0  18.2  17.8  17.7   0.0   0.0
 1995 328   144  24.4  23.1  21.5  20.0  19.0  18.2  17.8  17.7   0.0   0.0
 1995 329   145  24.4  23.2  21.5  20.0  19.1  18.2  17.8  17.7   0.0   0.0
 1995 330   146  24.7  23.4  21.6  20.2  19.1  18.3  17.8  17.7   0.0   0.0
 1995 331   147  23.7  22.5  21.0  19.7  18.8  18.0  17.7  17.6   0.0   0.0
 1995 332   148  23.7  22.6  21.0  19.7  18.8  18.0  17.7  17.6   0.0   0.0
 1995 333   149  24.2  23.0  21.3  19.9  19.0  18.1  17.7  17.6   0.0   0.0
 1995 334   150  25.4  24.0  22.1  20.5  19.4  18.4  17.9  17.7   0.0   0.0
 1995 335   151  25.0  23.7  21.9  20.3  19.3  18.3  17.9  17.7   0.0   0.0
 1995 336   152  26.5  25.0  22.9  21.1  19.8  18.7  18.1  17.9   0.0   0.0
 1995 337   153  27.5  25.8  23.6  21.6  20.2  18.9  18.2  18.0   0.0   0.0
 1995 338   154  28.3  26.5  24.1  22.0  20.5  19.1  18.3  18.0   0.0   0.0
 1995 339   155  28.4  26.6  24.2  22.1  20.6  19.1  18.4  18.0   0.0   0.0
 1995 340   156  29.8  27.8  25.1  22.8  21.1  19.5  18.6  18.2   0.0   0.0
 1995 341   157  30.5  28.5  25.6  23.1  21.3  19.6  18.7  18.3   0.0   0.0
 1995 342   158  29.6  27.7  25.0  22.7  21.0  19.4  18.5  18.2   0.0   0.0
 1995 343   159  28.6  26.8  24.4  22.2  20.6  19.2  18.4  18.0   0.0   0.0
 1995 344   160  28.0  26.3  24.0  21.9  20.4  19.0  18.3  18.0   0.0   0.0
 1995 345   161  27.4  25.8  23.5  21.6  20.2  18.9  18.2  17.9   0.0   0.0
 1995 346   162  26.3  24.8  22.8  21.0  19.8  18.6  18.0  17.8   0.0   0.0
 1995 347   163  27.6  26.0  23.7  21.7  20.2  18.9  18.2  17.9   0.0   0.0
 1995 348   164  28.5  26.7  24.3  22.1  20.6  19.1  18.3  18.0   0.0   0.0
 1995 349   165  29.0  27.2  24.7  22.4  20.8  19.3  18.4  18.1   0.0   0.0
 1995 350   166  30.2  28.2  25.5  23.0  21.2  19.5  18.6  18.2   0.0   0.0
 1995 351   167  31.8  29.5  26.5  23.8  21.8  19.9  18.8  18.3   0.0   0.0
 1995 352   168  33.0  30.6  27.3  24.4  22.2  20.2  19.0  18.5   0.0   0.0
 1995 353   169  33.7  31.2  27.8  24.7  22.5  20.4  19.1  18.5   0.0   0.0
 1995 354   170  34.2  31.7  28.2  25.0  22.7  20.5  19.1  18.6   0.0   0.0
 1995 355   171  34.1  31.6  28.1  25.0  22.7  20.5  19.1  18.6   0.0   0.0
 1995 356   172  33.0  30.6  27.4  24.4  22.3  20.2  19.0  18.5   0.0   0.0
 1995 357   173  30.2  28.2  25.5  23.1  21.3  19.6  18.6  18.2   0.0   0.0
 1995 358   174  28.1  26.5  24.2  22.1  20.6  19.2  18.3  18.0   0.0   0.0
 1995 359   175  26.1  24.8  22.9  21.1  19.9  18.7  18.0  17.8   0.0   0.0
 1995 360   176  24.6  23.4  21.8  20.4  19.3  18.3  17.8  17.6   0.0   0.0
 1995 361   177  24.2  23.1  21.6  20.2  19.2  18.2  17.7  17.6   0.0   0.0
 1995 362   178  25.2  24.0  22.3  20.7  19.6  18.5  17.9  17.7   0.0   0.0
 1995 363   179  26.3  25.0  23.0  21.3  20.0  18.8  18.1  17.8   0.0   0.0
 1995 364   180  27.2  25.8  23.7  21.7  20.3  19.0  18.2  17.9   0.0   0.0
 1995 365   181  27.4  25.9  23.8  21.8  20.4  19.0  18.2  17.9   0.0   0.0
 1996 001   182  27.8  26.2  24.0  22.0  20.5  19.1  18.3  17.9   0.0   0.0
 1996 002   183  28.7  27.0  24.6  22.4  20.9  19.3  18.4  18.0   0.0   0.0
 1996 003   184  29.8  27.9  25.4  23.0  21.3  19.6  18.6  18.2   0.0   0.0
 1996 004   185  29.6  27.8  25.3  22.9  21.2  19.5  18.5  18.1   0.0   0.0
 1996 005   186  29.8  27.9  25.4  23.0  21.3  19.6  18.6  18.2   0.0   0.0
 1996 006   187  29.2  27.5  25.0  22.7  21.1  19.5  18.5  18.1   0.0   0.0
 1996 007   188  28.4  26.7  24.4  22.3  20.8  19.3  18.4  18.0   0.0   0.0
 1996 008   189  27.3  25.8  23.7  21.8  20.4  19.0  18.2  17.9   0.0   0.0
