*SOIL-PLANT-ATMOSPHERE MODULE OUTPUT FILE

*DSSAT Cropping System Model Ver. 4.0.2.000               Aug 03, 2016; 14:28:43

*RUN   1        : UYMZ                    
 MODEL          : MZCER040 - Maize           
 EXPERIMENT     : UYMZ0116 MZ    late to create DSS                             
 TREATMENT  1   : UYMZ                    

@YEAR DOY   DAS   SRAA   TMXA   TMNA   EOAA   ETAA   EPAA   ESAA   EFAD   ETAC   EPAC   ESAC   EFAC
 1987 184     0   3.70  18.00  11.00  0.807  0.807  0.000  0.807  0.000    0.8    0.0    0.8    0.0
 1987 185     1  12.80  19.90   7.80  2.783  2.783  0.000  2.783  0.000    3.6    0.0    3.6    0.0
 1987 186     2  12.70  22.50   8.10  2.867  2.684  0.000  2.684  0.000    6.3    0.0    6.3    0.0
 1987 187     3  12.80  23.10   7.80  2.904  2.904  0.000  2.904  0.000    9.2    0.0    9.2    0.0
 1987 188     4   7.30  18.50   8.80  1.571  1.571  0.000  1.571  0.000   10.7    0.0   10.7    0.0
 1987 189     5   8.50  19.00   8.80  1.842  1.715  0.000  1.715  0.000   12.5    0.0   12.5    0.0
 1987 190     6   3.80  16.40  10.30  0.806  0.806  0.000  0.806  0.000   13.3    0.0   13.3    0.0
 1987 191     7  10.80  22.30  12.90  2.534  2.534  0.000  2.534  0.000   15.8    0.0   15.8    0.0
 1987 192     8   4.80  24.70  14.80  1.178  1.178  0.000  1.178  0.000   17.0    0.0   17.0    0.0
 1987 193     9   9.00  20.20  10.40  2.011  2.011  0.000  2.011  0.000   19.0    0.0   19.0    0.0
 1987 194    10   4.10  15.50  11.00  0.864  0.864  0.000  0.864  0.000   19.9    0.0   19.9    0.0
 1987 195    11   7.00  20.70  10.30  1.573  1.573  0.000  1.573  0.000   21.4    0.0   21.4    0.0
 1987 196    12  10.50  28.00  16.70  2.719  1.781  0.000  1.781  0.000   23.2    0.0   23.2    0.0
 1987 197    13   6.10  25.20  11.10  1.461  1.461  0.004  1.457  0.000   24.7    0.0   24.7    0.0
 1987 198    14   3.90  12.60   9.80  0.779  0.779  0.003  0.775  0.000   25.5    0.0   25.4    0.0
 1987 199    15  13.50  11.60   3.70  2.493  1.422  0.012  1.410  0.000   26.9    0.0   26.9    0.0
 1987 200    16  12.50   5.40  -3.60  1.899  1.103  0.009  1.094  0.000   28.0    0.0   27.9    0.0
 1987 201    17  11.70  13.80   0.50  2.164  0.928  0.001  0.927  0.000   28.9    0.0   28.9    0.0
 1987 202    18  11.20  15.30   0.10  2.112  0.820  0.001  0.819  0.000   29.7    0.0   29.7    0.0
 1987 203    19   4.00  14.90   3.70  0.778  0.742  0.000  0.741  0.000   30.5    0.0   30.4    0.0
 1987 204    20   4.10  15.50  12.40  0.875  0.875  0.001  0.875  0.000   31.3    0.0   31.3    0.0
 1987 205    21   5.80  21.10  11.60  1.325  1.325  0.002  1.323  0.000   32.7    0.0   32.6    0.0
 1987 206    22   7.50  27.70  19.00  1.969  1.969  0.007  1.962  0.000   34.6    0.0   34.6    0.0
 1987 207    23   4.10  12.10  11.30  0.824  0.824  0.005  0.819  0.000   35.5    0.0   35.4    0.0
 1987 208    24   4.20  22.30  12.50  0.981  0.981  0.007  0.974  0.000   36.4    0.1   36.4    0.0
 1987 209    25  11.60  17.00   7.50  2.412  2.412  0.028  2.383  0.000   38.9    0.1   38.8    0.0
 1987 210    26   4.20  14.00  11.90  0.872  0.872  0.013  0.859  0.000   39.7    0.1   39.6    0.0
 1987 211    27  14.60  12.80   6.80  2.831  2.831  0.052  2.779  0.000   42.6    0.1   42.4    0.0
 1987 212    28   9.80  11.90   3.70  1.814  1.814  0.036  1.778  0.000   44.4    0.2   44.2    0.0
 1987 213    29  15.20  18.40   4.80  3.138  2.484  0.061  2.424  0.000   46.9    0.2   46.6    0.0
 1987 214    30  14.40  19.50   7.40  3.092  2.723  0.070  2.654  0.000   49.6    0.3   49.3    0.0
 1987 215    31  14.00  17.50   3.00  2.800  1.489  0.078  1.411  0.000   51.1    0.4   50.7    0.0
 1987 216    32   8.10  14.10   4.80  1.568  1.139  0.044  1.095  0.000   52.2    0.4   51.8    0.0
 1987 217    33   4.40  12.00   9.90  0.868  0.868  0.025  0.843  0.000   53.1    0.5   52.6    0.0
 1987 218    34   4.50   9.60   7.70  0.836  0.836  0.026  0.810  0.000   53.9    0.5   53.4    0.0
 1987 219    35   9.20  14.40   8.00  1.845  1.845  0.060  1.786  0.000   55.8    0.5   55.2    0.0
 1987 220    36   7.10  16.60   6.70  1.452  1.452  0.049  1.402  0.000   57.2    0.6   56.6    0.0
 1987 221    37  11.70  18.00   7.60  2.460  2.460  0.090  2.370  0.000   59.7    0.7   59.0    0.0
 1987 222    38   6.20  18.10   9.90  1.332  0.998  0.055  0.943  0.000   60.7    0.7   59.9    0.0
 1987 223    39  10.30  19.40  12.90  2.311  2.311  0.110  2.201  0.000   63.0    0.8   62.1    0.0
 1987 224    40   4.70  17.40  12.50  1.022  1.022  0.058  0.963  0.000   64.0    0.9   63.1    0.0
 1987 225    41   4.70  16.00  11.90  0.996  0.996  0.065  0.931  0.000   65.0    1.0   64.0    0.0
 1987 226    42   7.60  20.40  10.80  1.690  1.690  0.122  1.568  0.000   66.7    1.1   65.6    0.0
 1987 227    43   7.10  17.00  10.00  1.496  1.496  0.115  1.381  0.000   68.2    1.2   67.0    0.0
 1987 228    44  16.10  13.10   6.40  3.095  3.095  0.249  2.846  0.000   71.3    1.5   69.8    0.0
 1987 229    45   5.70   8.20   5.10  0.999  0.999  0.082  0.917  0.000   72.3    1.5   70.7    0.0
 1987 230    46   6.10  10.40   5.90  1.118  1.118  0.091  1.027  0.000   73.4    1.6   71.8    0.0
 1987 231    47  14.00  10.40   3.60  2.503  1.596  0.205  1.390  0.000   75.0    1.8   73.2    0.0
 1987 232    48   8.60  11.40   4.40  1.577  1.577  0.123  1.454  0.000   76.6    2.0   74.6    0.0
 1987 233    49   6.40  14.10   7.30  1.261  1.261  0.097  1.164  0.000   77.8    2.1   75.8    0.0
 1987 234    50  17.90  18.30   5.20  3.671  1.617  0.297  1.320  0.000   79.4    2.4   77.1    0.0
 1987 235    51  16.60  19.20   4.90  3.435  1.351  0.300  1.051  0.000   80.8    2.7   78.1    0.0
 1987 236    52  11.30  20.60   6.40  2.415  1.127  0.227  0.901  0.000   81.9    2.9   79.0    0.0
 1987 237    53  15.00  22.00  12.90  3.452  1.157  0.357  0.800  0.000   83.1    3.2   79.8    0.0
 1987 238    54  16.70  21.20   7.50  3.620  1.163  0.435  0.728  0.000   84.2    3.7   80.6    0.0
 1987 239    55  13.00  22.40  10.80  2.941  1.063  0.391  0.672  0.000   85.3    4.1   81.2    0.0
 1987 240    56   5.30  17.00  12.70  1.132  1.132  0.169  0.963  0.000   86.4    4.2   82.2    0.0
 1987 241    57   5.40  13.00   8.50  1.045  1.045  0.170  0.875  0.000   87.5    4.4   83.1    0.0
 1987 242    58  18.00  13.80   4.50  3.385  3.385  0.568  2.817  0.000   90.9    5.0   85.9    0.0
 1987 243    59  18.60  14.60   2.80  3.481  3.243  0.580  2.663  0.000   94.1    5.5   88.6    0.0
 1987 244    60  11.70  17.60   5.70  2.361  2.361  0.364  1.997  0.000   96.5    5.9   90.6    0.0
 1987 245    61   5.50  14.60   9.00  1.096  1.096  0.177  0.918  0.000   97.6    6.1   91.5    0.0
 1987 246    62  19.50  17.20   6.00  3.914  2.183  0.663  1.519  0.000   99.7    6.8   93.0    0.0
 1987 247    63  19.40  15.40   3.00  3.676  1.800  0.657  1.142  0.000  101.5    7.4   94.1    0.0
 1987 248    64  11.60  15.90   2.10  2.198  1.327  0.371  0.955  0.000  102.9    7.8   95.1    0.0
 1987 249    65  19.40  15.00   2.40  3.648  1.381  0.543  0.838  0.000  104.3    8.3   95.9    0.0
 1987 250    66  16.20  18.10   4.00  3.248  1.195  0.439  0.756  0.000  105.5    8.8   96.7    0.0
 1987 251    67   9.80  22.40   7.90  2.160  0.994  0.300  0.694  0.000  106.4    9.1   97.4    0.0
 1987 252    68   5.90  21.50  12.30  1.331  0.854  0.209  0.645  0.000  107.3    9.3   98.0    0.0
 1987 253    69  15.60  16.60   7.40  3.141  1.168  0.563  0.605  0.000  108.5    9.8   98.6    0.0
 1987 254    70  19.70  18.30   4.30  3.940  1.323  0.751  0.572  0.000  109.8   10.6   99.2    0.0
 1987 255    71  20.60  18.20   3.30  4.070  1.344  0.800  0.544  0.000  111.1   11.4   99.7    0.0
 1987 256    72  19.20  24.90   6.30  4.276  1.346  0.827  0.519  0.000  112.5   12.2  100.3    0.0
 1987 257    73   6.10  18.30  15.60  1.347  0.791  0.293  0.498  0.000  113.3   12.5  100.8    0.0
 1987 258    74  12.40  16.90   7.00  2.473  2.473  0.608  1.865  0.000  115.7   13.1  102.6    0.0
 1987 259    75  21.50  12.00   3.10  3.820  3.820  0.991  2.829  0.000  119.6   14.1  105.5    0.0
 1987 260    76  15.50  16.80   5.50  3.044  2.646  0.743  1.903  0.000  122.2   14.8  107.4    0.0
 1987 261    77  13.90  16.90   6.10  2.745  2.745  0.698  2.047  0.000  125.0   15.5  109.4    0.0
 1987 262    78  21.20  14.30   3.80  3.932  2.779  1.037  1.742  0.000  127.7   16.6  111.1    0.0
 1987 263    79  20.70  17.00   1.50  3.910  2.238  1.013  1.225  0.000  130.0   17.6  112.4    0.0
 1987 264    80  12.40  13.90   4.20  2.310  1.512  0.510  1.002  0.000  131.5   18.1  113.4    0.0
 1987 265    81  17.10  15.00   1.20  3.142  1.559  0.690  0.869  0.000  133.0   18.8  114.2    0.0
 1987 266    82  16.60  17.30   5.60  3.319  1.372  0.594  0.778  0.000  134.4   19.4  115.0    0.0
 1987 267    83  22.60  20.20   4.60  4.654  1.611  0.900  0.711  0.000  136.0   20.3  115.7    0.0
 1987 268    84  20.00  24.20   5.90  4.387  1.584  0.926  0.659  0.000  137.6   21.2  116.4    0.0
 1987 269    85  16.90  25.40  12.80  3.970  1.576  0.959  0.616  0.000  139.2   22.2  117.0    0.0
 1987 270    86  17.40  20.90  10.30  3.756  1.651  1.070  0.581  0.000  140.8   23.2  117.6    0.0
 1987 271    87  21.10  19.70   7.90  4.370  1.913  1.362  0.552  0.000  142.7   24.6  118.1    0.0
 1987 272    88  19.00  24.70   7.20  4.165  1.908  1.382  0.526  0.000  144.7   26.0  118.7    0.0
 1987 273    89   6.90  20.10  12.00  1.479  1.479  0.532  0.947  0.000  146.1   26.5  119.6    0.0
 1987 274    90  22.60  19.10   8.20  4.601  3.934  1.784  2.149  0.000  150.1   28.3  121.8    0.0
 1987 275    91  20.70  17.00   6.30  4.006  4.006  1.643  2.363  0.000  154.1   29.9  124.1    0.0
 1987 276    92  15.20  19.90   5.40  3.032  2.779  1.289  1.490  0.000  156.9   31.2  125.6    0.0
 1987 277    93  23.10  23.50   9.30  4.992  3.346  2.216  1.130  0.000  160.2   33.5  126.7    0.0
 1987 278    94  23.40  25.00  10.00  5.160  3.395  2.447  0.948  0.000  163.6   35.9  127.7    0.0
 1987 279    95  15.50  24.60   9.50  3.370  2.540  1.707  0.833  0.000  166.1   37.6  128.5    0.0
 1987 280    96   7.90  21.10  13.20  1.688  1.656  0.904  0.752  0.000  167.8   38.5  129.3    0.0
 1987 281    97  14.70  20.50  11.50  3.059  3.059  1.721  1.338  0.000  170.9   40.2  130.6    0.0
 1987 282    98  22.90  21.90   8.10  4.695  3.518  2.747  0.771  0.000  174.4   43.0  131.4    0.0
 1987 283    99  19.90  31.30  11.60  4.700  3.542  2.837  0.706  0.000  177.9   45.8  132.1    0.0
 1987 284   100  15.40  23.20  16.30  3.413  3.413  2.176  1.237  0.000  181.3   48.0  133.3    0.0
 1987 285   101  22.90  22.00  12.00  4.805  4.805  3.194  1.611  0.000  186.1   51.2  134.9    0.0
 1987 286   102  21.10  17.90   8.10  4.037  4.037  2.761  1.276  0.000  190.2   53.9  136.2    0.0
 1987 287   103  12.50  18.80   5.30  2.356  2.356  1.634  0.722  0.000  192.5   55.6  136.9    0.0
 1987 288   104   8.10  17.80  11.50  1.593  1.593  1.117  0.476  0.000  194.1   56.7  137.4    0.0
 1987 289   105  17.80  18.90  10.80  3.523  3.523  2.515  1.009  0.000  197.6   59.2  138.4    0.0
 1987 290   106  26.30  21.00   8.00  5.213  5.213  3.784  1.429  0.000  202.9   63.0  139.9    0.0
 1987 291   107  27.50  21.20   8.00  5.456  5.456  4.021  1.436  0.000  208.3   67.0  141.3    0.0
 1987 292   108  21.60  21.00  10.00  4.344  4.344  3.248  1.096  0.000  212.7   70.3  142.4    0.0
 1987 293   109  26.60  25.40   7.70  5.542  5.230  4.208  1.022  0.000  217.9   74.5  143.4    0.0
 1987 294   110  23.80  25.50  11.70  5.123  5.123  3.956  1.167  0.000  223.0   78.4  144.6    0.0
 1987 295   111  20.80  23.50  12.00  4.368  4.368  3.440  0.929  0.000  227.4   81.9  145.5    0.0
 1987 296   112  23.80  30.00  12.40  5.412  5.412  4.331  1.081  0.000  232.8   86.2  146.6    0.0
 1987 297   113  19.70  26.10  15.90  4.388  4.388  3.584  0.804  0.000  237.2   89.8  147.4    0.0
 1987 298   114  11.30  22.60  16.40  2.418  2.418  2.011  0.407  0.000  239.6   91.8  147.8    0.0
 1987 299   115   9.50  25.20  17.40  2.111  2.111  1.777  0.334  0.000  241.7   93.6  148.1    0.0
 1987 300   116   8.90  21.50  14.90  1.851  1.851  1.574  0.277  0.000  243.6   95.1  148.4    0.0
 1987 301   117  18.20  23.50  13.60  3.835  3.835  3.285  0.550  0.000  247.4   98.4  149.0    0.0
 1987 302   118  27.80  27.50  11.40  6.033  6.033  5.229  0.804  0.000  253.4  103.7  149.8    0.0
 1987 303   119  27.00  31.90  12.40  6.208  6.208  5.433  0.775  0.000  259.6  109.1  150.5    0.0
 1987 304   120  27.40  30.10  14.90  6.283  6.283  5.549  0.734  0.000  265.9  114.6  151.3    0.0
 1987 305   121  14.80  27.20  15.00  3.282  3.282  2.920  0.363  0.000  269.2  117.6  151.6    0.0
 1987 306   122  12.90  28.20  16.50  2.926  2.926  2.614  0.312  0.000  272.1  120.2  151.9    0.0
 1987 307   123  13.30  27.70  13.50  2.930  2.930  2.624  0.306  0.000  275.1  122.8  152.3    0.0
 1987 308   124   8.30  21.00  18.80  1.760  1.760  1.580  0.180  0.000  276.8  124.4  152.4    0.0
 1987 309   125   8.50  20.90  18.30  1.793  1.793  1.610  0.183  0.000  278.6  126.0  152.6    0.0
 1987 310   126  11.60  23.10  13.60  2.418  2.418  2.171  0.247  0.000  281.0  128.2  152.9    0.0
 1987 311   127  29.30  25.20  10.40  6.105  6.105  5.486  0.619  0.000  287.1  133.6  153.5    0.0
 1987 312   128  24.00  24.20  10.30  4.934  4.934  4.436  0.498  0.000  292.1  138.1  154.0    0.0
 1987 313   129  29.20  20.50   7.20  5.567  5.567  5.006  0.562  0.000  297.6  143.1  154.5    0.0
 1987 314   130  28.90  23.40   8.30  5.783  5.783  5.194  0.588  0.000  303.4  148.3  155.1    0.0
 1987 315   131  28.30  26.60  11.40  6.049  6.049  5.431  0.617  0.000  309.5  153.7  155.7    0.0
 1987 316   132  22.00  27.30  13.50  4.821  4.821  4.333  0.489  0.000  314.3  158.0  156.2    0.0
 1987 317   133  24.50  28.90  15.20  5.542  5.542  4.986  0.556  0.000  319.8  163.0  156.8    0.0
 1987 318   134  23.90  28.20  17.20  5.444  5.444  4.907  0.537  0.000  325.3  167.9  157.3    0.0
 1987 319   135  24.90  26.60  15.70  5.503  5.503  4.969  0.535  0.000  330.8  172.9  157.9    0.0
 1987 320   136  29.70  24.20  11.70  6.177  6.177  5.560  0.617  0.000  336.9  178.5  158.5    0.0
 1987 321   137  30.00  29.00  12.10  6.635  6.635  5.954  0.682  0.000  343.6  184.4  159.2    0.0
 1987 322   138  13.50  27.70  15.80  3.028  3.028  2.710  0.317  0.000  346.6  187.1  159.5    0.0
 1987 323   139  14.20  25.10  15.70  3.087  3.087  2.758  0.330  0.000  349.7  189.9  159.8    0.0
 1987 324   140  11.00  21.60  14.00  2.260  2.260  2.015  0.246  0.000  352.0  191.9  160.1    0.0
 1987 325   141  30.50  21.20  10.70  6.063  6.063  5.393  0.670  0.000  358.0  197.3  160.7    0.0
 1987 326   142  30.40  22.30   8.50  6.015  6.015  5.340  0.675  0.000  364.0  202.6  161.4    0.0
 1987 327   143  12.10  22.00  10.70  2.431  2.431  2.154  0.277  0.000  366.5  204.8  161.7    0.0
 1987 328   144  14.40  24.70  15.20  3.107  3.107  2.748  0.359  0.000  369.6  207.5  162.0    0.0
 1987 329   145  18.10  25.00  16.70  3.968  3.968  3.503  0.464  0.000  373.5  211.0  162.5    0.0
 1987 330   146  16.80  24.60  14.30  3.596  3.596  3.170  0.426  0.000  377.1  214.2  162.9    0.0
 1987 331   147  26.30  25.50  13.30  5.646  5.646  4.971  0.675  0.000  382.8  219.2  163.6    0.0
 1987 332   148  30.10  29.50  13.90  6.807  6.807  5.985  0.822  0.000  389.6  225.2  164.4    0.0
 1987 333   149  30.10  32.30  17.20  7.199  7.199  6.321  0.878  0.000  396.8  231.5  165.3    0.0
 1987 334   150  29.60  33.10  19.10  7.240  7.240  6.348  0.892  0.000  404.0  237.8  166.2    0.0
 1987 335   151  29.70  36.40  20.80  8.092  8.092  7.081  1.011  0.000  412.1  244.9  167.2    0.0
 1987 336   152  17.80  30.10  21.10  4.279  4.279  3.737  0.542  0.000  416.4  248.7  167.7    0.0
 1987 337   153   9.30  24.60  19.50  2.077  2.077  1.810  0.267  0.000  418.5  250.5  168.0    0.0
 1987 338   154  11.40  20.00  14.40  2.310  2.310  2.008  0.303  0.000  420.8  252.5  168.3    0.0
 1987 339   155  30.30  25.00  12.30  6.426  6.426  5.568  0.858  0.000  427.2  258.0  169.2    0.0
 1987 340   156  29.60  27.40  13.00  6.501  6.501  5.616  0.885  0.000  433.7  263.7  170.1    0.0
 1987 341   157  11.10  23.80  15.70  2.387  2.387  2.055  0.332  0.000  436.1  265.7  170.4    0.0
 1987 342   158  25.40  24.20  14.80  5.451  5.451  4.676  0.774  0.000  441.6  270.4  171.2    0.0
 1987 343   159  29.00  25.40  12.90  6.221  6.221  5.316  0.905  0.000  447.8  275.7  172.1    0.0
 1987 344   160  31.20  29.20  15.00  7.119  7.119  6.058  1.061  0.000  454.9  281.8  173.1    0.0
 1987 345   161  20.10  27.10  16.60  4.535  4.535  3.842  0.693  0.000  459.4  285.6  173.8    0.0
 1987 346   162  30.60  24.20  12.70  6.469  6.469  5.453  1.016  0.000  465.9  291.1  174.8    0.0
 1987 347   163  31.30  26.30  10.90  6.694  6.694  5.613  1.081  0.000  472.6  296.7  175.9    0.0
 1987 348   164  16.90  26.70  14.00  3.726  3.726  3.106  0.620  0.000  476.3  299.8  176.5    0.0
 1987 349   165  23.60  31.90  16.80  5.643  5.596  4.676  0.920  0.000  481.9  304.5  177.5    0.0
 1987 350   166  10.50  24.30  19.20  2.348  2.348  1.933  0.414  0.000  484.3  306.4  177.9    0.0
 1987 351   167  28.90  24.10  15.10  6.245  6.245  5.107  1.138  0.000  490.5  311.5  179.0    0.0
 1987 352   168  24.50  24.30  12.50  5.200  5.200  4.221  0.979  0.000  495.7  315.7  180.0    0.0
 1987 353   169  29.00  25.30  12.00  6.212  6.212  5.002  1.209  0.000  501.9  320.7  181.2    0.0
 1987 354   170  24.60  25.10  14.70  5.378  5.378  4.294  1.084  0.000  507.3  325.0  182.3    0.0
 1987 355   171  31.80  23.90  12.00  6.708  6.708  5.308  1.400  0.000  514.0  330.3  183.7    0.0
 1987 356   172  23.40  25.00  11.30  4.981  4.626  3.904  0.722  0.000  518.6  334.2  184.4    0.0
 1987 357   173  25.70  25.10  13.10  5.565  5.565  4.318  1.247  0.000  524.2  338.5  185.7    0.0
 1987 358   174  31.60  27.30  12.80  7.017  7.017  5.388  1.628  0.000  531.2  343.9  187.3    0.0
 1987 359   175   9.80  25.70  14.80  2.172  2.172  1.650  0.522  0.000  533.4  345.6  187.8    0.0
 1987 360   176  14.60  27.20  17.80  3.375  3.375  2.534  0.841  0.000  536.8  348.1  188.6    0.0
 1987 361   177  22.70  30.90  17.20  5.453  5.453  4.043  1.410  0.000  542.2  352.2  190.1    0.0
 1987 362   178  18.70  28.90  19.70  4.482  4.482  3.281  1.201  0.000  546.7  355.4  191.3    0.0
 1987 363   179   9.10  24.10  19.50  2.065  2.065  1.491  0.574  0.000  548.8  356.9  191.8    0.0
 1987 364   180  14.40  27.60  18.10  3.371  3.371  2.398  0.973  0.000  552.1  359.3  192.8    0.0
 1987 365   181  24.30  28.10  17.30  5.696  5.696  3.988  1.708  0.000  557.8  363.3  194.5    0.0
 1988 001   182  29.90  30.80  17.80  7.263  7.263  5.003  2.260  0.000  565.1  368.3  196.8    0.0
 1988 002   183  30.80  27.40  19.00  7.280  7.153  4.929  2.224  0.000  572.2  373.2  199.0    0.0
 1988 003   184  28.70  31.70  18.30  7.091  7.091  4.714  2.377  0.000  579.3  378.0  201.4    0.0
 1988 004   185  31.30  34.30  19.10  8.011  6.995  5.222  1.773  0.000  586.3  383.2  203.1    0.0
 1988 005   186  17.40  27.90  18.70  4.151  4.151  2.650  1.501  0.000  590.5  385.8  204.6    0.0
 1988 006   187  31.50  22.00  12.70  6.689  6.689  4.178  2.511  0.000  597.2  390.0  207.2    0.0
 1988 007   188  31.30  27.00  10.70  6.971  6.971  4.254  2.717  0.000  604.1  394.3  209.9    0.0
 1988 008   189  28.70  29.10  14.20  6.750  5.968  4.024  1.945  0.000  610.1  398.3  211.8    0.0
 1988 009   190  31.30  30.70  17.40  7.694  6.995  4.476  2.519  0.000  617.1  402.8  214.3    0.0
 1988 010   191  26.20  33.80  17.30  6.656  5.268  3.872  1.396  0.000  622.4  406.6  215.7    0.0
 1988 011   192  22.70  34.70  19.40  5.909  4.525  3.437  1.088  0.000  626.9  410.1  216.8    0.0

*DSSAT Cropping System Model Ver. 4.0.2.000               Aug 03, 2016; 14:28:43

*RUN   2        : UYMZ                    
 MODEL          : MZCER040 - Maize           
 EXPERIMENT     : UYMZ0116 MZ    late to create DSS                             
 TREATMENT  1   : UYMZ                    

@YEAR DOY   DAS   SRAA   TMXA   TMNA   EOAA   ETAA   EPAA   ESAA   EFAD   ETAC   EPAC   ESAC   EFAC
 1988 184     0   5.70  24.60  16.60  1.418  1.144  0.000  1.144  0.000    1.1    0.0    1.1    0.0
 1988 185     1   3.70  14.80   8.30  0.752  0.752  0.000  0.752  0.000    1.9    0.0    1.9    0.0
 1988 186     2   3.70   9.50   7.10  0.685  0.685  0.000  0.685  0.000    2.6    0.0    2.6    0.0
 1988 187     3   9.20  11.90   4.90  1.730  1.730  0.000  1.730  0.000    4.3    0.0    4.3    0.0
 1988 188     4   4.40   8.10   3.00  0.761  0.761  0.000  0.761  0.000    5.1    0.0    5.1    0.0
 1988 189     5  12.20  11.10   1.90  2.193  2.193  0.000  2.193  0.000    7.3    0.0    7.3    0.0
 1988 190     6  13.40  13.70   2.00  2.514  2.035  0.000  2.035  0.000    9.3    0.0    9.3    0.0
 1988 191     7  12.60   9.90   0.60  2.187  2.187  0.000  2.187  0.000   11.5    0.0   11.5    0.0
 1988 192     8  11.90   9.20  -3.50  1.945  1.643  0.000  1.643  0.000   13.1    0.0   13.1    0.0
 1988 193     9  11.50   8.90  -4.30  1.851  1.191  0.000  1.191  0.000   14.3    0.0   14.3    0.0
 1988 194    10  11.90  10.70  -4.20  1.981  0.983  0.000  0.983  0.000   15.3    0.0   15.3    0.0
 1988 195    11   5.80  12.70  -0.30  1.045  0.857  0.000  0.857  0.000   16.2    0.0   16.2    0.0
 1988 196    12  12.20  16.20   4.50  2.440  0.769  0.000  0.769  0.000   16.9    0.0   16.9    0.0
 1988 197    13  11.80  19.00   2.20  2.404  0.704  0.000  0.704  0.000   17.6    0.0   17.6    0.0
 1988 198    14  13.20  20.20   4.60  2.798  0.653  0.000  0.653  0.000   18.3    0.0   18.3    0.0
 1988 199    15  13.00  21.50   7.70  2.886  0.612  0.000  0.612  0.000   18.9    0.0   18.9    0.0
 1988 200    16  13.00  24.30   8.20  3.006  0.578  0.000  0.578  0.000   19.5    0.0   19.5    0.0
 1988 201    17  12.10  21.80   9.20  2.732  0.548  0.000  0.548  0.000   20.0    0.0   20.0    0.0
 1988 202    18   4.60  16.20   8.60  0.957  0.523  0.000  0.523  0.000   20.5    0.0   20.5    0.0
 1988 203    19   4.70  17.00   8.60  0.989  0.501  0.000  0.501  0.000   21.0    0.0   21.0    0.0
 1988 204    20   4.10  11.30   4.10  0.757  0.757  0.000  0.757  0.000   21.8    0.0   21.8    0.0
 1988 205    21   8.30   8.30   1.20  1.411  1.411  0.000  1.411  0.000   23.2    0.0   23.2    0.0
 1988 206    22  13.60  10.10   0.70  2.372  0.675  0.000  0.675  0.000   23.9    0.0   23.9    0.0
 1988 207    23  13.10  15.10  -1.60  2.419  0.630  0.000  0.630  0.000   24.5    0.0   24.5    0.0
 1988 208    24  13.80  25.40  11.20  3.318  0.593  0.000  0.593  0.000   25.1    0.0   25.1    0.0
 1988 209    25  13.80  17.00   0.90  2.694  0.561  0.000  0.561  0.000   25.7    0.0   25.7    0.0
 1988 210    26   9.60  17.40   4.00  1.944  0.535  0.001  0.534  0.000   26.2    0.0   26.2    0.0
 1988 211    27  12.60  28.00   6.60  3.012  0.514  0.003  0.511  0.000   26.7    0.0   26.7    0.0
 1988 212    28  14.00  28.40  14.70  3.586  0.499  0.009  0.491  0.000   27.2    0.0   27.2    0.0
 1988 213    29   4.90  21.20  12.00  1.124  0.478  0.005  0.472  0.000   27.7    0.0   27.7    0.0
 1988 214    30   4.30  11.60  10.90  0.855  0.855  0.005  0.849  0.000   28.6    0.0   28.5    0.0
 1988 215    31   4.40  10.90   8.60  0.846  0.846  0.006  0.840  0.000   29.4    0.0   29.4    0.0
 1988 216    32   4.40   9.60   6.40  0.809  0.809  0.006  0.804  0.000   30.2    0.0   30.2    0.0
 1988 217    33   5.10  15.60   8.40  1.049  1.049  0.008  1.041  0.000   31.3    0.0   31.2    0.0
 1988 218    34  11.50  17.40   7.10  2.397  2.397  0.019  2.378  0.000   33.7    0.1   33.6    0.0
 1988 219    35  11.50  20.10   5.00  2.441  2.441  0.021  2.420  0.000   36.1    0.1   36.0    0.0
 1988 220    36   7.60  18.10   9.80  1.640  1.055  0.016  1.039  0.000   37.2    0.1   37.1    0.0
 1988 221    37   7.00  16.90   8.70  1.470  1.470  0.016  1.454  0.000   38.6    0.1   38.5    0.0
 1988 222    38   5.40  10.40   6.40  1.006  1.006  0.012  0.994  0.000   39.6    0.1   39.5    0.0
 1988 223    39  15.00  12.10   1.80  2.732  1.536  0.033  1.503  0.000   41.2    0.2   41.0    0.0
 1988 224    40  16.30  17.10   4.20  3.288  1.168  0.033  1.135  0.000   42.3    0.2   42.1    0.0
 1988 225    41  15.40  19.60   4.80  3.238  0.985  0.034  0.951  0.000   43.3    0.2   43.1    0.0
 1988 226    42   5.40  17.60   8.70  1.145  0.851  0.016  0.835  0.000   44.2    0.2   43.9    0.0
 1988 227    43   4.80  22.90  14.10  1.143  0.774  0.020  0.754  0.000   44.9    0.3   44.7    0.0
 1988 228    44   8.40  22.90   7.90  1.895  0.743  0.051  0.692  0.000   45.7    0.3   45.4    0.0
 1988 229    45  14.30  18.60   5.40  2.971  0.745  0.101  0.644  0.000   46.4    0.4   46.0    0.0
 1988 230    46  13.30  19.20   3.70  2.741  0.709  0.105  0.604  0.000   47.1    0.5   46.6    0.0
 1988 231    47  15.80  24.40   7.10  3.602  0.716  0.145  0.571  0.000   47.9    0.7   47.2    0.0
 1988 232    48   6.60  26.20  14.50  1.633  0.624  0.081  0.543  0.000   48.5    0.7   47.7    0.0
 1988 233    49  12.30  21.20   9.30  2.732  2.732  0.175  2.557  0.000   51.2    0.9   50.3    0.0
 1988 234    50  17.20  20.20   6.80  3.681  3.681  0.270  3.411  0.000   54.9    1.2   53.7    0.0
 1988 235    51  17.70  22.50   5.20  3.847  2.446  0.312  2.133  0.000   57.3    1.5   55.8    0.0
 1988 236    52  15.90  29.70  14.40  4.071  2.345  0.364  1.981  0.000   59.7    1.9   57.8    0.0
 1988 237    53  12.90  25.30   8.60  2.982  1.625  0.331  1.295  0.000   61.3    2.2   59.1    0.0
 1988 238    54  17.20  17.70   4.90  3.463  1.474  0.435  1.039  0.000   62.8    2.6   60.2    0.0
 1988 239    55  17.30  11.90  -0.30  3.016  1.286  0.394  0.893  0.000   64.1    3.0   61.0    0.0
 1988 240    56  17.00  14.40  -2.00  3.053  1.043  0.249  0.795  0.000   65.1    3.3   61.8    0.0
 1988 241    57  10.80  16.10   0.00  2.051  0.787  0.063  0.724  0.000   65.9    3.3   62.6    0.0
 1988 242    58  14.80  21.90  10.30  3.368  0.742  0.073  0.669  0.000   66.6    3.4   63.2    0.0
 1988 243    59  17.80  20.80   5.50  3.815  0.770  0.146  0.624  0.000   67.4    3.6   63.9    0.0
 1988 244    60  17.70  21.00   5.10  3.783  0.778  0.190  0.588  0.000   68.2    3.7   64.4    0.0
 1988 245    61  18.20  14.50   3.30  3.472  0.773  0.215  0.557  0.000   69.0    4.0   65.0    0.0
 1988 246    62  18.60  12.40  -1.10  3.274  0.732  0.201  0.531  0.000   69.7    4.2   65.5    0.0
 1988 247    63  18.70  14.90  -0.10  3.481  0.619  0.110  0.508  0.000   70.3    4.3   66.0    0.0
 1988 248    64  19.50  20.40   0.60  3.978  0.578  0.090  0.488  0.000   70.9    4.4   66.5    0.0
 1988 249    65   9.30  25.00   7.90  2.157  0.519  0.049  0.470  0.000   71.4    4.4   67.0    0.0
 1988 250    66   7.20  18.90  12.20  1.597  0.519  0.065  0.454  0.000   71.9    4.5   67.5    0.0
 1988 251    67   7.20  20.40  12.10  1.626  1.626  0.074  1.552  0.000   73.6    4.5   69.0    0.0
 1988 252    68  14.20  24.60  14.80  3.454  1.699  0.179  1.520  0.000   75.3    4.7   70.5    0.0
 1988 253    69   7.80  18.40  10.60  1.687  1.687  0.113  1.574  0.000   76.9    4.8   72.1    0.0
 1988 254    70   6.00  12.40   9.70  1.180  1.180  0.091  1.090  0.000   78.1    4.9   73.2    0.0
 1988 255    71  12.40  19.40  10.40  2.709  2.709  0.217  2.491  0.000   80.8    5.1   75.7    0.0
 1988 256    72  18.60  21.30   8.90  4.100  3.591  0.408  3.183  0.000   84.4    5.6   78.9    0.0
 1988 257    73  19.50  22.30   6.00  4.223  3.388  0.569  2.819  0.000   87.8    6.1   81.7    0.0
 1988 258    74  20.80  16.80   4.60  4.101  2.079  0.653  1.426  0.000   89.9    6.8   83.1    0.0
 1988 259    75  21.20  13.20   0.30  3.778  1.739  0.638  1.102  0.000   91.6    7.4   84.2    0.0
 1988 260    76  18.30  13.70   0.90  3.333  1.334  0.402  0.931  0.000   93.0    7.8   85.1    0.0
 1988 261    77  15.90  13.90   2.00  2.950  1.102  0.280  0.822  0.000   94.1    8.1   86.0    0.0
 1988 262    78  11.60  19.40   8.40  2.488  0.949  0.205  0.744  0.000   95.0    8.3   86.7    0.0
 1988 263    79  15.90  23.10   8.40  3.571  1.056  0.371  0.684  0.000   96.1    8.7   87.4    0.0
 1988 264    80  11.10  23.60  13.40  2.604  0.990  0.353  0.637  0.000   97.1    9.0   88.0    0.0
 1988 265    81   6.50  18.00  15.50  1.439  1.439  0.238  1.201  0.000   98.5    9.3   89.2    0.0
 1988 266    82   6.80  19.70  15.50  1.535  1.535  0.284  1.250  0.000  100.0    9.6   90.5    0.0
 1988 267    83  10.80  24.10  15.10  2.557  2.557  0.531  2.026  0.000  102.6   10.1   92.5    0.0
 1988 268    84  12.00  16.80   9.60  2.450  2.450  0.600  1.850  0.000  105.0   10.7   94.4    0.0
 1988 269    85   6.80  17.60   7.00  1.367  1.367  0.354  1.013  0.000  106.4   11.0   95.4    0.0
 1988 270    86   6.70  12.40   9.90  1.282  1.282  0.351  0.931  0.000  107.7   11.4   96.3    0.0
 1988 271    87   9.40  17.70  10.50  1.948  1.948  0.548  1.400  0.000  109.6   11.9   97.7    0.0
 1988 272    88  19.90  17.80   8.30  4.039  4.039  1.194  2.845  0.000  113.7   13.1  100.5    0.0
 1988 273    89  23.60  21.10   8.10  4.991  4.314  1.543  2.771  0.000  118.0   14.7  103.3    0.0
 1988 274    90  24.00  22.30   7.70  5.117  4.356  1.728  2.628  0.000  122.3   16.4  105.9    0.0
 1988 275    91  19.60  26.20  11.60  4.517  3.071  1.662  1.408  0.000  125.4   18.1  107.4    0.0
 1988 276    92  11.90  25.10  13.20  2.723  2.217  1.124  1.094  0.000  127.6   19.2  108.4    0.0
 1988 277    93  17.00  15.70   9.40  3.304  3.304  1.503  1.801  0.000  130.9   20.7  110.2    0.0
 1988 278    94  24.30  20.00   9.30  4.995  4.995  2.352  2.643  0.000  135.9   23.0  112.9    0.0
 1988 279    95  25.20  19.80   7.00  5.042  4.643  2.489  2.155  0.000  140.6   25.5  115.0    0.0
 1988 280    96  25.00  22.10   6.00  5.101  5.101  2.609  2.492  0.000  145.7   28.1  117.5    0.0
 1988 281    97  24.90  24.50   6.60  5.256  4.372  2.793  1.579  0.000  150.0   30.9  119.1    0.0
 1988 282    98  21.80  25.30  10.20  4.775  3.815  2.649  1.166  0.000  153.9   33.6  120.3    0.0
 1988 283    99  11.20  20.90  10.40  2.313  2.313  1.348  0.966  0.000  156.2   34.9  121.2    0.0
 1988 284   100  23.30  21.70   8.20  4.756  3.716  2.868  0.848  0.000  159.9   37.8  122.1    0.0
 1988 285   101  20.90  24.10  11.40  4.511  4.399  2.799  1.600  0.000  164.3   40.6  123.7    0.0
 1988 286   102  25.30  24.10   9.90  5.373  4.262  3.461  0.801  0.000  168.6   44.1  124.5    0.0
 1988 287   103  19.90  19.20   8.30  3.895  3.316  2.588  0.728  0.000  171.9   46.6  125.2    0.0
 1988 288   104  19.90  23.20   8.60  4.112  3.454  2.782  0.672  0.000  175.3   49.4  125.9    0.0
 1988 289   105  20.90  17.50   4.20  3.827  3.278  2.651  0.627  0.000  178.6   52.1  126.5    0.0
 1988 290   106  26.20  19.10   3.10  4.861  3.937  3.347  0.591  0.000  182.5   55.4  127.1    0.0
 1988 291   107  20.70  22.00   4.70  4.073  3.271  2.711  0.560  0.000  185.8   58.1  127.7    0.0
 1988 292   108  24.60  26.50   8.30  5.290  4.092  3.559  0.533  0.000  189.9   61.7  128.2    0.0
 1988 293   109  11.50  21.70  12.30  2.400  2.400  1.662  0.738  0.000  192.3   63.4  128.9    0.0
 1988 294   110  26.50  23.90   9.50  5.540  5.540  3.933  1.607  0.000  197.8   67.3  130.6    0.0
 1988 295   111  23.70  26.60   6.90  5.004  5.004  3.632  1.372  0.000  202.8   70.9  131.9    0.0
 1988 296   112  14.40  27.50  13.90  3.246  3.246  2.405  0.841  0.000  206.1   73.3  132.8    0.0
 1988 297   113  27.40  25.20  12.20  5.909  5.909  4.500  1.409  0.000  212.0   77.8  134.2    0.0
 1988 298   114  25.70  26.50   9.50  5.496  5.020  4.274  0.746  0.000  217.0   82.1  134.9    0.0
 1988 299   115  12.90  18.10  11.20  2.498  2.498  2.035  0.463  0.000  219.5   84.1  135.4    0.0
 1988 300   116  27.30  17.90   6.10  5.020  5.020  4.154  0.865  0.000  224.5   88.3  136.2    0.0
 1988 301   117  27.40  24.60   5.90  5.504  5.504  4.589  0.915  0.000  230.0   92.9  137.2    0.0
 1988 302   118  28.10  28.30   9.00  6.061  6.061  5.104  0.956  0.000  236.1   98.0  138.1    0.0
 1988 303   119  24.80  32.80  12.10  5.766  5.619  4.911  0.707  0.000  241.7  102.9  138.8    0.0
 1988 304   120   9.70  23.70  12.70  2.032  2.032  1.751  0.281  0.000  243.8  104.6  139.1    0.0
 1988 305   121  24.60  20.00  11.60  4.869  4.869  4.210  0.659  0.000  248.6  108.9  139.8    0.0
 1988 306   122  28.90  19.90   8.40  5.550  5.550  4.811  0.738  0.000  254.2  113.7  140.5    0.0
 1988 307   123  29.00  22.30   4.60  5.558  5.558  4.824  0.735  0.000  259.7  118.5  141.2    0.0
 1988 308   124  28.90  24.70   9.90  5.987  5.987  5.183  0.804  0.000  265.7  123.7  142.0    0.0
 1988 309   125  28.20  27.00   9.90  6.009  6.009  5.213  0.796  0.000  271.7  128.9  142.8    0.0
 1988 310   126  29.20  30.20  11.90  6.564  6.564  5.709  0.856  0.000  278.3  134.6  143.7    0.0
 1988 311   127  29.10  31.00  13.00  6.656  6.656  5.805  0.850  0.000  284.9  140.4  144.5    0.0
 1988 312   128  29.30  31.50  14.70  6.823  6.706  5.968  0.738  0.000  291.6  146.4  145.3    0.0
 1988 313   129  22.50  27.00  15.30  4.999  4.999  4.383  0.616  0.000  296.6  150.7  145.9    0.0
 1988 314   130  29.00  26.80  12.30  6.276  6.276  5.509  0.767  0.000  302.9  156.3  146.7    0.0
 1988 315   131  22.10  26.00   7.70  4.561  4.561  4.005  0.556  0.000  307.5  160.3  147.2    0.0
 1988 316   132  19.00  26.10  15.40  4.179  4.179  3.668  0.512  0.000  311.7  163.9  147.7    0.0
 1988 317   133  23.90  25.20  14.90  5.180  5.180  4.549  0.631  0.000  316.8  168.5  148.4    0.0
 1988 318   134  29.90  29.90  12.70  6.731  6.731  5.915  0.817  0.000  323.6  174.4  149.2    0.0
 1988 319   135  29.40  25.20  12.70  6.259  6.259  5.505  0.754  0.000  329.8  179.9  149.9    0.0
 1988 320   136  28.80  27.80  10.60  6.221  6.221  5.471  0.750  0.000  336.1  185.4  150.7    0.0
 1988 321   137  26.70  34.40  13.30  6.353  6.353  5.563  0.790  0.000  342.4  190.9  151.5    0.0
 1988 322   138  28.80  34.60  18.80  7.146  7.146  6.231  0.916  0.000  349.6  197.2  152.4    0.0
 1988 323   139  10.50  26.60  19.00  2.392  2.392  2.079  0.313  0.000  351.9  199.2  152.7    0.0
 1988 324   140  26.30  29.50  19.70  6.223  6.223  5.393  0.830  0.000  358.2  204.6  153.5    0.0
 1988 325   141  21.00  29.40  17.70  4.892  4.892  4.228  0.664  0.000  363.1  208.9  154.2    0.0
 1988 326   142   8.90  22.60  12.10  1.830  1.830  1.577  0.252  0.000  364.9  210.4  154.4    0.0
 1988 327   143  26.30  21.70  11.30  5.311  5.311  4.567  0.744  0.000  370.2  215.0  155.2    0.0
 1988 328   144  30.40  24.80   8.60  6.244  6.244  5.356  0.888  0.000  376.4  220.4  156.1    0.0
 1988 329   145  30.90  26.00  11.70  6.611  6.611  5.658  0.953  0.000  383.1  226.0  157.0    0.0
 1988 330   146  30.80  29.10  11.30  6.819  6.819  5.824  0.995  0.000  389.9  231.8  158.0    0.0
 1988 331   147  17.80  27.70  14.60  3.979  3.979  3.392  0.587  0.000  393.9  235.2  158.6    0.0
 1988 332   148  31.10  21.10   8.60  6.094  6.094  5.185  0.909  0.000  400.0  240.4  159.5    0.0
 1988 333   149  30.50  23.40   8.00  6.129  6.129  5.206  0.923  0.000  406.1  245.6  160.4    0.0
 1988 334   150  30.70  26.50   9.90  6.520  6.124  5.529  0.595  0.000  412.2  251.2  161.0    0.0
 1988 335   151  30.40  28.40  11.90  6.714  6.714  5.681  1.034  0.000  418.9  256.8  162.1    0.0
 1988 336   152  23.90  27.60  15.20  5.368  5.368  4.529  0.838  0.000  424.3  261.4  162.9    0.0
 1988 337   153  26.30  28.80  14.80  5.973  5.973  5.025  0.948  0.000  430.3  266.4  163.9    0.0
 1988 338   154  30.60  32.00  15.50  7.245  7.245  6.076  1.169  0.000  437.5  272.5  165.0    0.0
 1988 339   155  30.40  33.60  17.70  7.444  7.444  6.220  1.224  0.000  444.9  278.7  166.3    0.0
 1988 340   156  33.00  36.70  15.50  8.862  8.862  7.375  1.487  0.000  453.8  286.1  167.7    0.0
 1988 341   157  23.30  35.60  17.20  5.972  5.972  4.948  1.024  0.000  459.8  291.0  168.8    0.0
 1988 342   158  15.50  29.10  17.50  3.614  3.614  2.979  0.634  0.000  463.4  294.0  169.4    0.0
 1988 343   159  22.00  27.60  14.10  4.916  4.916  4.031  0.885  0.000  468.3  298.0  170.3    0.0
 1988 344   160  28.00  28.50  12.60  6.253  6.253  5.097  1.156  0.000  474.6  303.1  171.4    0.0
 1988 345   161  29.00  30.00  11.40  6.535  6.535  5.292  1.243  0.000  481.1  308.4  172.7    0.0
 1988 346   162  31.40  34.00  14.90  7.603  7.603  6.114  1.489  0.000  488.7  314.5  174.2    0.0
 1988 347   163   9.20  23.10  17.90  2.015  2.015  1.608  0.407  0.000  490.7  316.1  174.6    0.0
 1988 348   164  26.80  27.80  17.70  6.196  6.196  4.905  1.291  0.000  496.9  321.0  175.9    0.0
 1988 349   165  31.80  30.00  12.60  7.259  7.259  5.696  1.563  0.000  504.2  326.7  177.4    0.0
 1988 350   166  32.10  28.50  16.40  7.422  7.422  5.770  1.652  0.000  511.6  332.5  179.1    0.0
 1988 351   167  30.60  31.20  12.90  7.113  7.055  5.473  1.581  0.000  518.6  338.0  180.7    0.0
 1988 352   168  19.60  32.50  17.10  4.774  4.774  3.633  1.142  0.000  523.4  341.6  181.8    0.0
 1988 353   169  30.40  30.90  18.10  7.340  7.340  5.518  1.822  0.000  530.8  347.1  183.6    0.0
 1988 354   170  22.30  29.80  16.10  5.248  5.248  3.895  1.353  0.000  536.0  351.0  185.0    0.0
 1988 355   171  30.80  26.10  10.20  6.636  6.636  4.858  1.778  0.000  542.6  355.9  186.8    0.0
 1988 356   172  31.80  28.30  11.00  7.093  7.058  5.116  1.943  0.000  549.7  361.0  188.7    0.0
 1988 357   173  20.30  28.80  20.10  4.890  4.890  3.472  1.418  0.000  554.6  364.5  190.1    0.0
 1988 358   174  27.20  33.60  16.40  6.733  6.733  4.703  2.029  0.000  561.3  369.2  192.2    0.0
 1988 359   175  30.90  34.90  15.40  7.714  7.714  5.296  2.418  0.000  569.0  374.5  194.6    0.0
 1988 360   176  31.80  35.00  19.70  8.206  7.190  5.531  1.659  0.000  576.2  380.0  196.2    0.0
 1988 361   177  26.30  35.60  19.10  7.000  6.920  4.627  2.293  0.000  583.2  384.6  198.5    0.0
 1988 362   178  15.10  30.50  21.00  3.765  3.765  2.437  1.327  0.000  586.9  387.1  199.9    0.0
 1988 363   179  23.50  30.50  18.00  5.745  5.745  3.639  2.106  0.000  592.7  390.7  202.0    0.0
 1988 364   180  30.50  28.00  11.30  6.899  6.899  4.270  2.629  0.000  599.6  395.0  204.6    0.0
 1988 365   181  31.30  29.60  12.20  7.282  6.635  4.401  2.234  0.000  606.2  399.4  206.8    0.0
 1988 366   182  31.50  33.20  16.10  7.873  7.306  4.644  2.662  0.000  613.5  404.0  209.5    0.0
 1989 001   183  30.10  36.10  19.80  8.378  6.230  4.818  1.412  0.000  619.7  408.8  210.9    0.0
 1989 002   184  30.90  36.10  19.20  8.585  8.585  4.808  3.777  0.000  628.3  413.6  214.7    0.0
 1989 003   185  31.30  35.00  16.60  8.058  7.481  4.393  3.089  0.000  635.8  418.0  217.8    0.0
 1989 004   186  31.30  36.30  19.30  8.815  7.545  4.805  2.740  0.000  643.3  422.8  220.5    0.0
 1989 005   187  31.50  35.60  18.80  8.513  6.060  4.641  1.419  0.000  649.4  427.5  221.9    0.0

*DSSAT Cropping System Model Ver. 4.0.2.000               Aug 03, 2016; 14:28:43

*RUN   3        : UYMZ                    
 MODEL          : MZCER040 - Maize           
 EXPERIMENT     : UYMZ0116 MZ    late to create DSS                             
 TREATMENT  1   : UYMZ                    

@YEAR DOY   DAS   SRAA   TMXA   TMNA   EOAA   ETAA   EPAA   ESAA   EFAD   ETAC   EPAC   ESAC   EFAC
 1989 184     0  11.40  11.10  -4.80  1.898  1.898  0.000  1.898  0.000    1.9    0.0    1.9    0.0
 1989 185     1   5.40  10.70  -1.50  0.928  0.928  0.000  0.928  0.000    2.8    0.0    2.8    0.0
 1989 186     2  12.80   9.10  -0.20  2.172  1.266  0.000  1.266  0.000    4.1    0.0    4.1    0.0
 1989 187     3   9.80  10.10  -3.80  1.622  1.622  0.000  1.622  0.000    5.7    0.0    5.7    0.0
 1989 188     4   3.80  10.60  -2.60  0.644  0.644  0.000  0.644  0.000    6.4    0.0    6.4    0.0
 1989 189     5   9.80  15.00  -0.50  1.828  1.828  0.000  1.828  0.000    8.2    0.0    8.2    0.0
 1989 190     6   9.50  16.40   2.10  1.860  1.860  0.000  1.860  0.000   10.0    0.0   10.0    0.0
 1989 191     7   6.30  17.10   3.70  1.267  0.778  0.000  0.778  0.000   10.8    0.0   10.8    0.0
 1989 192     8   7.40  17.00   3.50  1.483  1.483  0.000  1.483  0.000   12.3    0.0   12.3    0.0
 1989 193     9   3.80  14.40   8.20  0.767  0.767  0.000  0.767  0.000   13.1    0.0   13.1    0.0
 1989 194    10   9.80  19.60   2.70  2.023  1.616  0.000  1.616  0.000   14.7    0.0   14.7    0.0
 1989 195    11  10.70  18.50   3.10  2.183  1.180  0.000  1.180  0.000   15.9    0.0   15.9    0.0
 1989 196    12  12.10  17.80  -1.90  2.324  0.977  0.000  0.977  0.000   16.8    0.0   16.8    0.0
 1989 197    13  13.20  24.50   4.10  2.953  0.853  0.000  0.853  0.000   17.7    0.0   17.7    0.0
 1989 198    14  13.40  27.00   5.80  3.142  0.766  0.000  0.766  0.000   18.5    0.0   18.5    0.0
 1989 199    15  13.30  27.70   8.60  3.220  0.702  0.000  0.702  0.000   19.2    0.0   19.2    0.0
 1989 200    16  13.00  25.60  10.40  3.113  0.651  0.000  0.651  0.000   19.8    0.0   19.8    0.0
 1989 201    17   8.90  23.00  10.30  2.061  0.610  0.000  0.610  0.000   20.4    0.0   20.4    0.0
 1989 202    18  14.10  17.60   5.10  2.894  0.581  0.005  0.576  0.000   21.0    0.0   21.0    0.0
 1989 203    19   7.70  13.60   5.40  1.494  0.551  0.003  0.547  0.000   21.6    0.0   21.6    0.0
 1989 204    20   4.10  12.30   6.20  0.786  0.786  0.002  0.784  0.000   22.3    0.0   22.3    0.0
 1989 205    21  11.40  16.20   8.40  2.366  2.366  0.006  2.360  0.000   24.7    0.0   24.7    0.0
 1989 206    22  13.30  13.90   4.40  2.565  2.565  0.008  2.557  0.000   27.3    0.0   27.3    0.0
 1989 207    23  11.30  14.60   6.60  2.252  2.252  0.008  2.244  0.000   29.5    0.0   29.5    0.0
 1989 208    24   7.40  15.50   6.20  1.488  1.488  0.006  1.483  0.000   31.0    0.0   31.0    0.0
 1989 209    25   7.90  14.00   6.30  1.555  1.555  0.007  1.549  0.000   32.6    0.0   32.5    0.0
 1989 210    26   7.50  14.80   5.00  1.475  1.475  0.007  1.468  0.000   34.1    0.1   34.0    0.0
 1989 211    27  14.20  15.50   5.30  2.830  1.806  0.014  1.792  0.000   35.9    0.1   35.8    0.0
 1989 212    28  14.80  15.50   2.00  2.853  2.302  0.016  2.286  0.000   38.2    0.1   38.1    0.0
 1989 213    29  14.50  20.00   3.10  3.020  1.375  0.015  1.360  0.000   39.5    0.1   39.4    0.0
 1989 214    30  14.90  24.80   5.00  3.371  1.089  0.018  1.071  0.000   40.6    0.1   40.5    0.0
 1989 215    31  10.70  26.50  14.80  2.681  0.931  0.018  0.913  0.000   41.6    0.1   41.4    0.0
 1989 216    32   9.30  18.80   9.90  2.027  2.027  0.020  2.008  0.000   43.6    0.2   43.4    0.0
 1989 217    33  15.70  18.60   5.80  3.286  1.587  0.036  1.551  0.000   45.2    0.2   45.0    0.0
 1989 218    34  15.60  21.50   5.30  3.383  1.196  0.041  1.155  0.000   46.4    0.2   46.1    0.0
 1989 219    35  15.80  21.40   6.80  3.466  1.021  0.058  0.963  0.000   47.4    0.3   47.1    0.0
 1989 220    36   4.70  17.70   8.50  0.994  0.865  0.022  0.843  0.000   48.3    0.3   47.9    0.0
 1989 221    37   4.50  15.60  12.70  0.961  0.961  0.026  0.935  0.000   49.2    0.3   48.9    0.0
 1989 222    38   8.40  18.30  11.50  1.839  1.839  0.059  1.780  0.000   51.1    0.4   50.7    0.0
 1989 223    39   5.90  22.30   8.80  1.329  1.329  0.052  1.277  0.000   52.4    0.4   51.9    0.0
 1989 224    40  15.40  19.00   6.80  3.255  3.255  0.145  3.111  0.000   55.6    0.6   55.0    0.0
 1989 225    41  14.90  24.00   8.80  3.425  2.376  0.170  2.206  0.000   58.0    0.8   57.3    0.0
 1989 226    42  16.70  23.60  10.70  3.875  2.495  0.231  2.264  0.000   60.5    1.0   59.5    0.0
 1989 227    43  16.80  24.60   8.30  3.862  1.631  0.275  1.356  0.000   62.1    1.3   60.9    0.0
 1989 228    44  16.60  28.50   9.40  4.034  1.405  0.336  1.069  0.000   63.5    1.6   61.9    0.0
 1989 229    45  13.90  24.70  13.20  3.318  1.243  0.331  0.912  0.000   64.8    1.9   62.9    0.0
 1989 230    46  14.20  30.40  11.80  3.578  1.224  0.416  0.808  0.000   66.0    2.3   63.7    0.0
 1989 231    47   5.00  22.30  14.90  1.168  0.895  0.161  0.734  0.000   66.9    2.5   64.4    0.0
 1989 232    48   5.00  17.20  14.80  1.091  1.091  0.169  0.921  0.000   68.0    2.7   65.3    0.0
 1989 233    49   5.00  18.60  14.00  1.101  1.101  0.186  0.915  0.000   69.1    2.9   66.2    0.0
 1989 234    50   6.10  12.50   6.50  1.145  1.145  0.210  0.935  0.000   70.2    3.1   67.2    0.0
 1989 235    51  12.90  15.80   7.10  2.559  2.559  0.472  2.086  0.000   72.8    3.5   69.3    0.0
 1989 236    52   8.40  17.30   5.90  1.682  1.682  0.318  1.364  0.000   74.5    3.9   70.6    0.0
 1989 237    53  17.50  16.00   6.50  3.455  2.989  0.674  2.315  0.000   77.5    4.5   72.9    0.0
 1989 238    54  11.00  19.60   3.30  2.216  2.216  0.447  1.769  0.000   79.7    5.0   74.7    0.0
 1989 239    55  18.90  14.10   2.60  3.487  2.498  0.683  1.814  0.000   82.2    5.7   76.5    0.0
 1989 240    56  18.10  18.40   1.30  3.527  1.879  0.631  1.248  0.000   84.1    6.3   77.8    0.0
 1989 241    57  19.10  25.40   5.80  4.292  1.649  0.635  1.014  0.000   85.7    6.9   78.8    0.0
 1989 242    58  11.40  26.50   0.00  2.463  1.292  0.415  0.877  0.000   87.0    7.4   79.7    0.0
 1989 243    59   6.70  14.30   9.00  1.337  1.337  0.162  1.175  0.000   88.3    7.5   80.8    0.0
 1989 244    60  19.00  15.20   6.70  3.751  3.751  0.489  3.262  0.000   92.1    8.0   84.1    0.0
 1989 245    61  19.20  17.20   2.50  3.741  3.079  0.522  2.557  0.000   95.2    8.5   86.6    0.0
 1989 246    62  18.70  22.40   6.40  4.073  3.173  0.528  2.645  0.000   98.3    9.1   89.3    0.0
 1989 247    63  19.00  26.20  10.70  4.493  2.080  0.670  1.410  0.000  100.4    9.7   90.7    0.0
 1989 248    64   9.00  16.80  10.50  1.871  1.434  0.339  1.095  0.000  101.9   10.1   91.8    0.0
 1989 249    65  18.20  14.90   6.50  3.533  3.533  0.706  2.827  0.000  105.4   10.8   94.6    0.0
 1989 250    66  20.10  17.60   4.70  3.983  3.937  0.838  3.099  0.000  109.3   11.6   97.7    0.0
 1989 251    67  16.00  18.00   2.20  3.107  3.107  0.686  2.421  0.000  112.4   12.3  100.1    0.0
 1989 252    68  15.40  19.50   8.70  3.258  2.461  0.655  1.805  0.000  114.9   12.9  101.9    0.0
 1989 253    69  10.90  19.70   8.30  2.297  1.750  0.505  1.245  0.000  116.6   13.5  103.2    0.0
 1989 254    70   6.40  18.80  12.10  1.375  1.140  0.330  0.811  0.000  117.8   13.8  104.0    0.0
 1989 255    71   6.30  19.10  13.20  1.367  1.367  0.360  1.006  0.000  119.2   14.1  105.0    0.0
 1989 256    72   6.10  15.90  13.00  1.260  1.260  0.365  0.895  0.000  120.4   14.5  105.9    0.0
 1989 257    73   9.10  16.30  11.40  1.857  1.857  0.577  1.281  0.000  122.3   15.1  107.2    0.0
 1989 258    74  19.60  15.10   7.40  3.776  3.243  1.243  2.000  0.000  125.5   16.3  109.2    0.0
 1989 259    75  14.10  17.60   6.40  2.784  2.784  0.950  1.834  0.000  128.3   17.3  111.0    0.0
 1989 260    76  21.80  20.00   3.90  4.341  2.837  1.538  1.299  0.000  131.1   18.8  112.3    0.0
 1989 261    77  22.00  21.70   6.00  4.570  2.673  1.632  1.041  0.000  133.8   20.4  113.4    0.0
 1989 262    78  21.70  24.80  10.60  4.869  2.729  1.835  0.894  0.000  136.5   22.3  114.3    0.0
 1989 263    79  22.30  25.50   8.30  4.928  2.808  2.012  0.796  0.000  139.3   24.3  115.0    0.0
 1989 264    80  20.10  26.10  10.00  4.519  2.698  1.974  0.724  0.000  142.0   26.3  115.8    0.0
 1989 265    81   7.10  18.60  15.20  1.509  1.509  0.714  0.794  0.000  143.6   27.0  116.6    0.0
 1989 266    82   7.80  16.90  10.30  1.544  1.544  0.775  0.769  0.000  145.1   27.8  117.3    0.0
 1989 267    83  10.50  11.20   7.20  1.849  1.849  0.962  0.888  0.000  146.9   28.7  118.2    0.0
 1989 268    84  14.00  12.60   5.70  2.480  2.480  1.298  1.182  0.000  149.4   30.0  119.4    0.0
 1989 269    85  17.20  14.40   4.80  3.101  3.101  1.635  1.466  0.000  152.5   31.7  120.9    0.0
 1989 270    86  23.20  13.70   3.90  4.099  4.007  2.172  1.834  0.000  156.5   33.8  122.7    0.0
 1989 271    87  15.30  17.00   3.20  2.826  2.826  1.470  1.355  0.000  159.4   35.3  124.1    0.0
 1989 272    88  23.60  18.40   3.60  4.478  4.478  2.251  2.228  0.000  163.8   37.5  126.3    0.0
 1989 273    89  21.10  22.20   7.70  4.387  3.561  2.174  1.387  0.000  167.4   39.7  127.7    0.0
 1989 274    90  18.80  26.00   9.20  4.143  3.231  2.147  1.084  0.000  170.6   41.9  128.8    0.0
 1989 275    91   9.50  26.40  11.90  2.141  2.094  1.173  0.921  0.000  172.7   43.0  129.7    0.0
 1989 276    92  23.50  21.60   9.40  4.859  3.627  2.812  0.814  0.000  176.3   45.9  130.5    0.0
 1989 277    93  24.20  21.70   7.50  4.912  3.681  2.942  0.738  0.000  180.0   48.8  131.2    0.0
 1989 278    94  24.00  25.00   8.80  5.129  3.839  3.159  0.680  0.000  183.9   52.0  131.9    0.0
 1989 279    95  20.30  24.60   8.80  4.302  3.378  2.744  0.634  0.000  187.2   54.7  132.5    0.0
 1989 280    96  17.50  22.60  12.20  3.710  3.710  2.441  1.270  0.000  191.0   57.1  133.8    0.0
 1989 281    97  20.40  20.00  10.30  4.101  3.582  2.782  0.801  0.000  194.5   59.9  134.6    0.0
 1989 282    98  24.60  20.50   6.20  4.788  4.045  3.317  0.728  0.000  198.6   63.2  135.3    0.0
 1989 283    99  17.50  22.60   7.50  3.539  3.161  2.489  0.672  0.000  201.7   65.7  136.0    0.0
 1989 284   100  12.90  20.70  12.50  2.653  2.653  1.901  0.752  0.000  204.4   67.6  136.8    0.0
 1989 285   101  11.90  12.60   7.20  2.075  2.075  1.518  0.556  0.000  206.5   69.1  137.3    0.0
 1989 286   102  15.40  17.70   4.10  2.808  2.808  2.062  0.745  0.000  209.3   71.2  138.1    0.0
 1989 287   103  24.30  20.40   7.40  4.750  4.750  3.460  1.290  0.000  214.0   74.7  139.4    0.0
 1989 288   104  23.80  23.40   8.40  4.877  4.877  3.601  1.276  0.000  218.9   78.3  140.6    0.0
 1989 289   105  26.20  21.80   9.90  5.317  5.317  3.995  1.322  0.000  224.2   82.3  142.0    0.0
 1989 290   106  15.80  19.50   9.90  3.105  3.105  2.370  0.734  0.000  227.3   84.6  142.7    0.0
 1989 291   107  20.40  22.40   9.70  4.152  3.806  3.210  0.596  0.000  231.1   87.8  143.3    0.0
 1989 292   108  25.10  25.00  12.60  5.399  5.399  4.236  1.163  0.000  236.5   92.1  144.5    0.0
 1989 293   109  25.20  28.00  11.10  5.542  5.542  4.428  1.113  0.000  242.1   96.5  145.6    0.0
 1989 294   110  16.60  27.00  12.40  3.637  3.637  2.959  0.678  0.000  245.7   99.5  146.2    0.0
 1989 295   111  26.90  26.50  11.10  5.786  5.786  4.786  1.000  0.000  251.5  104.3  147.2    0.0
 1989 296   112  26.40  29.50  12.20  5.910  5.910  5.074  0.836  0.000  257.4  109.3  148.1    0.0
 1989 297   113   7.90  22.20  16.70  1.676  1.676  1.467  0.209  0.000  259.1  110.8  148.3    0.0
 1989 298   114   9.30  21.40  15.30  1.930  1.930  1.697  0.233  0.000  261.0  112.5  148.5    0.0
 1989 299   115  20.80  19.10  10.40  4.014  4.014  3.543  0.471  0.000  265.0  116.0  149.0    0.0
 1989 300   116  27.50  20.80   7.40  5.284  5.284  4.681  0.603  0.000  270.3  120.7  149.6    0.0
 1989 301   117  28.20  22.80   8.80  5.631  5.631  5.001  0.630  0.000  275.9  125.7  150.2    0.0
 1989 302   118  27.50  28.80  10.70  6.007  6.007  5.352  0.655  0.000  281.9  131.1  150.9    0.0
 1989 303   119  11.30  22.00  13.60  2.324  2.324  2.081  0.244  0.000  284.3  133.2  151.1    0.0
 1989 304   120  26.00  20.70  10.30  5.111  5.111  4.587  0.524  0.000  289.4  137.7  151.6    0.0
 1989 305   121  27.70  21.20   7.00  5.322  5.322  4.783  0.539  0.000  294.7  142.5  152.2    0.0
 1989 306   122   9.20  20.10  11.70  1.816  1.816  1.633  0.183  0.000  296.5  144.2  152.4    0.0
 1989 307   123  12.60  20.50  13.50  2.539  2.539  2.285  0.254  0.000  299.1  146.4  152.6    0.0
 1989 308   124  28.90  23.10  13.30  6.007  6.007  5.413  0.595  0.000  305.1  151.9  153.2    0.0
 1989 309   125  28.80  21.90  12.30  5.846  5.846  5.275  0.572  0.000  310.9  157.1  153.8    0.0
 1989 310   126  29.10  25.30   9.50  6.022  6.022  5.437  0.586  0.000  316.9  162.6  154.4    0.0
 1989 311   127  14.50  24.60  14.00  3.087  3.087  2.788  0.299  0.000  320.0  165.4  154.7    0.0
 1989 312   128  26.00  27.30  13.40  5.689  5.689  5.144  0.545  0.000  325.7  170.5  155.2    0.0
 1989 313   129  28.70  28.00  15.40  6.430  6.430  5.821  0.609  0.000  332.1  176.3  155.8    0.0
 1989 314   130  25.10  29.70  15.90  5.754  5.754  5.218  0.537  0.000  337.9  181.5  156.4    0.0
 1989 315   131   8.80  23.30  18.10  1.905  1.905  1.730  0.175  0.000  339.8  183.3  156.5    0.0
 1989 316   132   8.50  19.60  11.70  1.665  1.665  1.511  0.153  0.000  341.5  184.8  156.7    0.0
 1989 317   133  24.50  18.20  10.70  4.668  4.668  4.235  0.433  0.000  346.1  189.0  157.1    0.0
 1989 318   134  29.70  24.00   9.50  6.044  6.044  5.476  0.568  0.000  352.2  194.5  157.7    0.0
 1989 319   135  29.40  28.10  12.00  6.424  6.424  5.802  0.622  0.000  358.6  200.3  158.3    0.0
 1989 320   136  29.30  23.30  11.20  6.000  6.000  5.402  0.599  0.000  364.6  205.7  158.9    0.0
 1989 321   137  29.70  25.00   9.40  6.122  6.122  5.498  0.624  0.000  370.7  211.2  159.5    0.0
 1989 322   138  28.70  30.20  11.80  6.423  6.423  5.755  0.668  0.000  377.2  216.9  160.2    0.0
 1989 323   139  22.90  31.00  15.60  5.325  5.325  4.760  0.564  0.000  382.5  221.7  160.8    0.0
 1989 324   140  20.40  28.10  17.40  4.655  4.655  4.153  0.502  0.000  387.1  225.9  161.3    0.0
 1989 325   141  24.20  29.60  17.70  5.630  5.630  5.013  0.617  0.000  392.8  230.9  161.9    0.0
 1989 326   142  26.40  32.90  18.60  6.410  6.410  5.697  0.713  0.000  399.2  236.6  162.6    0.0
 1989 327   143  24.40  30.80  18.50  5.788  5.788  5.135  0.653  0.000  405.0  241.7  163.3    0.0
 1989 328   144  30.20  23.60  15.50  6.445  6.445  5.709  0.736  0.000  411.4  247.4  164.0    0.0
 1989 329   145  24.00  25.20  13.90  5.156  5.156  4.560  0.596  0.000  416.6  252.0  164.6    0.0
 1989 330   146  22.90  26.50  14.70  5.029  5.029  4.442  0.588  0.000  421.6  256.4  165.2    0.0
 1989 331   147  25.10  24.50  14.20  5.362  5.362  4.729  0.633  0.000  426.9  261.1  165.8    0.0
 1989 332   148  29.70  26.00  11.20  6.307  6.307  5.552  0.756  0.000  433.3  266.7  166.6    0.0
 1989 333   149  21.60  26.90  14.40  4.759  4.759  4.178  0.580  0.000  438.0  270.9  167.1    0.0
 1989 334   150  28.10  29.40  16.20  6.462  6.462  5.660  0.802  0.000  444.5  276.5  167.9    0.0
 1989 335   151  27.00  31.50  17.60  6.424  6.424  5.611  0.813  0.000  450.9  282.1  168.8    0.0
 1989 336   152  18.80  30.80  18.80  4.480  4.447  3.901  0.546  0.000  455.3  286.0  169.3    0.0
 1989 337   153  17.30  26.80  16.50  3.875  3.875  3.362  0.513  0.000  459.2  289.4  169.8    0.0
 1989 338   154  30.10  25.80  13.30  6.500  6.500  5.618  0.883  0.000  465.7  295.0  170.7    0.0
 1989 339   155  25.80  31.30  14.00  5.976  5.976  5.141  0.834  0.000  471.7  300.2  171.5    0.0
 1989 340   156  22.10  29.50  18.30  5.183  5.183  4.438  0.745  0.000  476.9  304.6  172.3    0.0
 1989 341   157  25.70  29.80  19.20  6.091  6.091  5.189  0.902  0.000  483.0  309.8  173.2    0.0
 1989 342   158  28.40  30.80  18.50  6.775  6.775  5.739  1.036  0.000  489.8  315.5  174.2    0.0
 1989 343   159  18.10  30.50  18.90  4.320  4.320  3.636  0.683  0.000  494.1  319.2  174.9    0.0
 1989 344   160  29.50  32.40  18.80  7.187  7.083  6.010  1.073  0.000  501.2  325.2  176.0    0.0
 1989 345   161  27.50  33.80  20.30  6.879  6.879  5.710  1.169  0.000  508.0  330.9  177.1    0.0
 1989 346   162  30.00  33.70  20.50  7.514  7.514  6.188  1.326  0.000  515.5  337.1  178.5    0.0
 1989 347   163  29.00  32.40  19.40  7.116  7.116  5.810  1.306  0.000  522.7  342.9  179.8    0.0
 1989 348   164  30.40  30.30  19.60  7.311  7.311  5.914  1.397  0.000  530.0  348.8  181.2    0.0
 1989 349   165  31.40  31.70  16.10  7.483  7.483  5.993  1.491  0.000  537.5  354.8  182.7    0.0
 1989 350   166  25.70  33.60  19.90  6.432  6.090  5.095  0.995  0.000  543.5  359.9  183.7    0.0
 1989 351   167  18.00  24.40  13.70  3.879  3.879  3.037  0.842  0.000  547.4  362.9  184.5    0.0
 1989 352   168  30.70  25.20   9.20  6.448  6.448  4.984  1.464  0.000  553.9  367.9  186.0    0.0
 1989 353   169  31.40  27.20  14.50  7.064  7.064  5.386  1.678  0.000  560.9  373.3  187.6    0.0
 1989 354   170  31.80  26.50  13.60  7.056  7.056  5.304  1.751  0.000  568.0  378.6  189.4    0.0
 1989 355   171  31.30  26.00  12.60  6.859  6.253  5.079  1.174  0.000  574.2  383.7  190.6    0.0
 1989 356   172  31.50  29.00  12.10  7.138  7.138  5.202  1.937  0.000  581.4  388.9  192.5    0.0
 1989 357   173  30.80  29.50  14.20  7.148  6.787  5.121  1.665  0.000  588.2  394.0  194.2    0.0
 1989 358   174  29.70  31.50  16.20  7.169  6.244  5.046  1.199  0.000  594.4  399.0  195.4    0.0
 1989 359   175   9.80  29.50  19.10  2.368  2.368  1.636  0.733  0.000  596.8  400.7  196.1    0.0
 1989 360   176  20.60  30.70  18.80  5.044  4.303  3.413  0.889  0.000  601.1  404.1  197.0    0.0
 1989 361   177  15.80  30.10  19.50  3.871  3.357  2.564  0.793  0.000  604.4  406.7  197.8    0.0
 1989 362   178  22.50  30.90  20.00  5.593  5.593  3.625  1.968  0.000  610.0  410.3  199.8    0.0
 1989 363   179  17.70  28.90  20.60  4.333  4.333  2.746  1.588  0.000  614.4  413.0  201.3    0.0
 1989 364   180  20.90  28.00  19.30  5.028  5.028  3.113  1.916  0.000  619.4  416.1  203.3    0.0
 1989 365   181  24.80  29.80  17.50  6.020  5.278  3.637  1.641  0.000  624.7  419.8  204.9    0.0
 1990 001   182  28.40  29.80  12.60  6.658  6.485  3.925  2.560  0.000  631.2  423.7  207.5    0.0
 1990 002   183  28.70  29.80  15.10  6.873  5.352  3.951  1.401  0.000  636.5  427.7  208.9    0.0
 1990 003   184  31.30  30.10  15.30  7.532  5.421  4.331  1.090  0.000  641.9  432.0  209.9    0.0
 1990 004   185  31.30  33.40  16.90  7.903  7.903  4.544  3.359  0.000  649.8  436.5  213.3    0.0

*DSSAT Cropping System Model Ver. 4.0.2.000               Aug 03, 2016; 14:28:43

*RUN   4        : UYMZ                    
 MODEL          : MZCER040 - Maize           
 EXPERIMENT     : UYMZ0116 MZ    late to create DSS                             
 TREATMENT  1   : UYMZ                    

@YEAR DOY   DAS   SRAA   TMXA   TMNA   EOAA   ETAA   EPAA   ESAA   EFAD   ETAC   EPAC   ESAC   EFAC
 1990 184     0   3.90  14.00   9.80  0.795  0.795  0.000  0.795  0.000    0.8    0.0    0.8    0.0
 1990 185     1   4.70  16.50   9.60  0.991  0.991  0.000  0.991  0.000    1.8    0.0    1.8    0.0
 1990 186     2   3.70  17.40  13.40  0.818  0.818  0.000  0.818  0.000    2.6    0.0    2.6    0.0
 1990 187     3   5.40  19.70  13.20  1.228  1.228  0.000  1.228  0.000    3.8    0.0    3.8    0.0
 1990 188     4   3.80  15.80  11.30  0.806  0.806  0.000  0.806  0.000    4.6    0.0    4.6    0.0
 1990 189     5   4.30  19.60  13.50  0.980  0.980  0.000  0.980  0.000    5.6    0.0    5.6    0.0
 1990 190     6   5.60  17.10  11.30  1.210  1.210  0.000  1.210  0.000    6.8    0.0    6.8    0.0
 1990 191     7   7.60  13.90   6.30  1.495  1.495  0.000  1.495  0.000    8.3    0.0    8.3    0.0
 1990 192     8  13.70  18.20   5.20  2.840  2.840  0.000  2.840  0.000   11.2    0.0   11.2    0.0
 1990 193     9  13.80  17.60   3.90  2.800  1.777  0.000  1.777  0.000   12.9    0.0   12.9    0.0
 1990 194    10  13.40  19.70   6.00  2.858  2.287  0.000  2.287  0.000   15.2    0.0   15.2    0.0
 1990 195    11   9.40  19.20   7.80  2.024  1.360  0.000  1.360  0.000   16.6    0.0   16.6    0.0
 1990 196    12   6.90  20.00  10.10  1.534  1.071  0.000  1.071  0.000   17.7    0.0   17.7    0.0
 1990 197    13   5.50  15.70  10.10  1.152  1.152  0.000  1.152  0.000   18.8    0.0   18.8    0.0
 1990 198    14   8.40  16.00   9.40  1.756  1.211  0.000  1.211  0.000   20.0    0.0   20.0    0.0
 1990 199    15  12.00  11.20   1.60  2.153  2.153  0.000  2.153  0.000   22.2    0.0   22.2    0.0
 1990 200    16  12.30   8.90  -2.00  2.036  2.036  0.000  2.036  0.000   24.2    0.0   24.2    0.0
 1990 201    17  11.70   8.10  -1.20  1.927  1.881  0.000  1.881  0.000   26.1    0.0   26.1    0.0
 1990 202    18   9.40   8.60  -1.00  1.566  1.566  0.000  1.566  0.000   27.7    0.0   27.7    0.0
 1990 203    19  12.50   8.80  -5.60  1.976  1.976  0.000  1.976  0.000   29.6    0.0   29.6    0.0
 1990 204    20  12.50  13.90  -0.70  2.286  1.417  0.000  1.417  0.000   31.1    0.0   31.1    0.0
 1990 205    21  14.00  14.70   2.10  2.671  1.098  0.000  1.098  0.000   32.1    0.0   32.1    0.0
 1990 206    22  14.70   6.50  -1.00  2.358  0.929  0.000  0.929  0.000   33.1    0.0   33.1    0.0
 1990 207    23  11.00  12.00   4.00  2.052  0.820  0.000  0.820  0.000   33.9    0.0   33.9    0.0
 1990 208    24  13.50  16.00   1.70  2.617  0.743  0.000  0.743  0.000   34.6    0.0   34.6    0.0
 1990 209    25  14.90  10.20   1.10  2.615  0.683  0.000  0.683  0.000   35.3    0.0   35.3    0.0
 1990 210    26  14.20  12.70  -1.10  2.535  0.637  0.000  0.637  0.000   36.0    0.0   36.0    0.0
 1990 211    27  12.80  12.80  -1.00  2.292  0.598  0.000  0.598  0.000   36.6    0.0   36.6    0.0
 1990 212    28  13.00  14.90  -1.90  2.385  0.566  0.000  0.566  0.000   37.1    0.0   37.1    0.0
 1990 213    29  13.00  17.50   3.80  2.631  0.539  0.001  0.539  0.000   37.7    0.0   37.7    0.0
 1990 214    30  14.40  19.90   3.70  3.014  0.516  0.002  0.515  0.000   38.2    0.0   38.2    0.0
 1990 215    31  14.80  21.50   5.00  3.206  0.497  0.004  0.494  0.000   38.7    0.0   38.7    0.0
 1990 216    32  14.80  21.90   5.70  3.243  0.482  0.006  0.475  0.000   39.2    0.0   39.1    0.0
 1990 217    33  14.50  25.90  10.20  3.477  0.469  0.010  0.459  0.000   39.6    0.0   39.6    0.0
 1990 218    34  15.60  23.40  13.90  3.739  0.462  0.018  0.444  0.000   40.1    0.0   40.1    0.0
 1990 219    35  15.20  25.90  14.40  3.769  0.457  0.027  0.430  0.000   40.5    0.1   40.5    0.0
 1990 220    36  12.90  25.00  12.80  3.122  0.448  0.031  0.418  0.000   41.0    0.1   40.9    0.0
 1990 221    37  14.70  20.50  10.30  3.289  1.641  0.041  1.600  0.000   42.6    0.1   42.5    0.0
 1990 222    38  15.10  22.30   8.90  3.414  0.479  0.061  0.417  0.000   43.1    0.2   42.9    0.0
 1990 223    39  15.40  28.00  11.90  3.828  3.828  0.094  3.735  0.000   46.9    0.3   46.6    0.0
 1990 224    40  15.30  28.40  12.10  3.821  3.254  0.137  3.116  0.000   50.2    0.4   49.8    0.0
 1990 225    41  14.50  28.00  12.80  3.617  2.928  0.177  2.751  0.000   53.1    0.6   52.5    0.0
 1990 226    42   5.20  25.80  14.90  1.282  1.282  0.081  1.201  0.000   54.4    0.7   53.7    0.0
 1990 227    43   7.50  15.80  10.50  1.561  1.561  0.121  1.440  0.000   56.0    0.8   55.2    0.0
 1990 228    44  14.80  18.90   8.50  3.155  3.155  0.264  2.891  0.000   59.1    1.1   58.0    0.0
 1990 229    45  16.80  21.40   7.70  3.673  3.006  0.336  2.670  0.000   62.1    1.4   60.7    0.0
 1990 230    46  16.20  20.80   6.00  3.456  2.985  0.346  2.639  0.000   65.1    1.8   63.4    0.0
 1990 231    47  12.80  20.80  10.40  2.837  1.717  0.307  1.410  0.000   66.8    2.1   64.8    0.0
 1990 232    48  17.30  21.00  10.30  3.834  1.553  0.458  1.094  0.000   68.4    2.5   65.9    0.0
 1990 233    49  14.80  20.90   6.70  3.166  1.344  0.418  0.927  0.000   69.7    2.9   66.8    0.0
 1990 234    50  13.00  18.40   8.30  2.723  1.205  0.386  0.819  0.000   70.9    3.3   67.6    0.0
 1990 235    51  17.00  15.60   4.40  3.290  1.238  0.497  0.741  0.000   72.2    3.8   68.3    0.0
 1990 236    52  11.20  18.10   3.70  2.233  1.022  0.339  0.683  0.000   73.2    4.2   69.0    0.0
 1990 237    53  13.00  24.60   9.60  2.986  1.083  0.447  0.636  0.000   74.3    4.6   69.7    0.0
 1990 238    54  16.40  25.50  11.70  3.866  1.244  0.647  0.598  0.000   75.5    5.3   70.3    0.0
 1990 239    55   6.80  17.60   5.50  1.362  1.362  0.257  1.105  0.000   76.9    5.5   71.4    0.0
 1990 240    56  18.80   9.70   2.00  3.209  3.209  0.627  2.582  0.000   80.1    6.1   74.0    0.0
 1990 241    57  17.80  14.60  -1.20  3.194  3.194  0.533  2.661  0.000   83.3    6.7   76.6    0.0
 1990 242    58  16.80  21.80   2.90  3.539  2.547  0.302  2.245  0.000   85.8    7.0   78.9    0.0
 1990 243    59   5.50  11.80   5.50  1.025  1.025  0.090  0.935  0.000   86.9    7.1   79.8    0.0
 1990 244    60  10.70  10.20   0.80  1.846  1.405  0.165  1.240  0.000   88.3    7.2   81.0    0.0
 1990 245    61  17.70  11.60  -2.30  3.031  3.031  0.200  2.830  0.000   91.3    7.4   83.9    0.0
 1990 246    62  19.80  16.80   2.50  3.904  1.535  0.083  1.452  0.000   92.8    7.5   85.3    0.0
 1990 247    63   5.60  16.40   7.10  1.148  1.142  0.029  1.113  0.000   94.0    7.5   86.4    0.0
 1990 248    64   6.00  18.60  13.40  1.339  0.996  0.057  0.938  0.000   95.0    7.6   87.4    0.0
 1990 249    65   5.70  15.40  13.40  1.218  1.218  0.057  1.161  0.000   96.2    7.7   88.5    0.0
 1990 250    66   5.80  15.90  12.80  1.240  1.106  0.062  1.044  0.000   97.3    7.7   89.6    0.0
 1990 251    67   5.80  14.30  10.30  1.184  1.184  0.064  1.120  0.000   98.5    7.8   90.7    0.0
 1990 252    68  19.70  23.50   7.80  4.456  4.456  0.251  4.205  0.000  102.9    8.0   94.9    0.0
 1990 253    69  15.20  27.50  11.60  3.717  2.617  0.291  2.326  0.000  105.5    8.3   97.2    0.0
 1990 254    70   9.60  23.10  10.70  2.200  2.200  0.222  1.978  0.000  107.7    8.5   99.2    0.0
 1990 255    71  17.10  13.80   5.20  3.263  3.263  0.383  2.880  0.000  111.0    8.9  102.1    0.0
 1990 256    72  18.80  11.80   2.70  3.385  2.654  0.415  2.238  0.000  113.7    9.3  104.3    0.0
 1990 257    73  20.40  14.20   0.50  3.734  2.992  0.421  2.571  0.000  116.7    9.8  106.9    0.0
 1990 258    74  21.40  18.40   3.40  4.318  1.759  0.357  1.402  0.000  118.4   10.1  108.3    0.0
 1990 259    75  17.80  21.60   7.90  3.909  1.451  0.360  1.091  0.000  119.9   10.5  109.4    0.0
 1990 260    76  10.60  17.70  10.60  2.253  1.197  0.272  0.925  0.000  121.1   10.8  110.3    0.0
 1990 261    77   9.30  17.90  11.00  1.982  1.982  0.286  1.696  0.000  123.0   11.0  112.0    0.0
 1990 262    78  13.80  17.70  10.00  2.896  2.896  0.489  2.407  0.000  125.9   11.5  114.4    0.0
 1990 263    79   6.40  17.90  13.30  1.383  1.383  0.266  1.117  0.000  127.3   11.8  115.5    0.0
 1990 264    80   6.40  20.50  15.80  1.456  1.311  0.312  0.999  0.000  128.6   12.1  116.5    0.0
 1990 265    81  20.10  18.60   9.20  4.196  4.196  0.994  3.203  0.000  132.8   13.1  119.7    0.0
 1990 266    82  18.60  13.50   5.40  3.466  2.371  0.898  1.473  0.000  135.2   14.0  121.2    0.0
 1990 267    83  22.30  15.00   3.20  4.153  2.229  1.106  1.123  0.000  137.4   15.1  122.3    0.0
 1990 268    84  23.20  16.30   3.10  4.408  2.078  1.134  0.944  0.000  139.5   16.2  123.3    0.0
 1990 269    85  23.40  20.50   5.10  4.820  2.033  1.203  0.830  0.000  141.5   17.4  124.1    0.0
 1990 270    86  21.30  24.00   8.90  4.740  2.027  1.277  0.750  0.000  143.6   18.7  124.8    0.0
 1990 271    87   6.80  21.70  12.20  1.504  1.145  0.455  0.689  0.000  144.7   19.2  125.5    0.0
 1990 272    88  19.30  22.00  11.30  4.235  2.035  1.394  0.641  0.000  146.8   20.6  126.2    0.0
 1990 273    89  19.30  25.20   8.90  4.297  2.179  1.577  0.602  0.000  148.9   22.1  126.8    0.0
 1990 274    90  21.70  28.10  12.90  5.141  2.648  2.079  0.569  0.000  151.6   24.2  127.4    0.0
 1990 275    91  24.20  24.00  11.90  5.372  2.972  2.430  0.541  0.000  154.5   26.7  127.9    0.0
 1990 276    92  21.80  26.60  13.30  5.026  2.968  2.451  0.517  0.000  157.5   29.1  128.4    0.0
 1990 277    93  17.90  30.10  17.50  4.411  2.820  2.324  0.496  0.000  160.3   31.4  128.9    0.0
 1990 278    94   7.10  19.10  17.30  1.522  1.352  0.875  0.477  0.000  161.7   32.3  129.4    0.0
 1990 279    95   9.40  22.70  17.20  2.099  2.099  1.251  0.848  0.000  163.8   33.6  130.2    0.0
 1990 280    96   7.20  21.60  17.70  1.586  1.586  0.987  0.599  0.000  165.4   34.5  130.8    0.0
 1990 281    97  11.50  20.40  13.70  2.407  2.407  1.542  0.865  0.000  167.8   36.1  131.7    0.0
 1990 282    98  23.40  22.30   9.50  4.828  4.828  3.187  1.641  0.000  172.6   39.3  133.3    0.0
 1990 283    99  21.00  22.30  11.30  4.389  4.389  2.972  1.417  0.000  177.0   42.2  134.8    0.0
 1990 284   100   9.00  22.10  14.50  1.922  1.922  1.336  0.586  0.000  178.9   43.6  135.3    0.0
 1990 285   101  25.50  19.40  11.30  5.105  5.105  3.638  1.468  0.000  184.0   47.2  136.8    0.0
 1990 286   102  26.10  21.60   7.60  5.197  5.197  3.768  1.429  0.000  189.2   51.0  138.2    0.0
 1990 287   103  24.80  22.60  11.50  5.167  5.167  3.803  1.364  0.000  194.4   54.8  139.6    0.0
 1990 288   104  25.50  20.10   8.90  5.015  5.015  3.767  1.248  0.000  199.4   58.6  140.8    0.0
 1990 289   105  26.40  20.50   5.00  5.031  4.747  3.829  0.918  0.000  204.2   62.4  141.8    0.0
 1990 290   106  15.20  21.40   8.90  3.035  3.035  2.326  0.710  0.000  207.2   64.7  142.5    0.0
 1990 291   107  24.50  24.40  14.30  5.311  5.311  4.124  1.187  0.000  212.5   68.8  143.7    0.0
 1990 292   108  17.30  24.00  15.30  3.754  3.754  2.974  0.779  0.000  216.3   71.8  144.4    0.0
 1990 293   109  16.40  23.70  15.70  3.541  3.541  2.917  0.623  0.000  219.8   74.7  145.1    0.0
 1990 294   110  22.20  24.00  14.20  4.741  4.741  3.982  0.759  0.000  224.5   78.7  145.8    0.0
 1990 295   111  27.10  24.80  13.10  5.781  5.781  4.938  0.843  0.000  230.3   83.6  146.7    0.0
 1990 296   112  21.10  25.60  13.10  4.538  4.538  3.924  0.614  0.000  234.9   87.6  147.3    0.0
 1990 297   113  20.80  22.20  13.80  4.310  4.310  3.764  0.546  0.000  239.2   91.3  147.8    0.0
 1990 298   114  14.30  24.70  11.80  3.004  3.004  2.641  0.362  0.000  242.2   94.0  148.2    0.0
 1990 299   115  25.10  27.10  16.30  5.620  5.620  4.971  0.649  0.000  247.8   98.9  148.8    0.0
 1990 300   116  19.60  28.30  17.00  4.470  4.470  3.980  0.490  0.000  252.3  102.9  149.3    0.0
 1990 301   117   8.80  23.80  18.50  1.926  1.926  1.725  0.201  0.000  254.2  104.7  149.5    0.0
 1990 302   118  12.20  27.40  20.40  2.823  2.823  2.533  0.290  0.000  257.0  107.2  149.8    0.0
 1990 303   119  26.40  28.80  17.90  6.088  6.088  5.477  0.611  0.000  263.1  112.7  150.4    0.0
 1990 304   120  26.50  23.20  15.80  5.628  5.628  5.083  0.545  0.000  268.7  117.7  151.0    0.0
 1990 305   121  23.10  24.10  16.70  4.994  4.994  4.521  0.473  0.000  273.7  122.3  151.4    0.0
 1990 306   122  20.10  27.00  14.30  4.412  4.412  4.004  0.408  0.000  278.1  126.3  151.9    0.0
 1990 307   123  11.80  28.10  20.80  2.755  2.755  2.506  0.249  0.000  280.9  128.8  152.1    0.0
 1990 308   124  21.00  22.20  10.80  4.220  4.220  3.844  0.376  0.000  285.1  132.6  152.5    0.0
 1990 309   125  28.80  19.00   6.40  5.330  5.330  4.858  0.472  0.000  290.4  137.5  153.0    0.0
 1990 310   126  17.40  21.20   9.80  3.422  3.422  3.117  0.305  0.000  293.9  140.6  153.3    0.0
 1990 311   127  23.40  23.50  13.50  4.890  4.890  4.455  0.435  0.000  298.7  145.1  153.7    0.0
 1990 312   128   8.40  18.40  11.30  1.612  1.612  1.471  0.142  0.000  300.4  146.5  153.8    0.0
 1990 313   129  16.20  22.30  15.10  3.380  3.380  3.076  0.304  0.000  303.7  149.6  154.1    0.0
 1990 314   130  21.20  24.80  13.70  4.510  4.510  4.096  0.415  0.000  308.2  153.7  154.6    0.0
 1990 315   131  23.60  27.00  15.30  5.221  5.221  4.734  0.487  0.000  313.5  158.4  155.0    0.0
 1990 316   132  12.20  24.60  14.20  2.601  2.601  2.355  0.246  0.000  316.1  160.8  155.3    0.0
 1990 317   133  26.70  34.90  18.50  6.602  6.602  5.969  0.633  0.000  322.7  166.8  155.9    0.0
 1990 318   134  15.90  33.00  20.80  3.917  3.917  3.537  0.380  0.000  326.6  170.3  156.3    0.0
 1990 319   135   8.60  23.20  17.30  1.849  1.849  1.668  0.181  0.000  328.4  172.0  156.5    0.0
 1990 320   136  17.60  22.10  12.20  3.580  3.580  3.225  0.355  0.000  332.0  175.2  156.8    0.0
 1990 321   137  28.70  26.10   9.30  5.991  5.991  5.392  0.600  0.000  338.0  180.6  157.4    0.0
 1990 322   138  27.80  29.70  16.50  6.409  6.409  5.762  0.647  0.000  344.4  186.3  158.1    0.0
 1990 323   139  27.10  33.40  21.80  6.756  6.756  6.068  0.688  0.000  351.2  192.4  158.8    0.0
 1990 324   140  12.20  28.00  21.10  2.856  2.856  2.563  0.293  0.000  354.0  195.0  159.1    0.0
 1990 325   141  30.70  28.70  18.80  7.122  7.122  6.390  0.731  0.000  361.2  201.4  159.8    0.0
 1990 326   142  28.10  28.00  15.30  6.298  6.298  5.648  0.650  0.000  367.4  207.0  160.4    0.0
 1990 327   143  29.80  28.20  14.20  6.639  6.639  5.949  0.689  0.000  374.1  213.0  161.1    0.0
 1990 328   144  25.60  28.70  16.80  5.852  5.852  5.239  0.613  0.000  379.9  218.2  161.7    0.0
 1990 329   145  20.10  29.20  18.20  4.670  4.670  4.176  0.493  0.000  384.6  222.4  162.2    0.0
 1990 330   146  22.90  24.90  15.80  4.971  4.971  4.440  0.531  0.000  389.6  226.8  162.8    0.0
 1990 331   147  30.40  21.20  10.00  6.004  6.004  5.355  0.649  0.000  395.6  232.2  163.4    0.0
 1990 332   148  30.90  24.60   9.00  6.323  6.323  5.629  0.694  0.000  401.9  237.8  164.1    0.0
 1990 333   149  31.00  27.10  12.20  6.717  6.717  5.970  0.748  0.000  408.6  243.8  164.9    0.0
 1990 334   150  14.90  26.80  14.90  3.287  3.287  2.916  0.371  0.000  411.9  246.7  165.2    0.0
 1990 335   151  23.40  26.40  14.70  5.132  5.132  4.543  0.589  0.000  417.0  251.2  165.8    0.0
 1990 336   152   9.00  23.50  14.10  1.897  1.897  1.676  0.221  0.000  418.9  252.9  166.0    0.0
 1990 337   153  30.10  22.90  11.40  6.160  6.160  5.427  0.732  0.000  425.1  258.3  166.8    0.0
 1990 338   154  28.70  27.90  10.60  6.208  6.208  5.455  0.753  0.000  431.3  263.8  167.5    0.0
 1990 339   155  16.80  32.30  20.30  4.109  4.109  3.600  0.509  0.000  435.4  267.4  168.0    0.0
 1990 340   156  16.80  25.60  17.50  3.737  3.737  3.264  0.472  0.000  439.2  270.6  168.5    0.0
 1990 341   157  26.90  25.20  16.00  5.888  5.888  5.126  0.762  0.000  445.0  275.8  169.3    0.0
 1990 342   158  30.30  25.00  12.00  6.409  6.409  5.559  0.850  0.000  451.5  281.3  170.1    0.0
 1990 343   159   9.00  19.70  14.20  1.815  1.815  1.568  0.247  0.000  453.3  282.9  170.4    0.0
 1990 344   160   9.10  19.50  15.90  1.858  1.858  1.598  0.260  0.000  455.1  284.5  170.6    0.0
 1990 345   161  24.70  25.00  14.70  5.349  5.349  4.578  0.771  0.000  460.5  289.1  171.4    0.0
 1990 346   162  14.70  22.00  10.50  2.963  2.963  2.524  0.439  0.000  463.4  291.6  171.8    0.0
 1990 347   163  19.00  24.00  14.30  4.057  4.057  3.437  0.620  0.000  467.5  295.0  172.5    0.0
 1990 348   164  29.20  21.90  10.30  5.876  5.876  4.949  0.927  0.000  473.4  300.0  173.4    0.0
 1990 349   165  31.80  27.30  10.90  6.886  6.886  5.764  1.121  0.000  480.3  305.7  174.5    0.0
 1990 350   166  28.70  30.20  13.70  6.577  6.577  5.471  1.106  0.000  486.8  311.2  175.6    0.0
 1990 351   167  14.40  30.10  18.00  3.407  3.407  2.815  0.592  0.000  490.2  314.0  176.2    0.0
 1990 352   168  27.40  25.60  17.30  6.131  6.131  5.030  1.101  0.000  496.4  319.1  177.3    0.0
 1990 353   169  31.40  25.60  14.40  6.874  6.874  5.595  1.279  0.000  503.2  324.7  178.6    0.0
 1990 354   170  31.60  27.10  14.00  7.027  7.027  5.671  1.356  0.000  510.3  330.3  179.9    0.0
 1990 355   171  25.60  29.80  15.90  5.965  5.965  4.770  1.195  0.000  516.2  335.1  181.1    0.0
 1990 356   172  10.00  25.70  19.00  2.279  2.279  1.805  0.474  0.000  518.5  336.9  181.6    0.0
 1990 357   173  19.50  28.40  17.80  4.548  4.548  3.563  0.984  0.000  523.1  340.5  182.6    0.0
 1990 358   174  13.10  24.40  15.50  2.868  2.868  2.222  0.646  0.000  525.9  342.7  183.2    0.0
 1990 359   175  29.40  25.70  12.70  6.401  6.401  4.899  1.502  0.000  532.3  347.6  184.7    0.0
 1990 360   176  31.40  31.30  15.30  7.455  7.455  5.633  1.823  0.000  539.8  353.2  186.6    0.0
 1990 361   177  31.40  31.50  18.00  7.633  7.633  5.689  1.944  0.000  547.4  358.9  188.5    0.0
 1990 362   178  31.40  21.00  13.30  6.510  5.852  4.780  1.072  0.000  553.3  363.7  189.6    0.0
 1990 363   179  29.60  23.30   9.40  6.124  6.124  4.426  1.698  0.000  559.4  368.1  191.3    0.0
 1990 364   180  30.80  27.20  11.40  6.812  6.569  4.842  1.726  0.000  566.0  373.0  193.0    0.0
 1990 365   181  31.50  29.40  14.80  7.354  6.360  5.140  1.220  0.000  572.3  378.1  194.2    0.0
 1991 001   182  24.30  31.60  17.10  5.926  5.068  4.069  0.999  0.000  577.4  382.2  195.2    0.0
 1991 002   183  24.10  29.20  20.30  5.871  4.824  3.957  0.867  0.000  582.2  386.1  196.1    0.0
 1991 003   184  26.70  29.10  17.40  6.372  4.986  4.210  0.777  0.000  587.2  390.3  196.9    0.0
 1991 004   185  31.30  28.60  13.40  7.204  5.469  4.759  0.710  0.000  592.7  395.1  197.6    0.0
 1991 005   186  31.30  28.20  13.80  7.193  5.410  4.752  0.658  0.000  598.1  399.8  198.2    0.0
