*WEATHER MODULE DAILY OUTPUT FILE

*DSSAT Cropping System Model Ver. 4.0.2.000               Aug 11, 2016; 21:02:07

*RUN   1        : UYMZ                    
 MODEL          : MZCER040 - Maize           
 EXPERIMENT     : UYMZ0189 MZ    late to create DSS                             
 TREATMENT  1   : UYMZ                    

@YEAR DOY   DAS   PRED   DYLD   TWLD   SRAD   PARD   CLDD   TMXD   TMND   TAVD   TDYD   TDWD   TGAD   TGRD   WDSD   CO2D
 1992 220     0    0.0   10.6   11.6    4.5    9.0   0.74   21.4    8.2   14.3   16.7    8.2   14.3   16.7   86.4    330
 1992 221     1    2.4   10.7   11.6   14.5   29.0   0.18   10.4    1.4    5.5    7.2    1.4    5.5    7.2   86.4    330
 1992 222     2    0.0   10.7   11.6   10.2   20.4   0.42   13.4   -0.6    5.9    8.4   -0.6    5.9    8.4   86.4    330
 1992 223     3    0.0   10.7   11.7    9.4   18.8   0.47   15.4    7.8   11.3   12.7    7.8   11.3   12.7   86.4    330
 1992 224     4    0.0   10.7   11.7   15.1   30.2   0.16   14.9    3.9    9.0   11.0    3.9    9.0   11.0   86.4    330
 1992 225     5    0.0   10.8   11.7   14.5   29.0   0.20   15.9    6.1   10.6   12.4    6.1   10.6   12.4   86.4    330
 1992 226     6    0.0   10.8   11.7   15.6   31.2   0.15   18.0    2.8    9.8   12.6    2.8    9.8   12.6   86.4    330
 1992 227     7    0.0   10.8   11.8   14.7   29.4   0.20   18.4    3.0   10.1   13.0    3.0   10.1   13.0   86.4    330
 1992 228     8    0.0   10.9   11.8    9.5   19.0   0.49   19.2    5.7   12.0   14.5    5.7   12.0   14.5   86.4    330
 1992 229     9    0.0   10.9   11.8   15.3   30.6   0.19   22.2    8.7   15.0   17.5    8.7   15.0   17.5   86.4    330
 1992 230    10    0.0   10.9   11.9   12.3   24.6   0.35   23.2    9.7   16.0   18.5    9.7   16.0   18.5   86.4    330
 1992 231    11    0.0   10.9   11.9   14.0   28.0   0.27   20.8    9.2   14.6   16.8    9.2   14.6   16.8   86.4    330
 1992 232    12    0.0   11.0   11.9   13.4   26.8   0.30   19.6    7.9   13.3   15.5    7.9   13.3   15.5   86.4    330
 1992 233    13    0.0   11.0   11.9   13.3   26.6   0.32   19.4    6.2   12.3   14.8    6.2   12.3   14.8   86.4    330
 1992 234    14    0.0   11.0   12.0   16.9   33.8   0.14   23.1    9.5   15.8   18.4    9.5   15.8   18.4   86.4    330
 1992 235    15    1.5   11.1   12.0    7.8   15.6   0.60   20.1   13.9   16.8   18.0   13.9   16.8   18.0   86.4    330
 1992 236    16    5.9   11.1   12.0   17.0   34.0   0.15   19.3    9.6   14.1   16.0    9.6   14.1   16.0   86.4    330
 1992 237    17    0.0   11.1   12.1   17.8   35.6   0.11   21.0    7.1   13.6   16.2    7.1   13.6   16.2   86.4    330
 1992 238    18    0.0   11.2   12.1   18.0   36.0   0.11   21.2    5.8   13.0   15.9    5.8   13.0   15.9   86.4    330
 1992 239    19    0.0   11.2   12.1   17.9   35.8   0.12   20.3    6.2   12.8   15.5    6.2   12.8   15.5   86.4    330
 1992 240    20    0.0   11.2   12.1   17.6   35.2   0.14   25.4    6.3   15.2   18.9    6.3   15.2   18.9   86.4    330
 1992 241    21    0.0   11.3   12.2   11.5   23.0   0.45   18.8   11.4   14.9   16.3   11.4   14.9   16.3   86.4    330
 1992 242    22    0.0   11.3   12.2   14.2   28.4   0.32   24.4   11.0   17.3   19.9   11.0   17.3   19.9   86.4    330
 1992 243    23    0.0   11.3   12.2    5.5   11.0   0.74   20.9   15.2   17.9   19.0   15.2   17.9   19.0   86.4    330
 1992 244    24    6.0   11.4   12.3    7.2   14.4   0.66   13.8    9.6   11.6   12.4    9.6   11.6   12.4   86.4    330
 1992 245    25    0.0   11.4   12.3    7.5   15.0   0.65   14.0    7.2   10.4   11.7    7.2   10.4   11.7   86.4    330
 1992 246    26    0.0   11.4   12.3    5.7   11.4   0.74   14.8    8.6   11.5   12.7    8.6   11.5   12.7   86.4    330
 1992 247    27    0.0   11.4   12.4   14.9   29.8   0.32   17.4    7.3   12.1   14.0    7.3   12.1   14.0   86.4    330
 1992 248    28    0.0   11.5   12.4   18.8   37.6   0.14   18.8    6.8   12.5   14.8    6.8   12.5   14.8   86.4    330
 1992 249    29    0.0   11.5   12.4   18.3   36.6   0.17   21.2    6.1   13.2   16.2    6.1   13.2   16.2   86.4    330
 1992 250    30    0.0   11.5   12.5   18.3   36.6   0.18   18.8    8.7   13.5   15.5    8.7   13.5   15.5   86.4    330
 1992 251    31    0.0   11.6   12.5   17.8   35.6   0.21   20.6    9.7   14.9   17.0    9.7   14.9   17.0   86.4    330
 1992 252    32    0.0   11.6   12.5    5.9   11.8   0.74   20.1   13.6   16.7   18.0   13.6   16.7   18.0   86.4    330
 1992 253    33    0.0   11.6   12.6   11.2   22.4   0.51   20.0   13.4   16.5   17.8   13.4   16.5   17.8   86.4    330
 1992 254    34    0.0   11.7   12.6   12.6   25.2   0.45   21.6   13.1   17.1   18.8   13.1   17.1   18.8   86.4    330
 1992 255    35    4.0   11.7   12.6    8.6   17.2   0.63   21.2   14.9   17.9   19.1   14.9   17.9   19.1   86.4    330
 1992 256    36    1.4   11.7   12.6   16.9   33.8   0.28   19.3   12.3   15.6   17.0   12.3   15.6   17.0   86.4    330
 1992 257    37    0.0   11.8   12.7   10.2   20.4   0.57   16.7    8.8   12.6   14.1    8.8   12.6   14.1   86.4    330
 1992 258    38    0.0   11.8   12.7   17.1   34.2   0.28   20.1    6.2   12.8   15.6    6.2   12.8   15.6   86.4    330
 1992 259    39    0.0   11.8   12.7   19.7   39.4   0.17   21.3    9.0   14.9   17.3    9.0   14.9   17.3   86.4    330
 1992 260    40    0.0   11.9   12.8   12.6   25.2   0.48   22.6   12.6   17.4   19.4   12.6   17.4   19.4   86.4    330
 1992 261    41    0.0   11.9   12.8   14.9   29.8   0.38   26.7   15.2   20.7   23.0   15.2   20.7   23.0   86.4    330
 1992 262    42    4.0   11.9   12.8   19.8   39.6   0.19   16.6    9.3   12.8   14.3    9.3   12.8   14.3   86.4    330
 1992 263    43    0.0   12.0   12.9   21.6   43.2   0.12   19.3    5.2   11.9   14.8    5.2   11.9   14.8   86.4    330
 1992 264    44    0.0   12.0   12.9   21.4   42.8   0.13   25.6    5.9   15.3   18.5    5.9   15.3   18.5   86.4    330
 1992 265    45    0.0   12.0   12.9   21.2   42.4   0.15   30.0   10.2   19.7   22.9   10.2   19.7   22.9   86.4    330
 1992 266    46   12.0   12.1   13.0    6.5   13.0   0.74   12.7    8.8   10.7   11.3    8.8   10.7   11.3   86.4    330
 1992 267    47    9.8   12.1   13.0   16.0   32.0   0.36   18.6    6.5   12.3   14.3    6.5   12.3   14.3   86.4    330
 1992 268    48    0.0   12.1   13.0    6.6   13.2   0.74   13.2   10.6   11.8   12.3   10.6   11.8   12.3   86.4    330
 1992 269    49   17.0   12.2   13.1   21.2   42.4   0.17   12.5    4.5    8.3    9.7    4.5    8.3    9.7   86.4    330
 1992 270    50    0.0   12.2   13.1   20.6   41.2   0.20   14.2    0.8    7.3    9.5    0.8    7.3    9.5   86.4    330
 1992 271    51    0.0   12.2   13.1   21.7   43.4   0.16   20.0    4.5   12.0   14.5    4.5   12.0   14.5   86.4    330
 1992 272    52    0.0   12.3   13.2   23.0   46.0   0.12   21.4    5.3   13.1   15.7    5.3   13.1   15.7   86.4    330
 1992 273    53    0.0   12.3   13.2   23.3   46.6   0.11   23.2    6.1   14.4   17.2    6.1   14.4   17.2   86.4    330
 1992 274    54    0.0   12.3   13.2   22.5   45.0   0.15   26.2   10.3   18.0   20.6   10.3   18.0   20.6   86.4    330
 1992 275    55    0.0   12.4   13.3   12.5   25.0   0.53   26.4   11.0   18.5   21.0   11.0   18.5   21.0   86.4    330
 1992 276    56    2.0   12.4   13.3   11.8   23.6   0.56   21.8   13.0   17.3   18.7   13.0   17.3   18.7   86.4    330
 1992 277    57    0.0   12.4   13.4   17.9   35.8   0.33   20.6   11.1   15.7   17.3   11.1   15.7   17.3   86.4    330
 1992 278    58    0.0   12.5   13.4   18.0   36.0   0.33   25.5   11.7   18.4   20.7   11.7   18.4   20.7   86.4    330
 1992 279    59    0.0   12.5   13.4    7.1   14.2   0.74   18.2   11.8   14.9   16.0   11.8   14.9   16.0   86.4    330
 1992 280    60   12.0   12.5   13.5   24.4   48.8   0.10   15.9    7.4   11.5   13.0    7.4   11.5   13.0   86.4    330
 1992 281    61    0.0   12.6   13.5   21.3   42.6   0.22   15.6    4.2    9.8   11.7    4.2    9.8   11.7   86.4    330
 1992 282    62    0.0   12.6   13.5   24.3   48.6   0.12   19.0    3.4   11.0   13.7    3.4   11.0   13.7   86.4    330
 1992 283    63    0.0   12.6   13.6   24.3   48.6   0.12   21.0    6.6   13.6   16.1    6.6   13.6   16.1   86.4    330
 1992 284    64    0.0   12.7   13.6   25.1   50.2   0.10   25.3    7.3   16.1   19.2    7.3   16.1   19.2   86.4    330
 1992 285    65    0.0   12.7   13.6   16.7   33.4   0.40   27.2    9.2   18.0   21.1    9.2   18.0   21.1   86.4    330
 1992 286    66    0.0   12.7   13.7   22.7   45.4   0.19   24.0   12.4   18.1   20.1   12.4   18.1   20.1   86.4    330
 1992 287    67    0.0   12.8   13.7   25.1   50.2   0.11   25.6    8.6   16.9   19.9    8.6   16.9   19.9   86.4    330
 1992 288    68    0.0   12.8   13.7   24.7   49.4   0.13   29.5   11.4   20.3   23.4   11.4   20.3   23.4   86.4    330
 1992 289    69    0.0   12.8   13.8    7.6   15.2   0.73   31.5   15.5   23.4   26.1   15.5   23.4   26.1   86.4    330
 1992 290    70   30.3   12.9   13.8    9.3   18.6   0.68   20.5   15.7   18.1   18.9   15.7   18.1   18.9   86.4    330
 1992 291    71    0.0   12.9   13.8   23.4   46.8   0.19   21.2   12.0   16.5   18.1   12.0   16.5   18.1   86.4    330
 1992 292    72    0.0   12.9   13.9   25.9   51.8   0.10   21.2    7.5   14.2   16.6    7.5   14.2   16.6   86.4    330
 1992 293    73    0.0   12.9   13.9    9.1   18.2   0.69   19.8   11.2   15.4   16.9   11.2   15.4   16.9   86.4    330
 1992 294    74   14.5   13.0   13.9   24.1   48.2   0.17   18.6   10.3   14.4   15.8   10.3   14.4   15.8   86.4    330
 1992 295    75    0.0   13.0   14.0   26.1   52.2   0.11   21.3    5.5   13.3   16.1    5.5   13.3   16.1   86.4    330
 1992 296    76    0.0   13.0   14.0   24.9   49.8   0.15   24.5    7.6   15.9   18.9    7.6   15.9   18.9   86.4    330
 1992 297    77    0.0   13.1   14.0   25.0   50.0   0.15   27.3   12.0   19.6   22.3   12.0   19.6   22.3   86.4    330
 1992 298    78    0.0   13.1   14.0   24.6   49.2   0.17   30.9   14.6   22.7   25.5   14.6   22.7   25.5   86.4    330
 1992 299    79    0.0   13.1   14.1    9.5   19.0   0.68   26.4   17.6   22.0   23.5   17.6   22.0   23.5   86.4    330
 1992 300    80    0.0   13.2   14.1   26.7   53.4   0.11   27.4   17.3   22.3   24.1   17.3   22.3   24.1   86.4    330
 1992 301    81    0.0   13.2   14.1   27.4   54.8   0.09   30.0   15.8   22.8   25.4   15.8   22.8   25.4   86.4    330
 1992 302    82    1.5   13.2   14.2   10.5   21.0   0.65   15.3    6.4   10.8   12.4    6.4   10.8   12.4   86.4    330
 1992 303    83    1.0   13.2   14.2   27.7   55.4   0.08   21.9    3.9   12.8   16.0    3.9   12.8   16.0   86.4    330
 1992 304    84    0.0   13.3   14.2   26.8   53.6   0.12   21.8    6.4   14.1   16.8    6.4   14.1   16.8   86.4    330
 1992 305    85    0.0   13.3   14.3   26.9   53.8   0.12   23.8    6.8   15.3   18.3    6.8   15.3   18.3   86.4    330
 1992 306    86    0.0   13.3   14.3   27.1   54.2   0.11   27.1    9.0   18.0   21.3    9.0   18.0   21.3   86.4    330
 1992 307    87    0.0   13.4   14.3   27.3   54.6   0.11   30.2   13.0   21.6   24.7   13.0   21.6   24.7   86.4    330
 1992 308    88   17.3   13.4   14.4   21.9   43.8   0.29   19.8    9.4   14.6   16.5    9.4   14.6   16.5   86.4    330
 1992 309    89    0.0   13.4   14.4   27.2   54.4   0.12   14.1    6.5   10.3   11.7    6.5   10.3   11.7   86.4    330
 1992 310    90    0.0   13.4   14.4   24.5   49.0   0.21   16.4    2.7    9.5   12.0    2.7    9.5   12.0   86.4    330
 1992 311    91    0.0   13.5   14.4   27.0   54.0   0.13   19.2    4.8   12.0   14.6    4.8   12.0   14.6   86.4    330
 1992 312    92    0.0   13.5   14.5   27.4   54.8   0.12   21.5    7.3   14.4   17.0    7.3   14.4   17.0   86.4    330
 1992 313    93    0.0   13.5   14.5   28.0   56.0   0.10   25.2    8.3   16.8   19.8    8.3   16.8   19.8   86.4    330
 1992 314    94    0.0   13.5   14.5   28.2   56.4   0.10   29.8   10.0   19.9   23.5   10.0   19.9   23.5   86.4    330
 1992 315    95    0.0   13.6   14.5    8.6   17.2   0.73   22.0   16.0   19.0   20.1   16.0   19.0   20.1   86.4    330
 1992 316    96    4.0   13.6   14.6   23.6   47.2   0.25   28.4   16.1   22.3   24.5   16.1   22.3   24.5   86.4    330
 1992 317    97    0.0   13.6   14.6   28.0   56.0   0.11   29.5   15.3   22.4   25.0   15.3   22.4   25.0   86.4    330
 1992 318    98    0.0   13.6   14.6   28.5   57.0   0.10   27.9   12.9   20.4   23.2   12.9   20.4   23.2   86.4    330
 1992 319    99    0.0   13.6   14.7   19.4   38.8   0.39   31.4   14.4   22.9   26.0   14.4   22.9   26.0   86.4    330
 1992 320   100   27.0   13.7   14.7   23.0   46.0   0.27   25.5   17.3   21.4   22.9   17.3   21.4   22.9   86.4    330
 1992 321   101    0.0   13.7   14.7   28.8   57.6   0.09   20.4   11.5   16.0   17.6   11.5   16.0   17.6   86.4    330
 1992 322   102    0.0   13.7   14.7   28.2   56.4   0.11   21.5    7.7   14.6   17.2    7.7   14.6   17.2   86.4    330
 1992 323   103    0.0   13.7   14.7   28.8   57.6   0.10   23.9    7.2   15.6   18.7    7.2   15.6   18.7   86.4    330
 1992 324   104    0.0   13.8   14.8   29.5   59.0   0.08   28.1   11.2   19.7   22.8   11.2   19.7   22.8   86.4    330
 1992 325   105    0.0   13.8   14.8   22.2   44.4   0.31   30.0   13.8   22.0   24.9   13.8   22.0   24.9   86.4    330
 1992 326   106    0.0   13.8   14.8    8.7   17.4   0.73   21.2   13.6   17.4   18.8   13.6   17.4   18.8   86.4    330
 1992 327   107    0.0   13.8   14.8   25.7   51.4   0.20   19.3   10.0   14.7   16.4   10.0   14.7   16.4   86.4    330
 1992 328   108    0.0   13.8   14.9   22.1   44.2   0.31   20.6    6.4   13.6   16.2    6.4   13.6   16.2   86.4    330
 1992 329   109    0.0   13.8   14.9   24.0   48.0   0.26   26.0   11.1   18.6   21.4   11.1   18.6   21.4   86.4    330
 1992 330   110    0.0   13.9   14.9   21.9   43.8   0.32   23.9   15.4   19.7   21.3   15.4   19.7   21.3   86.4    330
 1992 331   111    0.0   13.9   14.9   19.0   38.0   0.41   26.0   14.3   20.2   22.4   14.3   20.2   22.4   86.4    330
 1992 332   112    0.0   13.9   14.9   30.1   60.2   0.07   27.2   12.9   20.1   22.8   12.9   20.1   22.8   86.4    330
 1992 333   113    0.0   13.9   15.0   21.0   42.0   0.35   27.7   13.5   20.7   23.3   13.5   20.7   23.3   86.4    330
 1992 334   114    0.0   13.9   15.0   19.8   39.6   0.39   29.8   16.9   23.4   25.8   16.9   23.4   25.8   86.4    330
 1992 335   115   34.0   13.9   15.0   21.9   43.8   0.33   28.0   18.7   23.4   25.1   18.7   23.4   25.1   86.4    330
 1992 336   116    0.0   13.9   15.0   29.5   59.0   0.09   23.9   14.0   19.0   20.8   14.0   19.0   20.8   86.4    330
 1992 337   117    0.0   14.0   15.0   30.2   60.4   0.07   24.8    8.9   17.0   19.9    8.9   17.0   19.9   86.4    330
 1992 338   118    0.0   14.0   15.0   26.2   52.4   0.20   27.4    9.7   18.7   22.0    9.7   18.7   22.0   86.4    330
 1992 339   119    0.0   14.0   15.0   30.3   60.6   0.07   29.1   13.5   21.4   24.3   13.5   21.4   24.3   86.4    330
 1992 340   120    0.0   14.0   15.1   18.7   37.4   0.43   28.2   13.8   21.1   23.8   13.8   21.1   23.8   86.4    330
 1992 341   121   30.0   14.0   15.1   25.2   50.4   0.23   29.6   18.9   24.3   25.9   18.9   24.3   25.9   86.4    330
 1992 342   122    0.0   14.0   15.1   23.3   46.6   0.29   26.4   15.4   21.0   22.6   15.4   21.0   22.6   86.4    330
 1992 343   123    0.0   14.0   15.1   25.4   50.8   0.23   27.9   14.8   21.5   23.4   14.8   21.5   23.4   86.4    330
 1992 344   124    0.0   14.0   15.1   21.0   42.0   0.36   26.7   16.5   21.7   23.2   16.5   21.7   23.2   86.4    330
 1992 345   125    0.0   14.0   15.1   22.7   45.4   0.31   27.3   18.1   22.8   24.1   18.1   22.8   24.1   86.4    330
 1992 346   126    0.0   14.0   15.1   23.2   46.4   0.29   26.5   15.7   21.2   22.8   15.7   21.2   22.8   86.4    330
 1992 347   127    0.0   14.0   15.1   29.5   59.0   0.10   27.3   13.4   20.5   22.5   13.4   20.5   22.5   86.4    330
 1992 348   128    0.0   14.1   15.1   30.9   61.8   0.06   30.2   14.9   22.7   24.9   14.9   22.7   24.9   86.4    330
 1992 349   129    0.0   14.1   15.1   28.9   57.8   0.12   28.4   15.7   22.2   24.0   15.7   22.2   24.0   86.4    330
 1992 350   130    0.0   14.1   15.1   30.3   60.6   0.08   28.0   10.0   19.2   21.8   10.0   19.2   21.8   86.4    330
 1992 351   131    0.0   14.1   15.1   24.8   49.6   0.25   29.8   12.5   21.3   23.8   12.5   21.3   23.8   86.4    330
 1992 352   132    0.0   14.1   15.2   19.4   38.8   0.41   27.6   17.7   22.7   24.2   17.7   22.7   24.2   86.4    330
 1992 353   133    0.0   14.1   15.2   29.7   59.4   0.10   30.4   14.5   22.6   24.9   14.5   22.6   24.9   86.4    330
 1992 354   134    0.0   14.1   15.2   18.0   36.0   0.45   30.8   14.6   22.8   25.2   14.6   22.8   25.2   86.4    330
 1992 355   135    0.0   14.1   15.2   31.8   63.6   0.03   33.8   18.1   26.1   28.4   18.1   26.1   28.4   86.4    330
 1992 356   136    0.0   14.1   15.2   25.5   51.0   0.23   32.4   15.7   24.2   26.6   15.7   24.2   26.6   86.4    330
 1992 357   137    6.0   14.1   15.2   11.2   22.4   0.66   29.4   18.6   24.1   25.7   18.6   24.1   25.7   86.4    330
 1992 358   138    0.0   14.1   15.2   11.2   22.4   0.66   27.7   20.8   24.3   25.3   20.8   24.3   25.3   86.4    330
 1992 359   139   31.0   14.1   15.2   27.8   55.6   0.16   28.9   17.7   23.4   25.0   17.7   23.4   25.0   86.4    330
 1992 360   140    0.0   14.1   15.2   22.9   45.8   0.30   27.4   15.1   21.4   23.2   15.1   21.4   23.2   86.4    330
 1992 361   141    0.0   14.1   15.2   31.4   62.8   0.05   27.4   13.2   20.4   22.5   13.2   20.4   22.5   86.4    330
 1992 362   142    0.0   14.1   15.1   31.0   62.0   0.06   28.0   12.6   20.4   22.7   12.6   20.4   22.7   86.4    330
 1992 363   143    0.0   14.0   15.1   30.0   60.0   0.09   32.0   13.1   22.7   25.5   13.1   22.7   25.5   86.4    330
 1992 364   144    0.0   14.0   15.1    9.1   18.2   0.72   25.6   19.7   22.7   23.6   19.7   22.7   23.6   86.4    330
 1992 365   145    5.0   14.0   15.1    9.1   18.2   0.72   23.3   19.6   21.5   22.0   19.6   21.5   22.0   86.4    330
 1992 366   146   57.0   14.0   15.1    9.1   18.2   0.72   20.2   19.2   19.7   19.9   19.2   19.7   19.9   86.4    330
 1993 001   147   89.2   14.0   15.1    9.1   18.2   0.72   21.2   19.6   20.4   20.6   19.6   20.4   20.6   86.4    330
 1993 002   148    5.5   14.0   15.1    9.1   18.2   0.72   21.8   19.4   20.6   21.0   19.4   20.6   21.0   86.4    330
 1993 003   149    8.4   14.0   15.1    9.1   18.2   0.72   21.9   19.7   20.8   21.1   19.7   20.8   21.1   86.4    330
 1993 004   150   17.0   14.0   15.1   14.9   29.8   0.55   28.9   19.8   24.4   25.7   19.8   24.4   25.7   86.4    330
 1993 005   151    0.0   14.0   15.1   23.6   47.2   0.28   30.8   21.5   26.2   27.9   21.5   26.2   27.9   86.4    330
 1993 006   152    0.0   14.0   15.1   29.9   59.8   0.09   32.0   19.7   25.9   28.2   19.7   25.9   28.2   86.4    330
 1993 007   153    0.0   14.0   15.1   12.5   25.0   0.62   27.2   20.3   23.8   25.1   20.3   23.8   25.1   86.4    330
 1993 008   154   26.0   14.0   15.0   20.2   40.4   0.38   26.6   20.1   23.4   24.6   20.1   23.4   24.6   86.4    330
 1993 009   155    0.0   13.9   15.0   30.7   61.4   0.06   26.9   16.0   21.5   23.5   16.0   21.5   23.5   86.4    330
 1993 010   156    0.0   13.9   15.0   30.9   61.8   0.05   31.1   16.0   23.7   26.4   16.0   23.7   26.4   86.4    330
 1993 011   157    0.0   13.9   15.0   31.3   62.6   0.04   32.2   17.6   25.0   27.7   17.6   25.0   27.7   86.4    330
 1993 012   158    0.0   13.9   15.0   30.9   61.8   0.05   32.7   19.6   26.2   28.6   19.6   26.2   28.6   86.4    330
 1993 013   159    0.0   13.9   15.0   22.7   45.4   0.30   33.0   20.7   26.9   29.2   20.7   26.9   29.2   86.4    330
 1993 014   160    0.0   13.9   15.0   17.4   34.8   0.46   30.1   22.3   26.2   27.7   22.3   26.2   27.7   86.4    330
 1993 015   161   52.0   13.9   14.9   26.9   53.8   0.17   30.8   22.5   26.7   28.2   22.5   26.7   28.2   86.4    330
 1993 016   162    0.0   13.8   14.9   17.5   35.0   0.46   28.5   22.0   25.3   26.5   22.0   25.3   26.5   86.4    330
 1993 017   163    0.0   13.8   14.9   25.5   51.0   0.21   23.3   16.6   20.0   21.2   16.6   20.0   21.2   86.4    330
 1993 018   164    0.0   13.8   14.9   25.1   50.2   0.22   24.8   11.7   18.3   20.7   11.7   18.3   20.7   86.4    330
 1993 019   165    0.0   13.8   14.9   26.4   52.8   0.18   26.5   15.6   21.1   23.1   15.6   21.1   23.1   86.4    330
 1993 020   166    0.0   13.8   14.8   29.9   59.8   0.07   30.1   16.6   23.4   25.9   16.6   23.4   25.9   86.4    330
 1993 021   167    0.0   13.8   14.8   30.1   60.2   0.06   31.8   16.5   24.2   27.0   16.5   24.2   27.0   86.4    330
 1993 022   168    0.0   13.7   14.8   30.0   60.0   0.06   33.2   19.8   26.6   29.0   19.8   26.6   29.0   86.4    330

*DSSAT Cropping System Model Ver. 4.0.2.000               Aug 11, 2016; 21:02:07

*RUN   2        : UYMZ                    
 MODEL          : MZCER040 - Maize           
 EXPERIMENT     : UYMZ0189 MZ    late to create DSS                             
 TREATMENT  1   : UYMZ                    

@YEAR DOY   DAS   PRED   DYLD   TWLD   SRAD   PARD   CLDD   TMXD   TMND   TAVD   TDYD   TDWD   TGAD   TGRD   WDSD   CO2D
 1993 220     0    0.0   10.6   11.6    4.5    9.0   0.74   13.0    6.1    9.3   10.5    6.1    9.3   10.5   86.4    330
 1993 221     1    7.5   10.7   11.6   14.4   28.8   0.18   11.4    0.4    5.5    7.5    0.4    5.5    7.5   86.4    330
 1993 222     2    0.0   10.7   11.6   15.0   30.0   0.15   14.2    0.5    6.8    9.3    0.5    6.8    9.3   86.4    330
 1993 223     3    0.0   10.7   11.7   13.6   27.2   0.24   17.8    2.4    9.5   12.3    2.4    9.5   12.3   86.4    330
 1993 224     4    0.0   10.7   11.7    9.1   18.2   0.50   19.8    4.4   11.5   14.3    4.4   11.5   14.3   86.4    330
 1993 225     5    0.0   10.8   11.7   13.4   26.8   0.26   21.4    5.2   12.7   15.7    5.2   12.7   15.7   86.4    330
 1993 226     6    0.0   10.8   11.7    9.5   19.0   0.48   22.6    4.3   12.8   16.1    4.3   12.8   16.1   86.4    330
 1993 227     7    0.0   10.8   11.8   16.0   32.0   0.13   24.0    7.4   15.1   18.2    7.4   15.1   18.2   86.4    330
 1993 228     8    0.0   10.9   11.8   12.0   24.0   0.36   20.8    7.4   13.6   16.1    7.4   13.6   16.1   86.4    330
 1993 229     9    5.0   10.9   11.8   14.4   28.8   0.23   11.4    4.7    7.8    9.1    4.7    7.8    9.1   86.4    330
 1993 230    10    0.0   10.9   11.9   16.1   32.2   0.15   15.5   -0.2    7.1   10.0   -0.2    7.1   10.0   86.4    330
 1993 231    11    0.0   10.9   11.9   16.7   33.4   0.13   18.7    1.6    9.5   12.7    1.6    9.5   12.7   86.4    330
 1993 232    12    0.0   11.0   11.9   16.4   32.8   0.15   19.0    2.0    9.9   13.1    2.0    9.9   13.1   86.4    330
 1993 233    13    0.0   11.0   11.9   15.0   30.0   0.23   18.6    2.3    9.9   12.9    2.3    9.9   12.9   86.4    330
 1993 234    14    0.0   11.0   12.0   11.8   23.6   0.40   20.0    6.4   12.7   15.3    6.4   12.7   15.3   86.4    330
 1993 235    15    0.0   11.1   12.0   11.0   22.0   0.44   20.0    5.5   12.3   15.0    5.5   12.3   15.0   86.4    330
 1993 236    16    0.0   11.1   12.0   17.0   34.0   0.15   22.6    6.1   13.8   16.9    6.1   13.8   16.9   86.4    330
 1993 237    17    0.0   11.1   12.1   16.2   32.4   0.19   24.2    8.8   16.0   18.9    8.8   16.0   18.9   86.4    330
 1993 238    18    0.0   11.2   12.1   15.2   30.4   0.25   26.4   10.4   17.9   20.9   10.4   17.9   20.9   86.4    330
 1993 239    19    0.0   11.2   12.1   14.7   29.4   0.28   29.2   12.5   20.3   23.5   12.5   20.3   23.5   86.4    330
 1993 240    20    0.0   11.2   12.1   13.5   27.0   0.34   31.3   18.7   24.6   27.0   18.7   24.6   27.0   86.4    330
 1993 241    21    0.0   11.3   12.2    5.4   10.8   0.74   19.0   15.4   17.1   17.8   15.4   17.1   17.8   86.4    330
 1993 242    22   22.0   11.3   12.2    5.4   10.8   0.74   16.3   13.1   14.6   15.2   13.1   14.6   15.2   86.4    330
 1993 243    23   13.0   11.3   12.2    5.5   11.0   0.74   12.2    9.2   10.6   11.2    9.2   10.6   11.2   86.4    330
 1993 244    24    4.0   11.4   12.3    6.3   12.6   0.70   13.6   10.2   11.8   12.5   10.2   11.8   12.5   86.4    330
 1993 245    25    3.0   11.4   12.3   14.5   29.0   0.32   13.0    8.4   10.6   11.5    8.4   10.6   11.5   86.4    330
 1993 246    26    0.0   11.4   12.3   19.3   38.6   0.11   17.0    4.5   10.4   12.8    4.5   10.4   12.8   86.4    330
 1993 247    27    0.0   11.4   12.4   19.4   38.8   0.11   24.1    5.8   14.4   18.0    5.8   14.4   18.0   86.4    330
 1993 248    28    0.0   11.5   12.4   19.6   39.2   0.11   22.0    7.0   14.1   17.0    7.0   14.1   17.0   86.4    330
 1993 249    29    0.0   11.5   12.4   17.9   35.8   0.19   23.5    6.3   14.4   17.8    6.3   14.4   17.8   86.4    330
 1993 250    30    0.0   11.5   12.5   18.4   36.8   0.17   15.8    7.9   11.6   13.2    7.9   11.6   13.2   86.4    330
 1993 251    31    0.0   11.6   12.5   19.7   39.4   0.12   16.9    4.6   10.4   12.8    4.6   10.4   12.8   86.4    330
 1993 252    32    0.0   11.6   12.5   20.0   40.0   0.12   19.9    3.9   11.5   14.6    3.9   11.5   14.6   86.4    330
 1993 253    33    0.0   11.6   12.6   20.1   40.2   0.12   21.5    4.9   12.8   16.0    4.9   12.8   16.0   86.4    330
 1993 254    34    0.0   11.7   12.6   17.1   34.2   0.26   15.0    5.2    9.8   11.8    5.2    9.8   11.8   86.4    330
 1993 255    35    0.0   11.7   12.6   19.8   39.6   0.14   19.1    4.0   11.2   14.2    4.0   11.2   14.2   86.4    330
 1993 256    36    0.0   11.7   12.6    7.3   14.6   0.69   18.0    5.6   11.5   14.0    5.6   11.5   14.0   86.4    330
 1993 257    37    0.0   11.8   12.7   13.1   26.2   0.44   18.2    9.9   13.8   15.5    9.9   13.8   15.5   86.4    330
 1993 258    38    0.0   11.8   12.7   15.7   31.4   0.34   22.4    9.2   15.5   18.1    9.2   15.5   18.1   86.4    330
 1993 259    39    0.0   11.8   12.7   20.7   41.4   0.13   25.6    7.8   16.3   19.8    7.8   16.3   19.8   86.4    330
 1993 260    40    0.0   11.9   12.8   21.1   42.2   0.12   23.0   10.9   16.7   19.1   10.9   16.7   19.1   86.4    330
 1993 261    41    0.0   11.9   12.8   11.6   23.2   0.52   24.0   12.2   17.8   20.2   12.2   17.8   20.2   86.4    330
 1993 262    42    0.0   11.9   12.8   15.7   31.4   0.36   23.0   10.9   16.7   19.1   10.9   16.7   19.1   86.4    330
 1993 263    43    5.0   12.0   12.9   16.5   33.0   0.33   19.1    8.8   13.7   15.8    8.8   13.7   15.8   86.4    330
 1993 264    44    0.0   12.0   12.9    8.7   17.4   0.65   11.4    4.1    7.6    8.8    4.1    7.6    8.8   86.4    330
 1993 265    45    0.0   12.0   12.9    6.5   13.0   0.74   12.2    4.5    8.2    9.4    4.5    8.2    9.4   86.4    330
 1993 266    46    0.0   12.1   13.0    6.5   13.0   0.74   14.9   10.0   12.3   13.2   10.0   12.3   13.2   86.4    330
 1993 267    47    0.0   12.1   13.0    7.0   14.0   0.72   17.0   12.0   14.4   15.2   12.0   14.4   15.2   86.4    330
 1993 268    48    0.0   12.1   13.0    7.8   15.6   0.69   19.0   12.1   15.4   16.6   12.1   15.4   16.6   86.4    330
 1993 269    49   20.9   12.2   13.1    9.0   18.0   0.65   14.9   10.6   12.7   13.4   10.6   12.7   13.4   86.4    330
 1993 270    50    7.0   12.2   13.1   18.4   36.8   0.28   21.5   10.3   15.7   17.5   10.3   15.7   17.5   86.4    330
 1993 271    51    0.0   12.2   13.1   21.6   43.2   0.16   22.1    8.5   15.1   17.3    8.5   15.1   17.3   86.4    330
 1993 272    52    0.0   12.3   13.2   15.5   31.0   0.40   19.8    7.8   13.6   15.6    7.8   13.6   15.6   86.4    330
 1993 273    53    0.0   12.3   13.2    7.7   15.4   0.71   20.6   14.3   17.3   18.4   14.3   17.3   18.4   86.4    330
 1993 274    54    0.0   12.3   13.2    9.3   18.6   0.65   23.3   15.6   19.3   20.6   15.6   19.3   20.6   86.4    330
 1993 275    55    9.6   12.4   13.3    6.9   13.8   0.74   18.6   16.0   17.3   17.7   16.0   17.3   17.7   86.4    330
 1993 276    56    5.0   12.4   13.3   11.3   22.6   0.58   19.8   13.4   16.5   17.6   13.4   16.5   17.6   86.4    330
 1993 277    57    0.0   12.4   13.4    7.3   14.6   0.73   19.4   12.8   16.0   17.1   12.8   16.0   17.1   86.4    330
 1993 278    58    0.0   12.5   13.4   22.9   45.8   0.15   17.4    9.5   13.3   14.7    9.5   13.3   14.7   86.4    330
 1993 279    59    0.0   12.5   13.4   24.1   48.2   0.11   20.1    5.3   12.5   15.0    5.3   12.5   15.0   86.4    330
 1993 280    60    0.0   12.5   13.5   24.8   49.6   0.09   23.7    7.2   15.2   18.0    7.2   15.2   18.0   86.4    330
 1993 281    61    0.0   12.6   13.5   19.6   39.2   0.28   27.5   12.3   19.7   22.3   12.3   19.7   22.3   86.4    330
 1993 282    62    0.0   12.6   13.5   18.0   36.0   0.35   29.2   13.1   20.9   23.7   13.1   20.9   23.7   86.4    330
 1993 283    63    0.0   12.6   13.6   24.7   49.4   0.11   31.8   17.3   24.4   26.9   17.3   24.4   26.9   86.4    330
 1993 284    64    0.0   12.7   13.6   23.7   47.4   0.15   33.3   17.6   25.3   28.0   17.6   25.3   28.0   86.4    330
 1993 285    65    0.0   12.7   13.6    7.4   14.8   0.74   23.6   17.2   20.3   21.4   17.2   20.3   21.4   86.4    330
 1993 286    66   19.0   12.7   13.7    7.4   14.8   0.74   18.3   16.8   17.5   17.8   16.8   17.5   17.8   86.4    330
 1993 287    67    3.0   12.8   13.7    9.0   18.0   0.68   22.1   16.4   19.2   20.2   16.4   19.2   20.2   86.4    330
 1993 288    68    0.0   12.8   13.7   18.6   37.2   0.34   24.9   13.9   19.3   21.2   13.9   19.3   21.2   86.4    330
 1993 289    69    0.0   12.8   13.8   25.3   50.6   0.11   31.6   14.9   23.1   26.0   14.9   23.1   26.0   86.4    330
 1993 290    70   35.0   12.9   13.8    9.2   18.4   0.68   25.7   13.3   19.4   21.5   13.3   19.4   21.5   86.4    330
 1993 291    71    0.0   12.9   13.8   18.7   37.4   0.35   21.1    8.7   14.8   17.0    8.7   14.8   17.0   86.4    330
 1993 292    72    2.0   12.9   13.9   18.3   36.6   0.37   22.6   12.3   17.4   19.2   12.3   17.4   19.2   86.4    330
 1993 293    73    8.0   12.9   13.9   16.8   33.6   0.42   24.5   16.6   20.5   21.9   16.6   20.5   21.9   86.4    330
 1993 294    74    0.0   13.0   13.9   18.2   36.4   0.38   26.8   17.3   22.0   23.6   17.3   22.0   23.6   86.4    330
 1993 295    75    0.0   13.0   14.0    7.8   15.6   0.73   18.5   12.6   15.5   16.5   12.6   15.5   16.5   86.4    330
 1993 296    76   16.8   13.0   14.0    7.8   15.6   0.73   16.4   12.1   14.2   15.0   12.1   14.2   15.0   86.4    330
 1993 297    77    0.0   13.1   14.0    8.2   16.4   0.72   17.3   11.6   14.4   15.4   11.6   14.4   15.4   86.4    330
 1993 298    78    0.0   13.1   14.0   12.9   25.8   0.56   17.9   10.8   14.3   15.6   10.8   14.3   15.6   86.4    330
 1993 299    79    0.0   13.1   14.1   27.4   54.8   0.08   20.0    6.3   13.1   15.5    6.3   13.1   15.5   86.4    330
 1993 300    80    0.0   13.2   14.1   24.9   49.8   0.17   22.0    9.0   15.4   17.7    9.0   15.4   17.7   86.4    330
 1993 301    81    0.0   13.2   14.1   28.2   56.4   0.06   28.0   11.5   19.7   22.6   11.5   19.7   22.6   86.4    330
 1993 302    82    0.0   13.2   14.2   15.3   30.6   0.49   28.4   17.4   22.9   24.8   17.4   22.9   24.8   86.4    330
 1993 303    83   15.0   13.2   14.2    8.1   16.2   0.73   22.3   17.5   19.9   20.7   17.5   19.9   20.7   86.4    330
 1993 304    84    0.0   13.3   14.2    8.1   16.2   0.73   20.7   15.1   17.9   18.9   15.1   17.9   18.9   86.4    330
 1993 305    85   33.0   13.3   14.3   25.4   50.8   0.17   19.1    9.8   14.4   16.1    9.8   14.4   16.1   86.4    330
 1993 306    86    0.0   13.3   14.3   28.6   57.2   0.06   24.9    9.4   17.1   19.9    9.4   17.1   19.9   86.4    330
 1993 307    87    0.0   13.4   14.3   28.2   56.4   0.08   28.7   12.9   20.8   23.6   12.9   20.8   23.6   86.4    330
 1993 308    88    0.0   13.4   14.4   28.7   57.4   0.07   29.0   14.9   21.9   24.5   14.9   21.9   24.5   86.4    330
 1993 309    89    0.0   13.4   14.4    8.9   17.8   0.71   21.2   13.8   17.5   18.8   13.8   17.5   18.8   86.4    330
 1993 310    90    0.6   13.4   14.4   12.9   25.8   0.58   16.6   10.7   13.6   14.7   10.7   13.6   14.7   86.4    330
 1993 311    91    0.0   13.5   14.4   28.5   57.0   0.08   22.7    8.5   15.6   18.2    8.5   15.6   18.2   86.4    330
 1993 312    92    0.0   13.5   14.5   29.1   58.2   0.06   27.7    8.6   18.2   21.6    8.6   18.2   21.6   86.4    330
 1993 313    93    0.0   13.5   14.5   28.7   57.4   0.08   30.0   12.9   21.5   24.6   12.9   21.5   24.6   86.4    330
 1993 314    94    0.0   13.5   14.5   22.6   45.2   0.28   32.3   16.2   24.3   27.2   16.2   24.3   27.2   86.4    330
 1993 315    95    0.0   13.6   14.5    9.8   19.6   0.69   28.2   20.2   24.2   25.7   20.2   24.2   25.7   86.4    330
 1993 316    96    2.0   13.6   14.6   18.7   37.4   0.40   26.0   17.5   21.8   23.3   17.5   21.8   23.3   86.4    330
 1993 317    97    0.0   13.6   14.6    8.5   17.0   0.73   23.7   15.3   19.5   21.0   15.3   19.5   21.0   86.4    330
 1993 318    98   49.8   13.6   14.6    8.5   17.0   0.73   19.1   14.9   17.0   17.8   14.9   17.0   17.8   86.4    330
 1993 319    99   22.0   13.6   14.7    8.6   17.2   0.73   21.1   15.9   18.5   19.5   15.9   18.5   19.5   86.4    330
 1993 320   100   24.0   13.7   14.7   10.6   21.2   0.67   21.8   17.6   19.7   20.5   17.6   19.7   20.5   86.4    330
 1993 321   101    9.0   13.7   14.7   10.6   21.2   0.67   20.4   13.5   17.0   18.2   13.5   17.0   18.2   86.4    330
 1993 322   102    0.0   13.7   14.7   18.7   37.4   0.41   20.8   12.2   16.5   18.1   12.2   16.5   18.1   86.4    330
 1993 323   103    0.0   13.7   14.7   29.6   59.2   0.07   25.1   11.0   18.1   20.7   11.0   18.1   20.7   86.4    330
 1993 324   104    0.0   13.8   14.8   30.0   60.0   0.06   27.2   11.7   19.5   22.3   11.7   19.5   22.3   86.4    330
 1993 325   105    0.0   13.8   14.8   29.9   59.8   0.07   30.0   13.5   21.8   24.8   13.5   21.8   24.8   86.4    330
 1993 326   106    0.0   13.8   14.8   28.6   57.2   0.11   27.4   15.7   21.6   23.7   15.7   21.6   23.7   86.4    330
 1993 327   107    0.0   13.8   14.8   20.7   41.4   0.36   28.2   13.8   21.1   23.7   13.8   21.1   23.7   86.4    330
 1993 328   108    0.0   13.8   14.9   16.2   32.4   0.50   27.2   19.0   23.1   24.6   19.0   23.1   24.6   86.4    330
 1993 329   109    0.0   13.8   14.9    9.2   18.4   0.71   25.2   18.3   21.8   23.1   18.3   21.8   23.1   86.4    330
 1993 330   110   14.8   13.9   14.9   16.4   32.8   0.49   21.2   16.4   18.8   19.7   16.4   18.8   19.7   86.4    330
 1993 331   111    0.5   13.9   14.9   12.8   25.6   0.60   20.5   14.8   17.7   18.7   14.8   17.7   18.7   86.4    330
 1993 332   112    2.0   13.9   14.9   23.5   47.0   0.28   22.2   13.0   17.7   19.4   13.0   17.7   19.4   86.4    330
 1993 333   113    0.0   13.9   15.0   27.2   54.4   0.16   26.1   10.3   18.3   21.2   10.3   18.3   21.2   86.4    330
 1993 334   114    0.0   13.9   15.0    9.8   19.6   0.70   18.0   14.6   16.3   16.9   14.6   16.3   16.9   86.4    330
 1993 335   115   15.0   13.9   15.0   29.4   58.8   0.10   21.9    9.3   15.7   18.0    9.3   15.7   18.0   86.4    330
 1993 336   116    0.0   13.9   15.0   31.1   62.2   0.05   28.3   10.4   19.5   22.8   10.4   19.5   22.8   86.4    330
 1993 337   117    0.0   14.0   15.0   16.8   33.6   0.49   28.5   19.1   23.9   25.6   19.1   23.9   25.6   86.4    330
 1993 338   118   83.0   14.0   15.0    9.0   18.0   0.72   24.8   16.9   20.9   22.4   16.9   20.9   22.4   86.4    330
 1993 339   119   32.0   14.0   15.0   27.2   54.4   0.17   21.0   13.5   17.3   18.7   13.5   17.3   18.7   86.4    330
 1993 340   120    0.0   14.0   15.1   10.9   21.8   0.67   24.4   13.5   19.0   21.0   13.5   19.0   21.0   86.4    330
 1993 341   121    0.0   14.0   15.1   20.1   40.2   0.39   28.0   19.0   23.6   24.9   19.0   23.6   24.9   86.4    330
 1993 342   122    0.0   14.0   15.1   21.4   42.8   0.35   28.5   17.8   23.2   24.8   17.8   23.2   24.8   86.4    330
 1993 343   123    0.0   14.0   15.1   30.0   60.0   0.09   29.9   16.0   23.1   25.1   16.0   23.1   25.1   86.4    330
 1993 344   124    0.0   14.0   15.1   26.9   53.8   0.18   28.0   18.1   23.1   24.6   18.1   23.1   24.6   86.4    330
 1993 345   125    0.0   14.0   15.1   30.4   60.8   0.07   30.3   15.5   23.0   25.2   15.5   23.0   25.2   86.4    330
 1993 346   126    0.0   14.0   15.1   28.2   56.4   0.14   32.2   19.9   26.2   27.9   19.9   26.2   27.9   86.4    330
 1993 347   127   47.1   14.0   15.1    9.4   18.8   0.71   25.4   20.0   22.7   23.5   20.0   22.7   23.5   86.4    330
 1993 348   128    0.0   14.1   15.1   22.0   44.0   0.33   27.2   20.3   23.8   24.8   20.3   23.8   24.8   86.4    330
 1993 349   129    0.0   14.1   15.1    9.1   18.2   0.72   21.5   15.8   18.7   19.5   15.8   18.7   19.5   86.4    330
 1993 350   130   26.0   14.1   15.1   28.1   56.2   0.15   23.1   14.9   19.1   20.3   14.9   19.1   20.3   86.4    330
 1993 351   131    0.0   14.1   15.1   31.3   62.6   0.05   28.3   12.9   20.7   23.0   12.9   20.7   23.0   86.4    330
 1993 352   132    0.0   14.1   15.2   26.6   53.2   0.19   29.1   16.4   22.9   24.7   16.4   22.9   24.7   86.4    330
 1993 353   133    0.0   14.1   15.2   29.3   58.6   0.11   29.9   16.5   23.3   25.3   16.5   23.3   25.3   86.4    330
 1993 354   134    0.0   14.1   15.2   27.6   55.2   0.16   21.4   13.6   17.6   18.7   13.6   17.6   18.7   86.4    330
 1993 355   135    0.0   14.1   15.2   31.8   63.6   0.03   23.3    8.4   16.0   18.2    8.4   16.0   18.2   86.4    330
 1993 356   136    0.0   14.1   15.2   29.4   58.8   0.11   29.3   12.9   21.2   23.6   12.9   21.2   23.6   86.4    330
 1993 357   137    0.0   14.1   15.2   29.3   58.6   0.11   32.5   16.5   24.6   27.0   16.5   24.6   27.0   86.4    330
 1993 358   138    0.0   14.1   15.2   30.6   61.2   0.07   31.8   18.5   25.3   27.2   18.5   25.3   27.2   86.4    330
 1993 359   139    0.0   14.1   15.2   20.1   40.2   0.39   32.4   21.0   26.8   28.5   21.0   26.8   28.5   86.4    330
 1993 360   140    3.0   14.1   15.2   23.0   46.0   0.30   29.2   20.6   25.0   26.2   20.6   25.0   26.2   86.4    330
 1993 361   141    1.0   14.1   15.2    9.1   18.2   0.72   23.2   19.3   21.3   21.9   19.3   21.3   21.9   86.4    330
 1993 362   142   26.0   14.1   15.1   23.0   46.0   0.30   26.5   15.7   21.2   22.8   15.7   21.2   22.8   86.4    330
 1993 363   143    0.0   14.0   15.1   22.5   45.0   0.32   21.3   14.6   18.0   19.0   14.6   18.0   19.0   86.4    330
 1993 364   144    0.0   14.0   15.1   31.3   62.6   0.05   25.4   11.0   18.3   20.4   11.0   18.3   20.4   86.4    330
 1993 365   145    0.0   14.0   15.1   31.3   62.6   0.05   27.9   13.1   20.6   22.8   13.1   20.6   22.8   86.4    330
 1994 001   146    0.0   14.0   15.1   31.5   63.0   0.04   28.2   15.8   22.1   23.9   15.8   22.1   23.9   86.4    330
 1994 002   147    0.0   14.0   15.1   30.4   60.8   0.07   24.2   12.9   18.6   20.3   12.9   18.6   20.3   86.4    330
 1994 003   148    0.0   14.0   15.1   31.5   63.0   0.04   24.9   10.4   17.8   19.9   10.4   17.8   19.9   86.4    330
 1994 004   149    0.0   14.0   15.1   30.1   60.2   0.08   27.5   12.7   20.2   22.4   12.7   20.2   22.4   86.4    330
 1994 005   150    0.0   14.0   15.1   29.6   59.2   0.10   30.0   15.2   22.7   25.5   15.2   22.7   25.5   86.4    330
 1994 006   151    0.0   14.0   15.1   12.5   25.0   0.62   31.3   18.8   25.1   27.5   18.8   25.1   27.5   86.4    330
 1994 007   152   29.0   14.0   15.1   18.5   37.0   0.43   30.3   18.8   24.6   26.8   18.8   24.6   26.8   86.4    330
 1994 008   153   32.0   14.0   15.0   19.3   38.6   0.41   25.5   18.5   22.0   23.3   18.5   22.0   23.3   86.4    330
 1994 009   154    5.0   13.9   15.0   30.4   60.8   0.07   23.6   16.4   20.0   21.4   16.4   20.0   21.4   86.4    330
 1994 010   155    0.0   13.9   15.0   31.3   62.6   0.04   24.2   11.2   17.8   20.2   11.2   17.8   20.2   86.4    330
 1994 011   156    0.0   13.9   15.0   31.3   62.6   0.04   28.2   11.5   20.0   23.0   11.5   20.0   23.0   86.4    330
 1994 012   157    0.0   13.9   15.0   28.9   57.8   0.11   29.2   14.4   21.9   24.6   14.4   21.9   24.6   86.4    330
 1994 013   158    0.0   13.9   15.0   26.5   53.0   0.18   28.1   17.0   22.6   24.7   17.0   22.6   24.7   86.4    330
 1994 014   159    0.0   13.9   15.0   28.1   56.2   0.13   29.8   15.2   22.6   25.3   15.2   22.6   25.3   86.4    330
 1994 015   160    0.0   13.9   14.9   30.6   61.2   0.05   30.6   14.1   22.4   25.5   14.1   22.4   25.5   86.4    330
 1994 016   161    0.0   13.8   14.9   26.2   52.4   0.19   26.5   14.3   20.5   22.7   14.3   20.5   22.7   86.4    330
 1994 017   162    0.0   13.8   14.9   29.5   59.0   0.08   28.0   13.8   21.0   23.6   13.8   21.0   23.6   86.4    330
 1994 018   163    0.0   13.8   14.9   30.7   61.4   0.05   30.0   18.2   24.2   26.3   18.2   24.2   26.3   86.4    330
 1994 019   164    0.0   13.8   14.9   29.8   59.6   0.07   31.6   18.4   25.1   27.5   18.4   25.1   27.5   86.4    330
 1994 020   165    0.0   13.8   14.8   27.9   55.8   0.13   35.0   18.8   27.0   29.9   18.8   27.0   29.9   86.4    330

*DSSAT Cropping System Model Ver. 4.0.2.000               Aug 11, 2016; 21:02:07

*RUN   3        : UYMZ                    
 MODEL          : MZCER040 - Maize           
 EXPERIMENT     : UYMZ0189 MZ    late to create DSS                             
 TREATMENT  1   : UYMZ                    

@YEAR DOY   DAS   PRED   DYLD   TWLD   SRAD   PARD   CLDD   TMXD   TMND   TAVD   TDYD   TDWD   TGAD   TGRD   WDSD   CO2D
 1994 220     0    0.0   10.6   11.6    5.5   11.0   0.68   19.1    9.9   14.1   15.8    9.9   14.1   15.8   86.4    330
 1994 221     1    7.0   10.7   11.6    4.5    9.0   0.74   14.0    8.7   11.1   12.1    8.7   11.1   12.1   86.4    330
 1994 222     2    0.0   10.7   11.6   16.2   32.4   0.09   15.0    4.2    9.2   11.2    4.2    9.2   11.2   86.4    330
 1994 223     3    0.0   10.7   11.7   16.3   32.6   0.09   20.7    6.5   13.1   15.7    6.5   13.1   15.7   86.4    330
 1994 224     4    0.0   10.7   11.7   16.1   32.2   0.11   23.4    7.4   14.8   17.7    7.4   14.8   17.7   86.4    330
 1994 225     5    0.0   10.8   11.7   14.2   28.4   0.22   23.2    8.4   15.2   18.0    8.4   15.2   18.0   86.4    330
 1994 226     6    0.0   10.8   11.7    9.0   18.0   0.51   15.5    9.1   12.1   13.2    9.1   12.1   13.2   86.4    330
 1994 227     7    0.0   10.8   11.8    7.5   15.0   0.59   10.8    5.3    7.8    8.9    5.3    7.8    8.9   86.4    330
 1994 228     8    0.0   10.9   11.8   16.5   33.0   0.11   12.0    2.3    6.8    8.6    2.3    6.8    8.6   86.4    330
 1994 229     9    0.0   10.9   11.8   13.9   27.8   0.26   13.1    0.2    6.2    8.6    0.2    6.2    8.6   86.4    330
 1994 230    10    0.0   10.9   11.9   11.8   23.6   0.38   21.0    0.4   10.0   13.8    0.4   10.0   13.8   86.4    330
 1994 231    11    0.0   10.9   11.9    9.9   19.8   0.48   21.1   11.9   16.2   17.9   11.9   16.2   17.9   86.4    330
 1994 232    12    0.0   11.0   11.9    9.8   19.6   0.49   16.8   10.8   13.6   14.7   10.8   13.6   14.7   86.4    330
 1994 233    13    0.0   11.0   11.9    5.3   10.6   0.73   22.0   12.0   16.7   18.5   12.0   16.7   18.5   86.4    330
 1994 234    14    0.0   11.0   12.0    5.8   11.6   0.70   18.0    5.7   11.4   13.7    5.7   11.4   13.7   86.4    330
 1994 235    15    0.2   11.1   12.0   17.0   34.0   0.14   14.0    1.4    7.3    9.7    1.4    7.3    9.7   86.4    330
 1994 236    16    0.0   11.1   12.0   17.7   35.4   0.11   17.3    2.8    9.6   12.3    2.8    9.6   12.3   86.4    330
 1994 237    17    0.0   11.1   12.1    9.5   19.0   0.53   17.4    4.2   10.4   12.9    4.2   10.4   12.9   86.4    330
 1994 238    18    0.0   11.2   12.1   16.6   33.2   0.18   17.0    6.0   11.1   13.2    6.0   11.1   13.2   86.4    330
 1994 239    19    0.0   11.2   12.1   10.9   21.8   0.47   16.7    3.1    9.5   12.1    3.1    9.5   12.1   86.4    330
 1994 240    20   13.0   11.2   12.1    7.4   14.8   0.64   17.2   10.8   13.8   15.0   10.8   13.8   15.0   86.4    330
 1994 241    21    0.0   11.3   12.2    9.2   18.4   0.56   23.0   12.8   17.6   19.5   12.8   17.6   19.5   86.4    330
 1994 242    22    0.0   11.3   12.2    5.4   10.8   0.74   15.7   12.6   14.1   14.7   12.6   14.1   14.7   86.4    330
 1994 243    23    3.0   11.3   12.2    5.5   11.0   0.74   16.5   12.3   14.3   15.1   12.3   14.3   15.1   86.4    330
 1994 244    24   55.0   11.4   12.3    5.5   11.0   0.74   17.1    9.9   13.3   14.7    9.9   13.3   14.7   86.4    330
 1994 245    25    4.0   11.4   12.3    9.2   18.4   0.57   12.0    5.3    8.5    9.7    5.3    8.5    9.7   86.4    330
 1994 246    26    0.0   11.4   12.3   19.4   38.8   0.10   17.4    3.9   10.3   12.9    3.9   10.3   12.9   86.4    330
 1994 247    27    0.0   11.4   12.4   19.6   39.2   0.10   18.6    4.0   10.9   13.7    4.0   10.9   13.7   86.4    330
 1994 248    28    0.0   11.5   12.4   13.4   26.8   0.39   22.8    4.5   13.1   16.7    4.5   13.1   16.7   86.4    330
 1994 249    29    0.0   11.5   12.4   17.6   35.2   0.20   25.2   13.0   18.8   21.1   13.0   18.8   21.1   86.4    330
 1994 250    30    0.0   11.5   12.5   18.4   36.8   0.17   15.1    3.8    9.1   11.4    3.8    9.1   11.4   86.4    330
 1994 251    31    0.0   11.6   12.5   15.2   30.4   0.32   11.3    1.2    6.0    8.0    1.2    6.0    8.0   86.4    330
 1994 252    32    0.0   11.6   12.5   18.2   36.4   0.20   13.3    1.0    6.8    9.2    1.0    6.8    9.2   86.4    330
 1994 253    33    0.0   11.6   12.6   14.6   29.2   0.36   19.0    3.7   10.9   14.0    3.7   10.9   14.0   86.4    330
 1994 254    34    0.0   11.7   12.6   17.5   35.0   0.24   22.4   12.8   17.4   19.2   12.8   17.4   19.2   86.4    330
 1994 255    35    9.0   11.7   12.6    6.3   12.6   0.73   18.2   13.0   15.5   16.5   13.0   15.5   16.5   86.4    330
 1994 256    36    0.0   11.7   12.6   12.4   24.8   0.47   25.0   15.5   20.0   21.9   15.5   20.0   21.9   86.4    330
 1994 257    37    8.0   11.8   12.7    6.1   12.2   0.74   15.8   13.2   14.4   15.0   13.2   14.4   15.0   86.4    330
 1994 258    38    0.0   11.8   12.7   16.6   33.2   0.30   16.3    8.4   12.2   13.7    8.4   12.2   13.7   86.4    330
 1994 259    39    0.0   11.8   12.7   20.4   40.8   0.14   18.2    4.6   11.1   13.8    4.6   11.1   13.8   86.4    330
 1994 260    40    0.0   11.9   12.8   20.4   40.8   0.15   20.7    6.1   13.1   16.0    6.1   13.1   16.0   86.4    330
 1994 261    41    0.0   11.9   12.8   21.1   42.2   0.13   29.6   12.5   20.7   24.1   12.5   20.7   24.1   86.4    330
 1994 262    42    0.0   11.9   12.8   20.2   40.4   0.17   31.4   18.8   24.8   27.4   18.8   24.8   27.4   86.4    330
 1994 263    43    0.0   12.0   12.9   19.6   39.2   0.20   32.7   23.8   28.1   29.8   23.8   28.1   29.8   86.4    330
 1994 264    44    0.0   12.0   12.9   11.4   22.8   0.54   27.2   15.9   21.3   23.1   15.9   21.3   23.1   86.4    330
 1994 265    45    0.0   12.0   12.9   13.8   27.6   0.44   26.7   15.4   20.8   22.7   15.4   20.8   22.7   86.4    330
 1994 266    46    0.0   12.1   13.0   20.9   41.8   0.16   34.0   18.8   26.1   28.6   18.8   26.1   28.6   86.4    330
 1994 267    47   23.5   12.1   13.0    6.6   13.2   0.74   29.8   15.4   22.3   24.7   15.4   22.3   24.7   86.4    330
 1994 268    48    0.0   12.1   13.0    8.8   17.6   0.65   15.3    9.4   12.2   13.2    9.4   12.2   13.2   86.4    330
 1994 269    49    0.0   12.2   13.1   23.4   46.8   0.08   20.9    6.5   13.4   15.8    6.5   13.4   15.8   86.4    330
 1994 270    50    0.0   12.2   13.1   23.4   46.8   0.09   17.2    3.1    9.9   12.2    3.1    9.9   12.2   86.4    330
 1994 271    51    4.0   12.2   13.1   19.8   39.6   0.23   22.0    7.1   14.3   16.8    7.1   14.3   16.8   86.4    330
 1994 272    52    2.0   12.3   13.2    7.1   14.2   0.73   20.3   13.5   16.8   17.9   13.5   16.8   17.9   86.4    330
 1994 273    53    0.0   12.3   13.2   17.5   35.0   0.33   20.8   13.1   16.8   18.1   13.1   16.8   18.1   86.4    330
 1994 274    54    0.0   12.3   13.2   15.1   30.2   0.43   21.4    9.2   15.1   17.1    9.2   15.1   17.1   86.4    330
 1994 275    55    5.0   12.4   13.3   19.6   39.2   0.26   23.9   13.0   18.3   20.1   13.0   18.3   20.1   86.4    330
 1994 276    56    0.0   12.4   13.3   17.9   35.8   0.33   22.3   13.3   17.7   19.2   13.3   17.7   19.2   86.4    330
 1994 277    57    0.0   12.4   13.4    7.0   14.0   0.74   16.9   12.1   14.4   15.2   12.1   14.4   15.2   86.4    330
 1994 278    58    0.0   12.5   13.4   15.8   31.6   0.41   21.8   12.2   16.9   18.5   12.2   16.9   18.5   86.4    330
 1994 279    59    0.0   12.5   13.4   22.3   44.6   0.18   22.9   11.4   17.0   18.9   11.4   17.0   18.9   86.4    330
 1994 280    60    0.0   12.5   13.5   20.4   40.8   0.25   24.0   13.6   18.7   20.4   13.6   18.7   20.4   86.4    330
 1994 281    61    0.0   12.6   13.5   11.9   23.8   0.57   25.8   15.0   20.3   22.1   15.0   20.3   22.1   86.4    330
 1994 282    62   20.0   12.6   13.5    7.4   14.8   0.73   21.1   17.3   19.2   19.8   17.3   19.2   19.8   86.4    330
 1994 283    63    0.0   12.6   13.6    7.3   14.6   0.74   19.0   12.1   15.5   16.6   12.1   15.5   16.6   86.4    330
 1994 284    64   22.0   12.7   13.6   15.8   31.6   0.43   20.2   11.4   15.7   17.2   11.4   15.7   17.2   86.4    330
 1994 285    65   47.0   12.7   13.6    7.4   14.8   0.74   18.1   14.6   16.3   16.9   14.6   16.3   16.9   86.4    330
 1994 286    66    0.0   12.7   13.7   24.5   49.0   0.13   22.1   15.0   18.5   19.7   15.0   18.5   19.7   86.4    330
 1994 287    67    0.0   12.8   13.7   25.9   51.8   0.08   23.0   11.4   17.1   19.1   11.4   17.1   19.1   86.4    330
 1994 288    68    0.0   12.8   13.7   25.2   50.4   0.11   28.2   14.3   21.1   23.5   14.3   21.1   23.5   86.4    330
 1994 289    69   47.0   12.8   13.8   17.9   35.8   0.37   30.1   13.4   21.6   24.5   13.4   21.6   24.5   86.4    330
 1994 290    70    0.0   12.9   13.8    7.6   15.2   0.73   18.2   14.3   16.2   16.9   14.3   16.2   16.9   86.4    330
 1994 291    71    0.0   12.9   13.8   17.1   34.2   0.41   21.0   10.7   15.8   17.6   10.7   15.8   17.6   86.4    330
 1994 292    72    3.0   12.9   13.9    7.7   15.4   0.73   19.9   11.9   15.8   17.2   11.9   15.8   17.2   86.4    330
 1994 293    73    0.0   12.9   13.9   24.0   48.0   0.17   23.1   11.7   17.3   19.3   11.7   17.3   19.3   86.4    330
 1994 294    74    0.0   13.0   13.9   22.0   44.0   0.25   24.0   14.0   18.9   20.7   14.0   18.9   20.7   86.4    330
 1994 295    75    0.0   13.0   14.0   18.9   37.8   0.35   23.6   11.1   17.3   19.5   11.1   17.3   19.5   86.4    330
 1994 296    76    9.0   13.0   14.0    7.8   15.6   0.73   17.4   13.1   15.2   16.0   13.1   15.2   16.0   86.4    330
 1994 297    77    0.0   13.1   14.0    9.5   19.0   0.68   20.0   14.1   17.0   18.1   14.1   17.0   18.1   86.4    330
 1994 298    78    0.0   13.1   14.0   23.1   46.2   0.22   22.1   13.1   17.6   19.1   13.1   17.6   19.1   86.4    330
 1994 299    79    0.0   13.1   14.1   24.8   49.6   0.17   24.7   11.7   18.1   20.4   11.7   18.1   20.4   86.4    330
 1994 300    80    0.0   13.2   14.1   27.1   54.2   0.09   23.2   11.9   17.5   19.5   11.9   17.5   19.5   86.4    330
 1994 301    81    0.0   13.2   14.1   24.1   48.2   0.20   16.2    5.2   10.7   12.6    5.2   10.7   12.6   86.4    330
 1994 302    82    0.0   13.2   14.2   27.1   54.2   0.10   16.0    2.4    9.2   11.6    2.4    9.2   11.6   86.4    330
 1994 303    83   31.0   13.2   14.2    8.1   16.2   0.73   18.7    5.9   12.3   14.5    5.9   12.3   14.5   86.4    330
 1994 304    84   13.0   13.3   14.2    8.1   16.2   0.73   20.6   15.3   17.9   18.9   15.3   17.9   18.9   86.4    330
 1994 305    85    0.0   13.3   14.3   22.5   45.0   0.26   23.2   14.2   18.7   20.3   14.2   18.7   20.3   86.4    330
 1994 306    86    0.0   13.3   14.3   28.6   57.2   0.06   26.8   12.8   19.8   22.3   12.8   19.8   22.3   86.4    330
 1994 307    87    0.0   13.4   14.3   27.8   55.6   0.09   27.4   13.3   20.3   22.9   13.3   20.3   22.9   86.4    330
 1994 308    88   10.0   13.4   14.4   16.4   32.8   0.47   26.8   13.6   20.2   22.6   13.6   20.2   22.6   86.4    330
 1994 309    89    0.0   13.4   14.4   22.3   44.6   0.28   26.0   17.1   21.5   23.1   17.1   21.5   23.1   86.4    330
 1994 310    90    0.0   13.4   14.4   27.3   54.6   0.12   23.0   12.6   17.8   19.7   12.6   17.8   19.7   86.4    330
 1994 311    91    0.0   13.5   14.4   28.3   56.6   0.09   25.5   10.1   17.8   20.6   10.1   17.8   20.6   86.4    330
 1994 312    92    0.0   13.5   14.5   17.0   34.0   0.45   27.4   16.1   21.8   23.8   16.1   21.8   23.8   86.4    330
 1994 313    93    0.0   13.5   14.5   30.2   60.4   0.03   22.8   14.6   18.7   20.2   14.6   18.7   20.2   86.4    330
 1994 314    94    0.0   13.5   14.5   15.6   31.2   0.50   22.5   11.3   16.9   18.9   11.3   16.9   18.9   86.4    330
 1994 315    95    0.0   13.6   14.5   23.4   46.8   0.25   26.0   12.3   19.2   21.6   12.3   19.2   21.6   86.4    330
 1994 316    96    0.0   13.6   14.6   18.2   36.4   0.42   26.5   17.1   21.8   23.5   17.1   21.8   23.5   86.4    330
 1994 317    97    0.0   13.6   14.6   24.0   48.0   0.24   26.7   16.0   21.4   23.3   16.0   21.4   23.3   86.4    330
 1994 318    98   18.0   13.6   14.6   22.7   45.4   0.28   28.2   16.9   22.6   24.6   16.9   22.6   24.6   86.4    330
 1994 319    99    0.0   13.6   14.7   16.4   32.8   0.48   26.3   19.2   22.8   24.1   19.2   22.8   24.1   86.4    330
 1994 320   100    0.0   13.7   14.7   19.5   39.0   0.39   28.0   16.9   22.5   24.5   16.9   22.5   24.5   86.4    330
 1994 321   101    0.0   13.7   14.7   15.5   31.0   0.51   20.4   10.3   15.4   17.2   10.3   15.4   17.2   86.4    330
 1994 322   102    0.0   13.7   14.7   29.7   59.4   0.07   22.8    7.9   15.4   18.1    7.9   15.4   18.1   86.4    330
 1994 323   103    0.0   13.7   14.7   29.1   58.2   0.09   23.8    9.6   16.8   19.4    9.6   16.8   19.4   86.4    330
 1994 324   104    0.0   13.8   14.8   29.3   58.6   0.08   22.4   10.0   16.2   18.5   10.0   16.2   18.5   86.4    330
 1994 325   105    0.0   13.8   14.8   30.0   60.0   0.06   24.6    9.9   17.3   20.0    9.9   17.3   20.0   86.4    330
 1994 326   106    0.0   13.8   14.8   29.2   58.4   0.09   26.9   10.6   18.8   21.8   10.6   18.8   21.8   86.4    330
 1994 327   107    0.0   13.8   14.8   27.8   55.6   0.14   27.0   12.1   19.6   22.4   12.1   19.6   22.4   86.4    330
 1994 328   108    0.0   13.8   14.9   30.5   61.0   0.05   29.4   12.6   21.1   24.2   12.6   21.1   24.2   86.4    330
 1994 329   109    0.0   13.8   14.9   28.7   57.4   0.11   32.0   15.4   23.8   26.8   15.4   23.8   26.8   86.4    330
 1994 330   110    0.0   13.9   14.9   10.5   21.0   0.68   21.4   15.2   18.3   19.5   15.2   18.3   19.5   86.4    330
 1994 331   111    0.0   13.9   14.9   30.9   61.8   0.05   25.2   10.4   17.9   20.6   10.4   17.9   20.6   86.4    330
 1994 332   112   10.2   13.9   14.9    8.9   17.8   0.73   20.3   13.5   16.9   18.2   13.5   16.9   18.2   86.4    330
 1994 333   113    0.0   13.9   15.0   28.4   56.8   0.13   23.5   13.9   18.8   20.5   13.9   18.8   20.5   86.4    330
 1994 334   114    0.0   13.9   15.0   31.0   62.0   0.05   31.0   13.3   22.3   25.5   13.3   22.3   25.5   86.4    330
 1994 335   115    0.0   13.9   15.0   30.6   61.2   0.06   32.0   16.1   24.2   27.1   16.1   24.2   27.1   86.4    330
 1994 336   116   18.0   13.9   15.0   14.8   29.6   0.55   31.6   17.6   24.7   27.3   17.6   24.7   27.3   86.4    330
 1994 337   117   15.0   14.0   15.0    9.0   18.0   0.72   20.5   15.9   18.2   19.1   15.9   18.2   19.1   86.4    330
 1994 338   118    0.0   14.0   15.0   23.8   47.6   0.27   22.0   11.9   17.0   18.9   11.9   17.0   18.9   86.4    330
 1994 339   119    0.0   14.0   15.0   29.6   59.2   0.09   24.9   10.1   17.6   20.3   10.1   17.6   20.3   86.4    330
 1994 340   120    0.0   14.0   15.1   30.3   60.6   0.07   28.6   13.1   21.0   23.8   13.1   21.0   23.8   86.4    330
 1994 341   121    0.0   14.0   15.1   31.6   63.2   0.04   28.0   15.6   21.9   23.7   15.6   21.9   23.7   86.4    330
 1994 342   122    0.0   14.0   15.1   30.3   60.6   0.08   30.0   14.5   22.4   24.6   14.5   22.4   24.6   86.4    330
 1994 343   123    0.0   14.0   15.1   29.3   58.6   0.11   35.4   16.1   25.9   28.7   16.1   25.9   28.7   86.4    330
 1994 344   124    0.0   14.0   15.1   30.2   60.4   0.08   35.4   20.0   27.8   30.1   20.0   27.8   30.1   86.4    330
 1994 345   125    0.0   14.0   15.1   20.7   41.4   0.37   36.4   21.7   29.2   31.3   21.7   29.2   31.3   86.4    330
 1994 346   126    2.0   14.0   15.1   20.5   41.0   0.38   36.9   22.8   30.0   32.0   22.8   30.0   32.0   86.4    330
 1994 347   127   11.0   14.0   15.1   12.1   24.2   0.63   30.8   20.9   25.9   27.4   20.9   25.9   27.4   86.4    330
 1994 348   128    0.0   14.1   15.1   12.5   25.0   0.62   28.9   20.4   24.7   26.0   20.4   24.7   26.0   86.4    330
 1994 349   129    0.0   14.1   15.1   29.6   59.2   0.10   30.0   17.3   23.8   25.6   17.3   23.8   25.6   86.4    330
 1994 350   130    4.0   14.1   15.1   11.7   23.4   0.64   27.1   17.9   22.6   23.9   17.9   22.6   23.9   86.4    330
 1994 351   131    0.0   14.1   15.1   30.5   61.0   0.07   28.0   16.6   22.4   24.1   16.6   22.4   24.1   86.4    330
 1994 352   132    0.0   14.1   15.2   31.9   63.8   0.03   25.1   12.2   18.8   20.6   12.2   18.8   20.6   86.4    330
 1994 353   133    0.0   14.1   15.2   24.4   48.8   0.26   27.4   15.5   21.6   23.3   15.5   21.6   23.3   86.4    330
 1994 354   134    0.0   14.1   15.2   27.5   55.0   0.17   29.7   17.0   23.5   25.3   17.0   23.5   25.3   86.4    330
 1994 355   135    0.0   14.1   15.2   24.9   49.8   0.24   29.0   18.9   24.0   25.5   18.9   24.0   25.5   86.4    330
 1994 356   136    0.0   14.1   15.2   23.9   47.8   0.27   30.9   16.1   23.6   25.8   16.1   23.6   25.8   86.4    330
 1994 357   137    0.0   14.1   15.2   29.9   59.8   0.09   32.6   18.7   25.8   27.8   18.7   25.8   27.8   86.4    330
 1994 358   138    0.0   14.1   15.2   26.1   52.2   0.21   33.9   18.8   26.5   28.7   18.8   26.5   28.7   86.4    330
 1994 359   139    0.0   14.1   15.2   29.7   59.4   0.10   35.1   21.1   28.2   30.3   21.1   28.2   30.3   86.4    330
 1994 360   140    0.0   14.1   15.2   28.5   57.0   0.13   31.5   18.5   25.1   27.0   18.5   25.1   27.0   86.4    330
 1994 361   141    0.0   14.1   15.2   24.9   49.8   0.24   32.2   17.8   25.1   27.2   17.8   25.1   27.2   86.4    330
 1994 362   142    0.0   14.1   15.1   17.7   35.4   0.46   33.2   20.0   26.7   28.6   20.0   26.7   28.6   86.4    330
 1994 363   143    0.0   14.0   15.1   27.4   54.8   0.17   32.9   20.6   26.9   28.6   20.6   26.9   28.6   86.4    330
 1994 364   144    0.0   14.0   15.1   26.2   52.4   0.20   32.1   22.2   27.2   28.7   22.2   27.2   28.7   86.4    330
 1994 365   145    0.0   14.0   15.1   29.1   58.2   0.11   33.2   18.6   26.0   28.1   18.6   26.0   28.1   86.4    330
 1995 001   146    0.0   14.0   15.1   30.6   61.2   0.07   35.9   20.7   28.4   30.6   20.7   28.4   30.6   86.4    330
 1995 002   147    0.0   14.0   15.1   24.6   49.2   0.25   36.0   21.8   29.0   31.1   21.8   29.0   31.1   86.4    330
 1995 003   148    0.0   14.0   15.1   25.8   51.6   0.21   34.8   21.6   28.3   30.2   21.6   28.3   30.2   86.4    330
 1995 004   149   23.0   14.0   15.1   21.0   42.0   0.36   33.3   20.8   27.1   29.0   20.8   27.1   29.0   86.4    330
 1995 005   150    0.0   14.0   15.1   25.3   50.6   0.23   32.3   21.5   27.0   29.0   21.5   27.0   29.0   86.4    330
 1995 006   151    0.0   14.0   15.1   27.0   54.0   0.17   30.4   19.0   24.8   26.9   19.0   24.8   26.9   86.4    330
 1995 007   152    0.0   14.0   15.1   31.6   63.2   0.03   32.2   15.5   24.0   27.1   15.5   24.0   27.1   86.4    330
 1995 008   153   10.0   14.0   15.0   20.2   40.4   0.38   33.5   20.2   26.9   29.4   20.2   26.9   29.4   86.4    330
 1995 009   154    0.0   13.9   15.0   15.0   30.0   0.54   24.2   15.5   19.9   21.5   15.5   19.9   21.5   86.4    330
 1995 010   155    0.0   13.9   15.0   29.2   58.4   0.10   24.5   12.0   18.3   20.6   12.0   18.3   20.6   86.4    330
 1995 011   156    0.0   13.9   15.0   16.7   33.4   0.49   24.4   14.8   19.7   21.4   14.8   19.7   21.4   86.4    330
 1995 012   157    0.0   13.9   15.0   24.8   49.6   0.24   28.4   11.8   20.2   23.3   11.8   20.2   23.3   86.4    330
 1995 013   158    0.0   13.9   15.0   20.1   40.2   0.38   30.2   17.8   24.1   26.4   17.8   24.1   26.4   86.4    330

*DSSAT Cropping System Model Ver. 4.0.2.000               Aug 11, 2016; 21:02:07

*RUN   4        : UYMZ                    
 MODEL          : MZCER040 - Maize           
 EXPERIMENT     : UYMZ0189 MZ    late to create DSS                             
 TREATMENT  1   : UYMZ                    

@YEAR DOY   DAS   PRED   DYLD   TWLD   SRAD   PARD   CLDD   TMXD   TMND   TAVD   TDYD   TDWD   TGAD   TGRD   WDSD   CO2D
 1995 220     0    0.0   10.6   11.6   15.6   31.2   0.11   18.1    0.6    8.7   11.8    0.6    8.7   11.8   86.4    330
 1995 221     1    0.0   10.7   11.6    6.2   12.4   0.65   15.2    5.5   10.0   11.7    5.5   10.0   11.7   86.4    330
 1995 222     2    0.0   10.7   11.6   13.8   27.6   0.22   12.4   -0.3    5.6    7.9   -0.3    5.6    7.9   86.4    330
 1995 223     3    0.0   10.7   11.7    4.6    9.2   0.74   11.5    4.8    7.9    9.1    4.8    7.9    9.1   86.4    330
 1995 224     4    0.0   10.7   11.7   11.5   23.0   0.36   21.5   11.2   16.0   17.8   11.2   16.0   17.8   86.4    330
 1995 225     5    0.0   10.8   11.7    5.6   11.2   0.69   24.0   13.0   18.1   20.1   13.0   18.1   20.1   86.4    330
 1995 226     6    0.0   10.8   11.7    4.7    9.4   0.74   20.0   13.5   16.5   17.7   13.5   16.5   17.7   86.4    330
 1995 227     7    0.0   10.8   11.8   13.5   27.0   0.27   13.6    3.6    8.2   10.1    3.6    8.2   10.1   86.4    330
 1995 228     8    0.0   10.9   11.8   14.8   29.6   0.21   11.1    1.7    6.1    7.8    1.7    6.1    7.8   86.4    330
 1995 229     9    0.0   10.9   11.8    7.5   15.0   0.60   10.5    0.6    5.2    7.0    0.6    5.2    7.0   86.4    330
 1995 230    10    0.0   10.9   11.9   14.3   28.6   0.25   12.0    2.3    6.8    8.6    2.3    6.8    8.6   86.4    330
 1995 231    11    0.0   10.9   11.9   16.4   32.8   0.14   13.2   -0.7    5.8    8.4   -0.7    5.8    8.4   86.4    330
 1995 232    12    0.0   11.0   11.9   15.8   31.6   0.18   15.0   -1.1    6.4    9.4   -1.1    6.4    9.4   86.4    330
 1995 233    13    0.0   11.0   11.9   11.1   22.2   0.43   19.7    3.2   10.9   14.0    3.2   10.9   14.0   86.4    330
 1995 234    14    0.0   11.0   12.0   16.6   33.2   0.15   23.0    6.3   14.1   17.2    6.3   14.1   17.2   86.4    330
 1995 235    15    0.0   11.1   12.0   16.7   33.4   0.15   31.8   14.3   22.5   25.8   14.3   22.5   25.8   86.4    330
 1995 236    16    0.0   11.1   12.0   14.6   29.2   0.27   30.4   19.3   24.5   26.6   19.3   24.5   26.6   86.4    330
 1995 237    17    0.0   11.1   12.1    8.7   17.4   0.57   29.0   18.3   23.3   25.3   18.3   23.3   25.3   86.4    330
 1995 238    18    0.0   11.2   12.1   11.7   23.4   0.42   30.4   18.3   24.0   26.3   18.3   24.0   26.3   86.4    330
 1995 239    19    0.0   11.2   12.1   12.2   24.4   0.40   28.3   15.2   21.3   23.8   15.2   21.3   23.8   86.4    330
 1995 240    20    0.0   11.2   12.1    7.9   15.8   0.62   20.0   13.4   16.5   17.8   13.4   16.5   17.8   86.4    330
 1995 241    21    0.0   11.3   12.2    6.5   13.0   0.69   24.6    9.7   16.7   19.5    9.7   16.7   19.5   86.4    330
 1995 242    22    0.0   11.3   12.2   17.5   35.0   0.16   20.0   11.0   15.2   17.0   11.0   15.2   17.0   86.4    330
 1995 243    23    0.0   11.3   12.2   12.2   24.4   0.42   25.3    9.4   16.9   19.9    9.4   16.9   19.9   86.4    330
 1995 244    24    0.0   11.4   12.3   13.1   26.2   0.38   20.6    6.0   12.9   15.7    6.0   12.9   15.7   86.4    330
 1995 245    25    0.0   11.4   12.3   19.8   39.6   0.08   15.2    3.0    8.7   11.1    3.0    8.7   11.1   86.4    330
 1995 246    26    0.0   11.4   12.3   18.6   37.2   0.14   18.1    1.6    9.4   12.6    1.6    9.4   12.6   86.4    330
 1995 247    27    0.0   11.4   12.4   14.8   29.6   0.32   22.2    7.0   14.2   17.1    7.0   14.2   17.1   86.4    330
 1995 248    28    0.0   11.5   12.4   18.0   36.0   0.18   28.8   13.6   20.8   23.7   13.6   20.8   23.7   86.4    330
 1995 249    29    0.0   11.5   12.4   19.6   39.2   0.11   30.8   14.2   22.0   25.3   14.2   22.0   25.3   86.4    330
 1995 250    30    0.0   11.5   12.5   19.1   38.2   0.14   32.0   13.6   22.3   25.9   13.6   22.3   25.9   86.4    330
 1995 251    31   29.0   11.6   12.5    8.0   16.0   0.64   24.3   15.8   19.8   21.5   15.8   19.8   21.5   86.4    330
 1995 252    32   12.5   11.6   12.5    5.9   11.8   0.74   18.4   12.9   15.5   16.6   12.9   15.5   16.6   86.4    330
 1995 253    33    5.0   11.6   12.6    5.9   11.8   0.74   16.9   12.9   14.8   15.6   12.9   14.8   15.6   86.4    330
 1995 254    34    0.0   11.7   12.6   12.1   24.2   0.47   20.0    9.1   14.3   16.4    9.1   14.3   16.4   86.4    330
 1995 255    35    0.2   11.7   12.6   20.2   40.4   0.13   12.3    3.3    7.6    9.4    3.3    7.6    9.4   86.4    330
 1995 256    36   27.0   11.7   12.6    6.1   12.2   0.74   10.1    7.5    8.7    9.3    7.5    8.7    9.3   86.4    330
 1995 257    37    0.0   11.8   12.7    7.5   15.0   0.68   13.9    7.4   10.5   11.8    7.4   10.5   11.8   86.4    330
 1995 258    38    0.0   11.8   12.7   20.0   40.0   0.15   19.0    6.6   12.5   15.0    6.6   12.5   15.0   86.4    330
 1995 259    39    0.0   11.8   12.7   21.5   43.0   0.10   21.8    7.4   14.3   17.1    7.4   14.3   17.1   86.4    330
 1995 260    40    0.0   11.9   12.8   18.9   37.8   0.21   26.0    8.8   17.0   20.4    8.8   17.0   20.4   86.4    330
 1995 261    41    0.0   11.9   12.8   21.1   42.2   0.13   24.4    8.6   16.1   19.3    8.6   16.1   19.3   86.4    330
 1995 262    42    0.0   11.9   12.8   19.1   38.2   0.22   13.8    5.5    9.5   11.1    5.5    9.5   11.1   86.4    330
 1995 263    43    0.0   12.0   12.9   21.3   42.6   0.13   14.1    1.5    7.5   10.1    1.5    7.5   10.1   86.4    330
 1995 264    44    0.0   12.0   12.9   21.4   42.8   0.13   18.0    3.1   10.2   12.7    3.1   10.2   12.7   86.4    330
 1995 265    45    4.0   12.0   12.9    6.5   13.0   0.74   14.5    8.1   11.2   12.2    8.1   11.2   12.2   86.4    330
 1995 266    46    0.0   12.1   13.0   14.5   29.0   0.42   17.9    8.9   13.2   14.7    8.9   13.2   14.7   86.4    330
 1995 267    47    0.0   12.1   13.0   18.9   37.8   0.25   22.2    8.1   14.9   17.2    8.1   14.9   17.2   86.4    330
 1995 268    48    4.0   12.1   13.0   19.8   39.6   0.22   23.3    9.0   15.9   18.2    9.0   15.9   18.2   86.4    330
 1995 269    49    0.0   12.2   13.1   18.9   37.8   0.26   23.0   12.9   17.8   19.4   12.9   17.8   19.4   86.4    330
 1995 270    50    0.0   12.2   13.1   10.4   20.8   0.60   17.6    8.3   12.8   14.3    8.3   12.8   14.3   86.4    330
 1995 271    51    0.0   12.2   13.1    6.9   13.8   0.73   15.2    7.9   11.4   12.6    7.9   11.4   12.6   86.4    330
 1995 272    52    1.8   12.3   13.2    6.8   13.6   0.74   13.7   11.1   12.4   12.8   11.1   12.4   12.8   86.4    330
 1995 273    53    0.0   12.3   13.2   17.5   35.0   0.33   19.4   11.4   15.3   16.6   11.4   15.3   16.6   86.4    330
 1995 274    54    0.0   12.3   13.2   17.6   35.2   0.33   20.8    8.5   14.4   16.5    8.5   14.4   16.5   86.4    330
 1995 275    55    0.0   12.4   13.3    6.9   13.8   0.74   22.5   12.8   17.5   19.1   12.8   17.5   19.1   86.4    330
 1995 276    56   44.0   12.4   13.3    7.0   14.0   0.74   18.0   12.6   15.2   16.1   12.6   15.2   16.1   86.4    330
 1995 277    57    5.0   12.4   13.4   11.5   23.0   0.57   22.0   14.2   18.0   19.3   14.2   18.0   19.3   86.4    330
 1995 278    58    0.0   12.5   13.4    8.4   16.8   0.69   21.8   15.4   18.5   19.6   15.4   18.5   19.6   86.4    330
 1995 279    59    9.0   12.5   13.4   12.4   24.8   0.54   23.8   16.5   20.0   21.3   16.5   20.0   21.3   86.4    330
 1995 280    60    0.0   12.5   13.5   20.3   40.6   0.25   22.6   13.6   18.0   19.5   13.6   18.0   19.5   86.4    330
 1995 281    61    3.0   12.6   13.5   24.0   48.0   0.12   21.1   10.7   15.8   17.5   10.7   15.8   17.5   86.4    330
 1995 282    62    0.0   12.6   13.5   24.9   49.8   0.10   18.3    7.8   12.9   14.7    7.8   12.9   14.7   86.4    330
 1995 283    63    0.0   12.6   13.6   25.7   51.4   0.07   20.2    7.1   13.5   15.7    7.1   13.5   15.7   86.4    330
 1995 284    64    0.0   12.7   13.6   22.8   45.6   0.18   22.0    7.2   14.4   17.0    7.2   14.4   17.0   86.4    330
 1995 285    65   12.0   12.7   13.6    7.4   14.8   0.74   16.8   11.5   14.1   15.0   11.5   14.1   15.0   86.4    330
 1995 286    66    0.0   12.7   13.7   21.4   42.8   0.24   15.0    6.9   10.9   12.3    6.9   10.9   12.3   86.4    330
 1995 287    67    0.0   12.8   13.7   25.9   51.8   0.08   20.9    4.4   12.5   15.3    4.4   12.5   15.3   86.4    330
 1995 288    68    0.0   12.8   13.7   25.8   51.6   0.09   26.3    9.7   17.8   20.7    9.7   17.8   20.7   86.4    330
 1995 289    69    0.0   12.8   13.8   25.6   51.2   0.10   23.0    9.9   16.3   18.6    9.9   16.3   18.6   86.4    330
 1995 290    70    0.0   12.9   13.8   16.6   33.2   0.42   19.0    6.0   12.4   14.6    6.0   12.4   14.6   86.4    330
 1995 291    71    0.0   12.9   13.8   26.3   52.6   0.09   22.2    7.1   14.5   17.2    7.1   14.5   17.2   86.4    330
 1995 292    72    0.0   12.9   13.9   19.2   38.4   0.34   22.8    8.3   15.4   18.0    8.3   15.4   18.0   86.4    330
 1995 293    73    0.0   12.9   13.9   25.2   50.4   0.13   22.1    8.8   15.3   17.7    8.8   15.3   17.7   86.4    330
 1995 294    74    0.0   13.0   13.9   25.7   51.4   0.12   23.0    6.0   14.4   17.4    6.0   14.4   17.4   86.4    330
 1995 295    75    0.0   13.0   14.0   26.9   53.8   0.08   26.1   11.1   18.5   21.1   11.1   18.5   21.1   86.4    330
 1995 296    76    0.0   13.0   14.0   26.2   52.4   0.11   30.1   12.8   21.3   24.4   12.8   21.3   24.4   86.4    330
 1995 297    77    0.0   13.1   14.0   24.8   49.6   0.16   31.0   15.2   23.0   25.8   15.2   23.0   25.8   86.4    330
 1995 298    78   34.0   13.1   14.0   10.3   20.6   0.65   24.7   18.1   21.4   22.5   18.1   21.4   22.5   86.4    330
 1995 299    79   13.0   13.1   14.1    7.9   15.8   0.73   18.3   10.8   14.5   15.8   10.8   14.5   15.8   86.4    330
 1995 300    80    2.0   13.2   14.1   11.4   22.8   0.62   14.4    9.1   11.7   12.7    9.1   11.7   12.7   86.4    330
 1995 301    81    0.0   13.2   14.1   27.5   55.0   0.08   18.0    5.8   11.9   14.0    5.8   11.9   14.0   86.4    330
 1995 302    82    0.0   13.2   14.2   27.5   55.0   0.09   17.4    5.3   11.3   13.5    5.3   11.3   13.5   86.4    330
 1995 303    83    0.0   13.2   14.2   27.7   55.4   0.08   19.7    6.2   12.9   15.3    6.2   12.9   15.3   86.4    330
 1995 304    84    0.0   13.3   14.2   27.8   55.6   0.08   23.8   10.1   16.9   19.4   10.1   16.9   19.4   86.4    330
 1995 305    85    0.0   13.3   14.3   27.9   55.8   0.08   27.0   12.1   19.5   22.2   12.1   19.5   22.2   86.4    330
 1995 306    86    0.0   13.3   14.3   27.8   55.6   0.09   28.2   14.7   21.4   23.8   14.7   21.4   23.8   86.4    330
 1995 307    87    0.0   13.4   14.3   27.3   54.6   0.11   30.1   15.7   22.9   25.5   15.7   22.9   25.5   86.4    330
 1995 308    88    0.0   13.4   14.4   27.9   55.8   0.09   33.0   18.1   25.5   28.2   18.1   25.5   28.2   86.4    330
 1995 309    89    0.0   13.4   14.4   28.2   56.4   0.08   33.2   21.0   27.1   29.3   21.0   27.1   29.3   86.4    330
 1995 310    90    2.0   13.4   14.4   18.7   37.4   0.39   31.5   19.5   25.5   27.7   19.5   25.5   27.7   86.4    330
 1995 311    91    0.0   13.5   14.4    8.4   16.8   0.73   22.8   18.9   20.8   21.6   18.9   20.8   21.6   86.4    330
 1995 312    92   58.0   13.5   14.5    8.7   17.4   0.72   22.8   18.6   20.7   21.5   18.6   20.7   21.5   86.4    330
 1995 313    93    3.0   13.5   14.5    8.8   17.6   0.72   24.1   18.0   21.1   22.2   18.0   21.1   22.2   86.4    330
 1995 314    94    0.0   13.5   14.5   21.6   43.2   0.31   23.1   14.8   19.0   20.5   14.8   19.0   20.5   86.4    330
 1995 315    95    0.0   13.6   14.5   27.1   54.2   0.14   25.0   11.8   18.4   20.8   11.8   18.4   20.8   86.4    330
 1995 316    96    0.0   13.6   14.6   18.5   37.0   0.41   22.4   11.7   17.1   19.0   11.7   17.1   19.0   86.4    330
 1995 317    97    0.0   13.6   14.6   26.9   53.8   0.15   24.8   11.7   18.3   20.7   11.7   18.3   20.7   86.4    330
 1995 318    98    0.0   13.6   14.6   23.5   47.0   0.26   25.8   15.8   20.8   22.6   15.8   20.8   22.6   86.4    330
 1995 319    99    8.0   13.6   14.7   21.1   42.2   0.33   25.6   16.2   20.9   22.6   16.2   20.9   22.6   86.4    330
 1995 320   100   23.0   13.7   14.7   13.8   27.6   0.56   23.8   13.8   18.8   20.7   13.8   18.8   20.7   86.4    330
 1995 321   101    5.0   13.7   14.7   20.5   41.0   0.36   22.9   12.7   17.8   19.7   12.7   17.8   19.7   86.4    330
 1995 322   102    0.0   13.7   14.7   27.8   55.6   0.13   22.5   13.0   17.8   19.5   13.0   17.8   19.5   86.4    330
 1995 323   103    0.0   13.7   14.7   29.1   58.2   0.09   24.3   11.3   17.8   20.2   11.3   17.8   20.2   86.4    330
 1995 324   104    0.0   13.8   14.8   29.8   59.6   0.07   25.0   13.0   19.0   21.2   13.0   19.0   21.2   86.4    330
 1995 325   105    0.0   13.8   14.8   20.5   41.0   0.36   28.2   13.9   21.1   23.7   13.9   21.1   23.7   86.4    330
 1995 326   106    0.0   13.8   14.8   12.9   25.8   0.60   26.9   19.2   23.1   24.5   19.2   23.1   24.5   86.4    330
 1995 327   107    0.0   13.8   14.8   18.7   37.4   0.42   24.3   17.2   20.8   22.1   17.2   20.8   22.1   86.4    330
 1995 328   108    0.0   13.8   14.9   22.6   45.2   0.30   25.1   13.8   19.5   21.6   13.8   19.5   21.6   86.4    330
 1995 329   109    0.0   13.8   14.9   22.3   44.6   0.31   26.0   12.2   19.2   21.7   12.2   19.2   21.7   86.4    330
 1995 330   110    0.0   13.9   14.9   27.1   54.2   0.16   28.6   17.5   23.1   25.2   17.5   23.1   25.2   86.4    330
 1995 331   111    0.0   13.9   14.9   28.8   57.6   0.11   20.1   12.3   16.2   17.7   12.3   16.2   17.7   86.4    330
 1995 332   112    0.0   13.9   14.9   30.1   60.2   0.07   24.4    7.4   16.0   19.1    7.4   16.0   19.1   86.4    330
 1995 333   113    0.0   13.9   15.0   31.0   62.0   0.05   27.0   12.8   20.0   22.6   12.8   20.0   22.6   86.4    330
 1995 334   114    2.0   13.9   15.0   28.8   57.6   0.11   32.1   13.3   22.8   26.3   13.3   22.8   26.3   86.4    330
 1995 335   115    0.0   13.9   15.0   12.7   25.4   0.61   26.8   18.1   22.5   24.1   18.1   22.5   24.1   86.4    330
 1995 336   116    0.0   13.9   15.0   22.6   45.2   0.31   29.8   17.6   23.8   26.0   17.6   23.8   26.0   86.4    330
 1995 337   117    0.0   14.0   15.0   27.9   55.8   0.14   29.5   16.2   22.9   25.4   16.2   22.9   25.4   86.4    330
 1995 338   118    0.0   14.0   15.0   30.3   60.6   0.07   31.0   16.3   23.8   26.5   16.3   23.8   26.5   86.4    330
 1995 339   119    0.0   14.0   15.0   27.0   54.0   0.17   32.7   17.2   25.1   27.9   17.2   25.1   27.9   86.4    330
 1995 340   120    0.0   14.0   15.1   30.3   60.6   0.07   33.4   18.3   26.0   28.8   18.3   26.0   28.8   86.4    330
 1995 341   121    0.0   14.0   15.1   23.0   46.0   0.30   33.8   14.2   24.1   27.0   14.2   24.1   27.0   86.4    330
 1995 342   122    0.0   14.0   15.1   30.3   60.6   0.08   23.7   13.4   18.6   20.1   13.4   18.6   20.1   86.4    330
 1995 343   123    0.0   14.0   15.1   31.2   62.4   0.05   25.5    8.4   17.1   19.6    8.4   17.1   19.6   86.4    330
 1995 344   124    0.0   14.0   15.1   31.2   62.4   0.05   29.5    9.5   19.7   22.6    9.5   19.7   22.6   86.4    330
 1995 345   125    0.0   14.0   15.1   25.3   50.6   0.23   30.9   10.8   21.0   23.9   10.8   21.0   23.9   86.4    330
 1995 346   126    0.0   14.0   15.1   31.4   62.8   0.04   26.4    9.2   17.9   20.4    9.2   17.9   20.4   86.4    330
 1995 347   127    0.0   14.0   15.1   31.1   62.2   0.05   32.0   11.5   21.9   24.9   11.5   21.9   24.9   86.4    330
 1995 348   128    0.0   14.1   15.1   30.6   61.2   0.07   29.7   13.3   21.6   24.0   13.3   21.6   24.0   86.4    330
 1995 349   129    0.0   14.1   15.1   28.9   57.8   0.12   32.9   10.1   21.7   25.0   10.1   21.7   25.0   86.4    330
 1995 350   130    0.0   14.1   15.1   26.3   52.6   0.20   37.2   18.4   28.0   30.7   18.4   28.0   30.7   86.4    330
 1995 351   131    0.0   14.1   15.1   31.2   62.4   0.05   34.7   16.8   25.9   28.5   16.8   25.9   28.5   86.4    330
 1995 352   132    0.0   14.1   15.2   28.8   57.6   0.13   38.3   20.8   29.7   32.3   20.8   29.7   32.3   86.4    330
 1995 353   133    0.0   14.1   15.2   31.4   62.8   0.05   33.4   18.9   26.3   28.4   18.9   26.3   28.4   86.4    330
 1995 354   134    0.0   14.1   15.2   31.4   62.8   0.05   34.9   14.3   24.8   27.8   14.3   24.8   27.8   86.4    330
 1995 355   135    2.5   14.1   15.2   24.2   48.4   0.27   36.3   22.1   29.3   31.4   22.1   29.3   31.4   86.4    330
 1995 356   136   29.1   14.1   15.2   18.8   37.6   0.43   29.2   20.0   24.7   26.0   20.0   24.7   26.0   86.4    330
 1995 357   137   65.0   14.1   15.2   10.2   20.4   0.69   22.7   19.5   21.1   21.6   19.5   21.1   21.6   86.4    330
 1995 358   138   22.0   14.1   15.2    9.3   18.6   0.72   23.4   20.0   21.7   22.2   20.0   21.7   22.2   86.4    330
 1995 359   139    0.0   14.1   15.2   10.9   21.8   0.67   25.5   18.1   21.9   22.9   18.1   21.9   22.9   86.4    330
 1995 360   140    0.0   14.1   15.2   31.9   63.8   0.03   27.6   16.0   21.9   23.6   16.0   21.9   23.6   86.4    330
 1995 361   141    0.0   14.1   15.2   31.1   62.2   0.05   27.0   14.6   20.9   22.7   14.6   20.9   22.7   86.4    330
 1995 362   142    0.0   14.1   15.1   31.4   62.8   0.05   27.9   14.8   21.5   23.4   14.8   21.5   23.4   86.4    330
 1995 363   143    0.0   14.0   15.1   30.7   61.4   0.07   29.0   15.1   22.2   24.2   15.1   22.2   24.2   86.4    330
 1995 364   144    0.0   14.0   15.1   31.3   62.6   0.05   28.9   14.9   22.0   24.1   14.9   22.0   24.1   86.4    330
 1995 365   145    0.0   14.0   15.1   29.6   59.2   0.10   28.0   15.0   21.6   23.5   15.0   21.6   23.5   86.4    330
 1996 001   146    0.0   14.0   15.1   31.3   62.6   0.05   29.4   14.0   21.8   24.1   14.0   21.8   24.1   86.4    330
 1996 002   147    0.0   14.0   15.1   31.3   62.6   0.05   33.0   17.6   25.4   27.7   17.6   25.4   27.7   86.4    330
 1996 003   148    0.0   14.0   15.1   30.4   60.8   0.07   35.0   20.9   28.1   30.1   20.9   28.1   30.1   86.4    330
 1996 004   149    9.0   14.0   15.1   15.9   31.8   0.51   28.2   21.9   25.1   26.0   21.9   25.1   26.0   86.4    330
 1996 005   150    0.0   14.0   15.1   29.6   59.2   0.10   28.7   19.2   24.0   25.8   19.2   24.0   25.8   86.4    330
 1996 006   151    0.0   14.0   15.1   31.5   63.0   0.04   26.0   14.6   20.4   22.5   14.6   20.4   22.5   86.4    330
 1996 007   152    0.0   14.0   15.1   31.3   62.6   0.04   28.5   12.9   20.8   23.7   12.9   20.8   23.7   86.4    330
 1996 008   153    0.0   14.0   15.0   31.3   62.6   0.04   29.2   15.1   22.2   24.9   15.1   22.2   24.9   86.4    330
 1996 009   154    0.0   13.9   15.0   21.9   43.8   0.33   29.6   15.8   22.8   25.3   15.8   22.8   25.3   86.4    330
 1996 010   155    0.0   13.9   15.0   30.6   61.2   0.06   33.2   16.9   25.2   28.2   16.9   25.2   28.2   86.4    330
 1996 011   156   21.0   13.9   15.0    9.7   19.4   0.70   25.9   18.3   22.1   23.6   18.3   22.1   23.6   86.4    330
 1996 012   157    0.0   13.9   15.0   27.0   54.0   0.17   29.1   20.0   24.6   26.3   20.0   24.6   26.3   86.4    330
 1996 013   158    0.0   13.9   15.0   22.0   44.0   0.32   30.1   18.1   24.2   26.4   18.1   24.2   26.4   86.4    330
 1996 014   159    0.0   13.9   15.0   30.4   60.8   0.06   26.7   14.5   20.7   22.9   14.5   20.7   22.9   86.4    330
